This file contains any messages produced by compilers while
running configure, to aid debugging if configure makes a mistake.

It was created by configure, which was
generated by GNU Autoconf 2.69.  Invocation command line was

  $ /d/gnu/gdb-13.1/intl/configure --srcdir=.././intl --cache-file=./config.cache --with-system-zlib --prefix=d:/usr --with-auto-load-dir=$debugdir;$datadir/../auto-load --with-auto-load-safe-path=$debugdir;$datadir/../auto-load --with-gdb-datadir=d:/usr/share/gdb/13.1 --with-python=d:/usr/Python344 --with-system-gdbinit=d:/usr/etc/gdbinit --enable-tui --with-system-zlib --enable-unit-tests --with-pkgversion=MinGW32 GDB --disable-shared --program-transform-name=s,y,y, --disable-option-checking --disable-year2038 --build=i686-pc-mingw32 --host=i686-pc-mingw32 --target=i686-pc-mingw32

## --------- ##
## Platform. ##
## --------- ##

hostname = home-c4e4a596f7
uname -m = i686
uname -r = 1.0.17(0.48/3/2)
uname -s = MINGW32_NT-5.1
uname -v = 2011-04-24 23:39

/usr/bin/uname -p = unknown
/bin/uname -X     = unknown

/bin/arch              = unknown
/usr/bin/arch -k       = unknown
/usr/convex/getsysinfo = unknown
/usr/bin/hostinfo      = unknown
/bin/machine           = unknown
/usr/bin/oslevel       = unknown
/bin/universe          = unknown

PATH: .
PATH: /usr/local/bin
PATH: /mingw/bin
PATH: /bin
PATH: /d/usr/Perl/site/bin
PATH: /d/usr/Perl/bin
PATH: /d/usr/bin
PATH: /c/Program Files/Windows Resource Kits/Tools
PATH: /c/WINDOWS/system32
PATH: /c/WINDOWS
PATH: /c/WINDOWS/System32/Wbem
PATH: /c/Program Files/Common Files/GTK/2.0/bin
PATH: /d/usr/Python344
PATH: /d/usr/Python344/Scripts
PATH: /d/usr/NcFTP
PATH: /d/usr/MS_SupportTools
PATH: /c/Program Files/Common Files/Aladdin Shared/eToken
PATH: /d/usr/Bazaar
PATH: /d/usr/SilkSVN/bin
PATH: /d/usr/Mercurial
PATH: /d/usr/GnuPG


## ----------- ##
## Core tests. ##
## ----------- ##

configure:2137: creating cache ./config.cache
configure:2224: checking for i686-pc-mingw32-gcc
configure:2251: result: gcc
configure:2520: checking for C compiler version
configure:2529: gcc --version >&5
gcc.exe (MinGW.org GCC Build-2) 9.2.0
Copyright (C) 2019 Free Software Foundation, Inc.
This is free software; see the source for copying conditions.  There is NO
warranty; not even for MERCHANTABILITY or FITNESS FOR A PARTICULAR PURPOSE.

configure:2540: $? = 0
configure:2529: gcc -v >&5
Using built-in specs.
COLLECT_GCC=d:\usr\bin\gcc.exe
COLLECT_LTO_WRAPPER=d:/usr/bin/../libexec/gcc/mingw32/9.2.0/lto-wrapper.exe
Target: mingw32
Configured with: ../src/gcc-9.2.0/configure --build=x86_64-pc-linux-gnu --host=mingw32 --target=mingw32 --disable-win32-registry --with-arch=i586 --with-tune=generic --enable-static --enable-shared --enable-threads --enable-languages=c,c++,objc,obj-c++,fortran,ada --with-dwarf2 --disable-sjlj-exceptions --enable-version-specific-runtime-libs --enable-libgomp --disable-libvtv --with-libiconv-prefix=/mingw --with-libintl-prefix=/mingw --enable-libstdcxx-debug --disable-build-format-warnings --prefix=/mingw --with-gmp=/mingw --with-mpfr=/mingw --with-mpc=/mingw --with-isl=/mingw --enable-nls --with-pkgversion='MinGW.org GCC Build-2'
Thread model: win32
gcc version 9.2.0 (MinGW.org GCC Build-2) 
configure:2540: $? = 0
configure:2529: gcc -V >&5
gcc.exe: error: unrecognized command line option '-V'
gcc.exe: fatal error: no input files
compilation terminated.
configure:2540: $? = 1
configure:2529: gcc -qversion >&5
gcc.exe: error: unrecognized command line option '-qversion'; did you mean '--version'?
gcc.exe: fatal error: no input files
compilation terminated.
configure:2540: $? = 1
configure:2560: checking whether the C compiler works
configure:2582: gcc -O2 -gdwarf-4 -g3       -Wl,--stack,12582912 conftest.c  >&5
configure:2586: $? = 0
configure:2634: result: yes
configure:2637: checking for C compiler default output file name
configure:2639: result: a.exe
configure:2645: checking for suffix of executables
configure:2652: gcc -o conftest.exe -O2 -gdwarf-4 -g3       -Wl,--stack,12582912 conftest.c  >&5
configure:2656: $? = 0
configure:2678: result: .exe
configure:2700: checking whether we are cross compiling
configure:2708: gcc -o conftest.exe -O2 -gdwarf-4 -g3       -Wl,--stack,12582912 conftest.c  >&5
configure:2712: $? = 0
configure:2719: ./conftest.exe
configure:2723: $? = 0
configure:2738: result: no
configure:2743: checking for suffix of object files
configure:2765: gcc -c -O2 -gdwarf-4 -g3      conftest.c >&5
configure:2769: $? = 0
configure:2790: result: o
configure:2794: checking whether we are using the GNU C compiler
configure:2813: gcc -c -O2 -gdwarf-4 -g3      conftest.c >&5
configure:2813: $? = 0
configure:2822: result: yes
configure:2831: checking whether gcc accepts -g
configure:2851: gcc -c -g  conftest.c >&5
configure:2851: $? = 0
configure:2892: result: yes
configure:2909: checking for gcc option to accept ISO C89
configure:2972: gcc  -c -O2 -gdwarf-4 -g3      conftest.c >&5
configure:2972: $? = 0
configure:2985: result: none needed
configure:3011: checking how to run the C preprocessor
configure:3042: gcc -E  conftest.c
configure:3042: $? = 0
configure:3056: gcc -E  conftest.c
conftest.c:9:10: fatal error: ac_nonexistent.h: No such file or directory
    9 | #include <ac_nonexistent.h>
      |          ^~~~~~~~~~~~~~~~~~
compilation terminated.
configure:3056: $? = 1
configure: failed program was:
| /* confdefs.h */
| #define PACKAGE_NAME ""
| #define PACKAGE_TARNAME ""
| #define PACKAGE_VERSION ""
| #define PACKAGE_STRING ""
| #define PACKAGE_BUGREPORT ""
| #define PACKAGE_URL ""
| /* end confdefs.h.  */
| #include <ac_nonexistent.h>
configure:3081: result: gcc -E
configure:3101: gcc -E  conftest.c
configure:3101: $? = 0
configure:3115: gcc -E  conftest.c
conftest.c:9:10: fatal error: ac_nonexistent.h: No such file or directory
    9 | #include <ac_nonexistent.h>
      |          ^~~~~~~~~~~~~~~~~~
compilation terminated.
configure:3115: $? = 1
configure: failed program was:
| /* confdefs.h */
| #define PACKAGE_NAME ""
| #define PACKAGE_TARNAME ""
| #define PACKAGE_VERSION ""
| #define PACKAGE_STRING ""
| #define PACKAGE_BUGREPORT ""
| #define PACKAGE_URL ""
| /* end confdefs.h.  */
| #include <ac_nonexistent.h>
configure:3144: checking for grep that handles long lines and -e
configure:3202: result: /bin/grep
configure:3207: checking for egrep
configure:3269: result: /bin/grep -E
configure:3274: checking for ANSI C header files
configure:3294: gcc -c -O2 -gdwarf-4 -g3      conftest.c >&5
configure:3294: $? = 0
configure:3367: gcc -o conftest.exe -O2 -gdwarf-4 -g3       -Wl,--stack,12582912 conftest.c  >&5
configure:3367: $? = 0
configure:3367: ./conftest.exe
configure:3367: $? = 0
configure:3378: result: yes
configure:3391: checking for sys/types.h
configure:3391: gcc -c -O2 -gdwarf-4 -g3      conftest.c >&5
configure:3391: $? = 0
configure:3391: result: yes
configure:3391: checking for sys/stat.h
configure:3391: gcc -c -O2 -gdwarf-4 -g3      conftest.c >&5
configure:3391: $? = 0
configure:3391: result: yes
configure:3391: checking for stdlib.h
configure:3391: gcc -c -O2 -gdwarf-4 -g3      conftest.c >&5
configure:3391: $? = 0
configure:3391: result: yes
configure:3391: checking for string.h
configure:3391: gcc -c -O2 -gdwarf-4 -g3      conftest.c >&5
configure:3391: $? = 0
configure:3391: result: yes
configure:3391: checking for memory.h
configure:3391: gcc -c -O2 -gdwarf-4 -g3      conftest.c >&5
configure:3391: $? = 0
configure:3391: result: yes
configure:3391: checking for strings.h
configure:3391: gcc -c -O2 -gdwarf-4 -g3      conftest.c >&5
configure:3391: $? = 0
configure:3391: result: yes
configure:3391: checking for inttypes.h
configure:3391: gcc -c -O2 -gdwarf-4 -g3      conftest.c >&5
configure:3391: $? = 0
configure:3391: result: yes
configure:3391: checking for stdint.h
configure:3391: gcc -c -O2 -gdwarf-4 -g3      conftest.c >&5
configure:3391: $? = 0
configure:3391: result: yes
configure:3391: checking for unistd.h
configure:3391: gcc -c -O2 -gdwarf-4 -g3      conftest.c >&5
configure:3391: $? = 0
configure:3391: result: yes
configure:3404: checking minix/config.h usability
configure:3404: gcc -c -O2 -gdwarf-4 -g3      conftest.c >&5
conftest.c:52:10: fatal error: minix/config.h: No such file or directory
   52 | #include <minix/config.h>
      |          ^~~~~~~~~~~~~~~~
compilation terminated.
configure:3404: $? = 1
configure: failed program was:
| /* confdefs.h */
| #define PACKAGE_NAME ""
| #define PACKAGE_TARNAME ""
| #define PACKAGE_VERSION ""
| #define PACKAGE_STRING ""
| #define PACKAGE_BUGREPORT ""
| #define PACKAGE_URL ""
| #define STDC_HEADERS 1
| #define HAVE_SYS_TYPES_H 1
| #define HAVE_SYS_STAT_H 1
| #define HAVE_STDLIB_H 1
| #define HAVE_STRING_H 1
| #define HAVE_MEMORY_H 1
| #define HAVE_STRINGS_H 1
| #define HAVE_INTTYPES_H 1
| #define HAVE_STDINT_H 1
| #define HAVE_UNISTD_H 1
| /* end confdefs.h.  */
| #include <stdio.h>
| #ifdef HAVE_SYS_TYPES_H
| # include <sys/types.h>
| #endif
| #ifdef HAVE_SYS_STAT_H
| # include <sys/stat.h>
| #endif
| #ifdef STDC_HEADERS
| # include <stdlib.h>
| # include <stddef.h>
| #else
| # ifdef HAVE_STDLIB_H
| #  include <stdlib.h>
| # endif
| #endif
| #ifdef HAVE_STRING_H
| # if !defined STDC_HEADERS && defined HAVE_MEMORY_H
| #  include <memory.h>
| # endif
| # include <string.h>
| #endif
| #ifdef HAVE_STRINGS_H
| # include <strings.h>
| #endif
| #ifdef HAVE_INTTYPES_H
| # include <inttypes.h>
| #endif
| #ifdef HAVE_STDINT_H
| # include <stdint.h>
| #endif
| #ifdef HAVE_UNISTD_H
| # include <unistd.h>
| #endif
| #include <minix/config.h>
configure:3404: result: no
configure:3404: checking minix/config.h presence
configure:3404: gcc -E  conftest.c
conftest.c:19:10: fatal error: minix/config.h: No such file or directory
   19 | #include <minix/config.h>
      |          ^~~~~~~~~~~~~~~~
compilation terminated.
configure:3404: $? = 1
configure: failed program was:
| /* confdefs.h */
| #define PACKAGE_NAME ""
| #define PACKAGE_TARNAME ""
| #define PACKAGE_VERSION ""
| #define PACKAGE_STRING ""
| #define PACKAGE_BUGREPORT ""
| #define PACKAGE_URL ""
| #define STDC_HEADERS 1
| #define HAVE_SYS_TYPES_H 1
| #define HAVE_SYS_STAT_H 1
| #define HAVE_STDLIB_H 1
| #define HAVE_STRING_H 1
| #define HAVE_MEMORY_H 1
| #define HAVE_STRINGS_H 1
| #define HAVE_INTTYPES_H 1
| #define HAVE_STDINT_H 1
| #define HAVE_UNISTD_H 1
| /* end confdefs.h.  */
| #include <minix/config.h>
configure:3404: result: no
configure:3404: checking for minix/config.h
configure:3404: result: no
configure:3425: checking whether it is safe to define __EXTENSIONS__
configure:3443: gcc -c -O2 -gdwarf-4 -g3      conftest.c >&5
configure:3443: $? = 0
configure:3450: result: yes
configure:3469: checking whether make sets $(MAKE)
configure:3491: result: yes
configure:3543: checking for a BSD-compatible install
configure:3611: result: /bin/install -c
configure:3636: checking whether NLS is requested
configure:3645: result: yes
configure:3683: checking for msgfmt
configure:3714: result: /d/usr/bin/msgfmt
configure:3723: checking for gmsgfmt
configure:3754: result: /d/usr/bin/msgfmt
configure:3794: checking for xgettext
configure:3825: result: /d/usr/bin/xgettext
configure:3865: checking for msgmerge
configure:3895: result: /d/usr/bin/msgmerge
configure:3934: checking build system type
configure:3948: result: i686-pc-mingw32
configure:3968: checking host system type
configure:3981: result: i686-pc-mingw32
configure:4004: checking for i686-pc-mingw32-ranlib
configure:4031: result: ranlib --plugin d:/usr/bin/../libexec/gcc/mingw32/9.2.0/liblto_plugin-0.dll
configure:4093: checking for library containing strerror
configure:4124: gcc -o conftest.exe -O2 -gdwarf-4 -g3       -Wl,--stack,12582912 conftest.c  >&5
configure:4124: $? = 0
configure:4141: result: none required
configure:4149: checking for an ANSI C-conforming const
configure:4215: gcc -c -O2 -gdwarf-4 -g3      conftest.c >&5
configure:4215: $? = 0
configure:4222: result: yes
configure:4230: checking for inline
configure:4246: gcc -c -O2 -gdwarf-4 -g3      conftest.c >&5
configure:4246: $? = 0
configure:4254: result: inline
configure:4272: checking for off_t
configure:4272: gcc -c -O2 -gdwarf-4 -g3      conftest.c >&5
configure:4272: $? = 0
configure:4272: gcc -c -O2 -gdwarf-4 -g3      conftest.c >&5
conftest.c: In function 'main':
conftest.c:60:20: error: expected expression before ')' token
   60 | if (sizeof ((off_t)))
      |                    ^
configure:4272: $? = 1
configure: failed program was:
| /* confdefs.h */
| #define PACKAGE_NAME ""
| #define PACKAGE_TARNAME ""
| #define PACKAGE_VERSION ""
| #define PACKAGE_STRING ""
| #define PACKAGE_BUGREPORT ""
| #define PACKAGE_URL ""
| #define STDC_HEADERS 1
| #define HAVE_SYS_TYPES_H 1
| #define HAVE_SYS_STAT_H 1
| #define HAVE_STDLIB_H 1
| #define HAVE_STRING_H 1
| #define HAVE_MEMORY_H 1
| #define HAVE_STRINGS_H 1
| #define HAVE_INTTYPES_H 1
| #define HAVE_STDINT_H 1
| #define HAVE_UNISTD_H 1
| #define __EXTENSIONS__ 1
| #define _ALL_SOURCE 1
| #define _GNU_SOURCE 1
| #define _POSIX_PTHREAD_SEMANTICS 1
| #define _TANDEM_SOURCE 1
| /* end confdefs.h.  */
| #include <stdio.h>
| #ifdef HAVE_SYS_TYPES_H
| # include <sys/types.h>
| #endif
| #ifdef HAVE_SYS_STAT_H
| # include <sys/stat.h>
| #endif
| #ifdef STDC_HEADERS
| # include <stdlib.h>
| # include <stddef.h>
| #else
| # ifdef HAVE_STDLIB_H
| #  include <stdlib.h>
| # endif
| #endif
| #ifdef HAVE_STRING_H
| # if !defined STDC_HEADERS && defined HAVE_MEMORY_H
| #  include <memory.h>
| # endif
| # include <string.h>
| #endif
| #ifdef HAVE_STRINGS_H
| # include <strings.h>
| #endif
| #ifdef HAVE_INTTYPES_H
| # include <inttypes.h>
| #endif
| #ifdef HAVE_STDINT_H
| # include <stdint.h>
| #endif
| #ifdef HAVE_UNISTD_H
| # include <unistd.h>
| #endif
| int
| main ()
| {
| if (sizeof ((off_t)))
| 	    return 0;
|   ;
|   return 0;
| }
configure:4272: result: yes
configure:4283: checking for size_t
configure:4283: gcc -c -O2 -gdwarf-4 -g3      conftest.c >&5
configure:4283: $? = 0
configure:4283: gcc -c -O2 -gdwarf-4 -g3      conftest.c >&5
conftest.c: In function 'main':
conftest.c:60:21: error: expected expression before ')' token
   60 | if (sizeof ((size_t)))
      |                     ^
configure:4283: $? = 1
configure: failed program was:
| /* confdefs.h */
| #define PACKAGE_NAME ""
| #define PACKAGE_TARNAME ""
| #define PACKAGE_VERSION ""
| #define PACKAGE_STRING ""
| #define PACKAGE_BUGREPORT ""
| #define PACKAGE_URL ""
| #define STDC_HEADERS 1
| #define HAVE_SYS_TYPES_H 1
| #define HAVE_SYS_STAT_H 1
| #define HAVE_STDLIB_H 1
| #define HAVE_STRING_H 1
| #define HAVE_MEMORY_H 1
| #define HAVE_STRINGS_H 1
| #define HAVE_INTTYPES_H 1
| #define HAVE_STDINT_H 1
| #define HAVE_UNISTD_H 1
| #define __EXTENSIONS__ 1
| #define _ALL_SOURCE 1
| #define _GNU_SOURCE 1
| #define _POSIX_PTHREAD_SEMANTICS 1
| #define _TANDEM_SOURCE 1
| /* end confdefs.h.  */
| #include <stdio.h>
| #ifdef HAVE_SYS_TYPES_H
| # include <sys/types.h>
| #endif
| #ifdef HAVE_SYS_STAT_H
| # include <sys/stat.h>
| #endif
| #ifdef STDC_HEADERS
| # include <stdlib.h>
| # include <stddef.h>
| #else
| # ifdef HAVE_STDLIB_H
| #  include <stdlib.h>
| # endif
| #endif
| #ifdef HAVE_STRING_H
| # if !defined STDC_HEADERS && defined HAVE_MEMORY_H
| #  include <memory.h>
| # endif
| # include <string.h>
| #endif
| #ifdef HAVE_STRINGS_H
| # include <strings.h>
| #endif
| #ifdef HAVE_INTTYPES_H
| # include <inttypes.h>
| #endif
| #ifdef HAVE_STDINT_H
| # include <stdint.h>
| #endif
| #ifdef HAVE_UNISTD_H
| # include <unistd.h>
| #endif
| int
| main ()
| {
| if (sizeof ((size_t)))
| 	    return 0;
|   ;
|   return 0;
| }
configure:4283: result: yes
configure:4296: checking for working alloca.h
configure:4313: gcc -o conftest.exe -O2 -gdwarf-4 -g3       -Wl,--stack,12582912 conftest.c  >&5
configure:4313: $? = 0
configure:4321: result: yes
configure:4329: checking for alloca
configure:4366: gcc -o conftest.exe -O2 -gdwarf-4 -g3       -Wl,--stack,12582912 conftest.c  >&5
configure:4366: $? = 0
configure:4374: result: yes
configure:4486: checking for stdlib.h
configure:4486: result: yes
configure:4486: checking for unistd.h
configure:4486: result: yes
configure:4486: checking for sys/param.h
configure:4486: gcc -c -O2 -gdwarf-4 -g3      conftest.c >&5
configure:4486: $? = 0
configure:4486: result: yes
configure:4506: checking for getpagesize
configure:4506: gcc -o conftest.exe -O2 -gdwarf-4 -g3       -Wl,--stack,12582912 conftest.c  >&5
configure:4506: $? = 0
configure:4506: result: yes
configure:4515: checking for working mmap
configure:4662: gcc -o conftest.exe -O2 -gdwarf-4 -g3       -Wl,--stack,12582912 conftest.c  >&5
conftest.c:89:10: fatal error: sys/mman.h: No such file or directory
   89 | #include <sys/mman.h>
      |          ^~~~~~~~~~~~
compilation terminated.
configure:4662: $? = 1
configure: program exited with status 1
configure: failed program was:
| /* confdefs.h */
| #define PACKAGE_NAME ""
| #define PACKAGE_TARNAME ""
| #define PACKAGE_VERSION ""
| #define PACKAGE_STRING ""
| #define PACKAGE_BUGREPORT ""
| #define PACKAGE_URL ""
| #define STDC_HEADERS 1
| #define HAVE_SYS_TYPES_H 1
| #define HAVE_SYS_STAT_H 1
| #define HAVE_STDLIB_H 1
| #define HAVE_STRING_H 1
| #define HAVE_MEMORY_H 1
| #define HAVE_STRINGS_H 1
| #define HAVE_INTTYPES_H 1
| #define HAVE_STDINT_H 1
| #define HAVE_UNISTD_H 1
| #define __EXTENSIONS__ 1
| #define _ALL_SOURCE 1
| #define _GNU_SOURCE 1
| #define _POSIX_PTHREAD_SEMANTICS 1
| #define _TANDEM_SOURCE 1
| #define HAVE_ALLOCA_H 1
| #define HAVE_ALLOCA 1
| #define HAVE_STDLIB_H 1
| #define HAVE_UNISTD_H 1
| #define HAVE_SYS_PARAM_H 1
| #define HAVE_GETPAGESIZE 1
| /* end confdefs.h.  */
| #include <stdio.h>
| #ifdef HAVE_SYS_TYPES_H
| # include <sys/types.h>
| #endif
| #ifdef HAVE_SYS_STAT_H
| # include <sys/stat.h>
| #endif
| #ifdef STDC_HEADERS
| # include <stdlib.h>
| # include <stddef.h>
| #else
| # ifdef HAVE_STDLIB_H
| #  include <stdlib.h>
| # endif
| #endif
| #ifdef HAVE_STRING_H
| # if !defined STDC_HEADERS && defined HAVE_MEMORY_H
| #  include <memory.h>
| # endif
| # include <string.h>
| #endif
| #ifdef HAVE_STRINGS_H
| # include <strings.h>
| #endif
| #ifdef HAVE_INTTYPES_H
| # include <inttypes.h>
| #endif
| #ifdef HAVE_STDINT_H
| # include <stdint.h>
| #endif
| #ifdef HAVE_UNISTD_H
| # include <unistd.h>
| #endif
| /* malloc might have been renamed as rpl_malloc. */
| #undef malloc
| 
| /* Thanks to Mike Haertel and Jim Avera for this test.
|    Here is a matrix of mmap possibilities:
| 	mmap private not fixed
| 	mmap private fixed at somewhere currently unmapped
| 	mmap private fixed at somewhere already mapped
| 	mmap shared not fixed
| 	mmap shared fixed at somewhere currently unmapped
| 	mmap shared fixed at somewhere already mapped
|    For private mappings, we should verify that changes cannot be read()
|    back from the file, nor mmap's back from the file at a different
|    address.  (There have been systems where private was not correctly
|    implemented like the infamous i386 svr4.0, and systems where the
|    VM page cache was not coherent with the file system buffer cache
|    like early versions of FreeBSD and possibly contemporary NetBSD.)
|    For shared mappings, we should conversely verify that changes get
|    propagated back to all the places they're supposed to be.
| 
|    Grep wants private fixed already mapped.
|    The main things grep needs to know about mmap are:
|    * does it exist and is it safe to write into the mmap'd area
|    * how to use it (BSD variants)  */
| 
| #include <fcntl.h>
| #include <sys/mman.h>
| 
| #if !defined STDC_HEADERS && !defined HAVE_STDLIB_H
| char *malloc ();
| #endif
| 
| /* This mess was copied from the GNU getpagesize.h.  */
| #ifndef HAVE_GETPAGESIZE
| # ifdef _SC_PAGESIZE
| #  define getpagesize() sysconf(_SC_PAGESIZE)
| # else /* no _SC_PAGESIZE */
| #  ifdef HAVE_SYS_PARAM_H
| #   include <sys/param.h>
| #   ifdef EXEC_PAGESIZE
| #    define getpagesize() EXEC_PAGESIZE
| #   else /* no EXEC_PAGESIZE */
| #    ifdef NBPG
| #     define getpagesize() NBPG * CLSIZE
| #     ifndef CLSIZE
| #      define CLSIZE 1
| #     endif /* no CLSIZE */
| #    else /* no NBPG */
| #     ifdef NBPC
| #      define getpagesize() NBPC
| #     else /* no NBPC */
| #      ifdef PAGESIZE
| #       define getpagesize() PAGESIZE
| #      endif /* PAGESIZE */
| #     endif /* no NBPC */
| #    endif /* no NBPG */
| #   endif /* no EXEC_PAGESIZE */
| #  else /* no HAVE_SYS_PARAM_H */
| #   define getpagesize() 8192	/* punt totally */
| #  endif /* no HAVE_SYS_PARAM_H */
| # endif /* no _SC_PAGESIZE */
| 
| #endif /* no HAVE_GETPAGESIZE */
| 
| int
| main ()
| {
|   char *data, *data2, *data3;
|   const char *cdata2;
|   int i, pagesize;
|   int fd, fd2;
| 
|   pagesize = getpagesize ();
| 
|   /* First, make a file with some known garbage in it. */
|   data = (char *) malloc (pagesize);
|   if (!data)
|     return 1;
|   for (i = 0; i < pagesize; ++i)
|     *(data + i) = rand ();
|   umask (0);
|   fd = creat ("conftest.mmap", 0600);
|   if (fd < 0)
|     return 2;
|   if (write (fd, data, pagesize) != pagesize)
|     return 3;
|   close (fd);
| 
|   /* Next, check that the tail of a page is zero-filled.  File must have
|      non-zero length, otherwise we risk SIGBUS for entire page.  */
|   fd2 = open ("conftest.txt", O_RDWR | O_CREAT | O_TRUNC, 0600);
|   if (fd2 < 0)
|     return 4;
|   cdata2 = "";
|   if (write (fd2, cdata2, 1) != 1)
|     return 5;
|   data2 = (char *) mmap (0, pagesize, PROT_READ | PROT_WRITE, MAP_SHARED, fd2, 0L);
|   if (data2 == MAP_FAILED)
|     return 6;
|   for (i = 0; i < pagesize; ++i)
|     if (*(data2 + i))
|       return 7;
|   close (fd2);
|   if (munmap (data2, pagesize))
|     return 8;
| 
|   /* Next, try to mmap the file at a fixed address which already has
|      something else allocated at it.  If we can, also make sure that
|      we see the same garbage.  */
|   fd = open ("conftest.mmap", O_RDWR);
|   if (fd < 0)
|     return 9;
|   if (data2 != mmap (data2, pagesize, PROT_READ | PROT_WRITE,
| 		     MAP_PRIVATE | MAP_FIXED, fd, 0L))
|     return 10;
|   for (i = 0; i < pagesize; ++i)
|     if (*(data + i) != *(data2 + i))
|       return 11;
| 
|   /* Finally, make sure that changes to the mapped area do not
|      percolate back to the file as seen by read().  (This is a bug on
|      some variants of i386 svr4.0.)  */
|   for (i = 0; i < pagesize; ++i)
|     *(data2 + i) = *(data2 + i) + 1;
|   data3 = (char *) malloc (pagesize);
|   if (!data3)
|     return 12;
|   if (read (fd, data3, pagesize) != pagesize)
|     return 13;
|   for (i = 0; i < pagesize; ++i)
|     if (*(data + i) != *(data3 + i))
|       return 14;
|   close (fd);
|   return 0;
| }
configure:4672: result: no
configure:4682: checking whether we are using the GNU C Library 2.1 or newer
configure:4709: result: no
configure:4717: checking whether integer division by zero raises SIGFPE
configure:4774: gcc -o conftest.exe -O2 -gdwarf-4 -g3       -Wl,--stack,12582912 conftest.c  >&5
conftest.c:48:5: warning: built-in function 'nan' declared as non-function [-Wbuiltin-declaration-mismatch]
   48 | int nan;
      |     ^~~
configure:4774: $? = 0
configure:4774: ./conftest.exe
configure:4774: $? = 0
configure:4785: result: yes
configure:4798: checking for inttypes.h
configure:4815: gcc -c -O2 -gdwarf-4 -g3      conftest.c >&5
configure:4815: $? = 0
configure:4822: result: yes
configure:4833: checking for stdint.h
configure:4850: gcc -c -O2 -gdwarf-4 -g3      conftest.c >&5
configure:4850: $? = 0
configure:4857: result: yes
configure:4868: checking for unsigned long long
configure:4885: gcc -o conftest.exe -O2 -gdwarf-4 -g3       -Wl,--stack,12582912 conftest.c  >&5
configure:4885: $? = 0
configure:4893: result: yes
configure:4921: checking for inttypes.h
configure:4939: gcc -c -O2 -gdwarf-4 -g3      conftest.c >&5
configure:4939: $? = 0
configure:4947: result: yes
configure:4960: checking whether the inttypes.h PRIxNN macros are broken
configure:4981: gcc -c -O2 -gdwarf-4 -g3      conftest.c >&5
configure:4981: $? = 0
configure:4989: result: no
configure:5040: checking for ld used by GCC
configure:5103: result: d:/usr/bin/../lib/gcc/mingw32/9.2.0/../../../../mingw32/bin/ld.exe
configure:5110: checking if the linker (d:/usr/bin/../lib/gcc/mingw32/9.2.0/../../../../mingw32/bin/ld.exe) is GNU ld
GNU ld (GNU Binutils) 2.39
configure:5122: result: yes
configure:5128: checking for shared library run path origin
configure:5141: result: done
configure:5562: checking argz.h usability
configure:5562: gcc -c -O2 -gdwarf-4 -g3      conftest.c >&5
conftest.c:69:10: fatal error: argz.h: No such file or directory
   69 | #include <argz.h>
      |          ^~~~~~~~
compilation terminated.
configure:5562: $? = 1
configure: failed program was:
| /* confdefs.h */
| #define PACKAGE_NAME ""
| #define PACKAGE_TARNAME ""
| #define PACKAGE_VERSION ""
| #define PACKAGE_STRING ""
| #define PACKAGE_BUGREPORT ""
| #define PACKAGE_URL ""
| #define STDC_HEADERS 1
| #define HAVE_SYS_TYPES_H 1
| #define HAVE_SYS_STAT_H 1
| #define HAVE_STDLIB_H 1
| #define HAVE_STRING_H 1
| #define HAVE_MEMORY_H 1
| #define HAVE_STRINGS_H 1
| #define HAVE_INTTYPES_H 1
| #define HAVE_STDINT_H 1
| #define HAVE_UNISTD_H 1
| #define __EXTENSIONS__ 1
| #define _ALL_SOURCE 1
| #define _GNU_SOURCE 1
| #define _POSIX_PTHREAD_SEMANTICS 1
| #define _TANDEM_SOURCE 1
| #define HAVE_ALLOCA_H 1
| #define HAVE_ALLOCA 1
| #define HAVE_STDLIB_H 1
| #define HAVE_UNISTD_H 1
| #define HAVE_SYS_PARAM_H 1
| #define HAVE_GETPAGESIZE 1
| #define INTDIV0_RAISES_SIGFPE 1
| #define HAVE_INTTYPES_H_WITH_UINTMAX 1
| #define HAVE_STDINT_H_WITH_UINTMAX 1
| #define HAVE_UNSIGNED_LONG_LONG 1
| #define HAVE_UINTMAX_T 1
| #define HAVE_INTTYPES_H 1
| /* end confdefs.h.  */
| #include <stdio.h>
| #ifdef HAVE_SYS_TYPES_H
| # include <sys/types.h>
| #endif
| #ifdef HAVE_SYS_STAT_H
| # include <sys/stat.h>
| #endif
| #ifdef STDC_HEADERS
| # include <stdlib.h>
| # include <stddef.h>
| #else
| # ifdef HAVE_STDLIB_H
| #  include <stdlib.h>
| # endif
| #endif
| #ifdef HAVE_STRING_H
| # if !defined STDC_HEADERS && defined HAVE_MEMORY_H
| #  include <memory.h>
| # endif
| # include <string.h>
| #endif
| #ifdef HAVE_STRINGS_H
| # include <strings.h>
| #endif
| #ifdef HAVE_INTTYPES_H
| # include <inttypes.h>
| #endif
| #ifdef HAVE_STDINT_H
| # include <stdint.h>
| #endif
| #ifdef HAVE_UNISTD_H
| # include <unistd.h>
| #endif
| #include <argz.h>
configure:5562: result: no
configure:5562: checking argz.h presence
configure:5562: gcc -E  conftest.c
conftest.c:36:10: fatal error: argz.h: No such file or directory
   36 | #include <argz.h>
      |          ^~~~~~~~
compilation terminated.
configure:5562: $? = 1
configure: failed program was:
| /* confdefs.h */
| #define PACKAGE_NAME ""
| #define PACKAGE_TARNAME ""
| #define PACKAGE_VERSION ""
| #define PACKAGE_STRING ""
| #define PACKAGE_BUGREPORT ""
| #define PACKAGE_URL ""
| #define STDC_HEADERS 1
| #define HAVE_SYS_TYPES_H 1
| #define HAVE_SYS_STAT_H 1
| #define HAVE_STDLIB_H 1
| #define HAVE_STRING_H 1
| #define HAVE_MEMORY_H 1
| #define HAVE_STRINGS_H 1
| #define HAVE_INTTYPES_H 1
| #define HAVE_STDINT_H 1
| #define HAVE_UNISTD_H 1
| #define __EXTENSIONS__ 1
| #define _ALL_SOURCE 1
| #define _GNU_SOURCE 1
| #define _POSIX_PTHREAD_SEMANTICS 1
| #define _TANDEM_SOURCE 1
| #define HAVE_ALLOCA_H 1
| #define HAVE_ALLOCA 1
| #define HAVE_STDLIB_H 1
| #define HAVE_UNISTD_H 1
| #define HAVE_SYS_PARAM_H 1
| #define HAVE_GETPAGESIZE 1
| #define INTDIV0_RAISES_SIGFPE 1
| #define HAVE_INTTYPES_H_WITH_UINTMAX 1
| #define HAVE_STDINT_H_WITH_UINTMAX 1
| #define HAVE_UNSIGNED_LONG_LONG 1
| #define HAVE_UINTMAX_T 1
| #define HAVE_INTTYPES_H 1
| /* end confdefs.h.  */
| #include <argz.h>
configure:5562: result: no
configure:5562: checking for argz.h
configure:5562: result: no
configure:5562: checking limits.h usability
configure:5562: gcc -c -O2 -gdwarf-4 -g3      conftest.c >&5
configure:5562: $? = 0
configure:5562: result: yes
configure:5562: checking limits.h presence
configure:5562: gcc -E  conftest.c
configure:5562: $? = 0
configure:5562: result: yes
configure:5562: checking for limits.h
configure:5562: result: yes
configure:5562: checking locale.h usability
configure:5562: gcc -c -O2 -gdwarf-4 -g3      conftest.c >&5
configure:5562: $? = 0
configure:5562: result: yes
configure:5562: checking locale.h presence
configure:5562: gcc -E  conftest.c
configure:5562: $? = 0
configure:5562: result: yes
configure:5562: checking for locale.h
configure:5562: result: yes
configure:5562: checking nl_types.h usability
configure:5562: gcc -c -O2 -gdwarf-4 -g3      conftest.c >&5
conftest.c:71:10: fatal error: nl_types.h: No such file or directory
   71 | #include <nl_types.h>
      |          ^~~~~~~~~~~~
compilation terminated.
configure:5562: $? = 1
configure: failed program was:
| /* confdefs.h */
| #define PACKAGE_NAME ""
| #define PACKAGE_TARNAME ""
| #define PACKAGE_VERSION ""
| #define PACKAGE_STRING ""
| #define PACKAGE_BUGREPORT ""
| #define PACKAGE_URL ""
| #define STDC_HEADERS 1
| #define HAVE_SYS_TYPES_H 1
| #define HAVE_SYS_STAT_H 1
| #define HAVE_STDLIB_H 1
| #define HAVE_STRING_H 1
| #define HAVE_MEMORY_H 1
| #define HAVE_STRINGS_H 1
| #define HAVE_INTTYPES_H 1
| #define HAVE_STDINT_H 1
| #define HAVE_UNISTD_H 1
| #define __EXTENSIONS__ 1
| #define _ALL_SOURCE 1
| #define _GNU_SOURCE 1
| #define _POSIX_PTHREAD_SEMANTICS 1
| #define _TANDEM_SOURCE 1
| #define HAVE_ALLOCA_H 1
| #define HAVE_ALLOCA 1
| #define HAVE_STDLIB_H 1
| #define HAVE_UNISTD_H 1
| #define HAVE_SYS_PARAM_H 1
| #define HAVE_GETPAGESIZE 1
| #define INTDIV0_RAISES_SIGFPE 1
| #define HAVE_INTTYPES_H_WITH_UINTMAX 1
| #define HAVE_STDINT_H_WITH_UINTMAX 1
| #define HAVE_UNSIGNED_LONG_LONG 1
| #define HAVE_UINTMAX_T 1
| #define HAVE_INTTYPES_H 1
| #define HAVE_LIMITS_H 1
| #define HAVE_LOCALE_H 1
| /* end confdefs.h.  */
| #include <stdio.h>
| #ifdef HAVE_SYS_TYPES_H
| # include <sys/types.h>
| #endif
| #ifdef HAVE_SYS_STAT_H
| # include <sys/stat.h>
| #endif
| #ifdef STDC_HEADERS
| # include <stdlib.h>
| # include <stddef.h>
| #else
| # ifdef HAVE_STDLIB_H
| #  include <stdlib.h>
| # endif
| #endif
| #ifdef HAVE_STRING_H
| # if !defined STDC_HEADERS && defined HAVE_MEMORY_H
| #  include <memory.h>
| # endif
| # include <string.h>
| #endif
| #ifdef HAVE_STRINGS_H
| # include <strings.h>
| #endif
| #ifdef HAVE_INTTYPES_H
| # include <inttypes.h>
| #endif
| #ifdef HAVE_STDINT_H
| # include <stdint.h>
| #endif
| #ifdef HAVE_UNISTD_H
| # include <unistd.h>
| #endif
| #include <nl_types.h>
configure:5562: result: no
configure:5562: checking nl_types.h presence
configure:5562: gcc -E  conftest.c
conftest.c:38:10: fatal error: nl_types.h: No such file or directory
   38 | #include <nl_types.h>
      |          ^~~~~~~~~~~~
compilation terminated.
configure:5562: $? = 1
configure: failed program was:
| /* confdefs.h */
| #define PACKAGE_NAME ""
| #define PACKAGE_TARNAME ""
| #define PACKAGE_VERSION ""
| #define PACKAGE_STRING ""
| #define PACKAGE_BUGREPORT ""
| #define PACKAGE_URL ""
| #define STDC_HEADERS 1
| #define HAVE_SYS_TYPES_H 1
| #define HAVE_SYS_STAT_H 1
| #define HAVE_STDLIB_H 1
| #define HAVE_STRING_H 1
| #define HAVE_MEMORY_H 1
| #define HAVE_STRINGS_H 1
| #define HAVE_INTTYPES_H 1
| #define HAVE_STDINT_H 1
| #define HAVE_UNISTD_H 1
| #define __EXTENSIONS__ 1
| #define _ALL_SOURCE 1
| #define _GNU_SOURCE 1
| #define _POSIX_PTHREAD_SEMANTICS 1
| #define _TANDEM_SOURCE 1
| #define HAVE_ALLOCA_H 1
| #define HAVE_ALLOCA 1
| #define HAVE_STDLIB_H 1
| #define HAVE_UNISTD_H 1
| #define HAVE_SYS_PARAM_H 1
| #define HAVE_GETPAGESIZE 1
| #define INTDIV0_RAISES_SIGFPE 1
| #define HAVE_INTTYPES_H_WITH_UINTMAX 1
| #define HAVE_STDINT_H_WITH_UINTMAX 1
| #define HAVE_UNSIGNED_LONG_LONG 1
| #define HAVE_UINTMAX_T 1
| #define HAVE_INTTYPES_H 1
| #define HAVE_LIMITS_H 1
| #define HAVE_LOCALE_H 1
| /* end confdefs.h.  */
| #include <nl_types.h>
configure:5562: result: no
configure:5562: checking for nl_types.h
configure:5562: result: no
configure:5562: checking malloc.h usability
configure:5562: gcc -c -O2 -gdwarf-4 -g3      conftest.c >&5
configure:5562: $? = 0
configure:5562: result: yes
configure:5562: checking malloc.h presence
configure:5562: gcc -E  conftest.c
configure:5562: $? = 0
configure:5562: result: yes
configure:5562: checking for malloc.h
configure:5562: result: yes
configure:5562: checking stddef.h usability
configure:5562: gcc -c -O2 -gdwarf-4 -g3      conftest.c >&5
configure:5562: $? = 0
configure:5562: result: yes
configure:5562: checking stddef.h presence
configure:5562: gcc -E  conftest.c
configure:5562: $? = 0
configure:5562: result: yes
configure:5562: checking for stddef.h
configure:5562: result: yes
configure:5562: checking for stdlib.h
configure:5562: result: yes
configure:5562: checking for string.h
configure:5562: result: yes
configure:5562: checking for unistd.h
configure:5562: result: yes
configure:5562: checking for sys/param.h
configure:5562: result: yes
configure:5578: checking for feof_unlocked
configure:5578: gcc -o conftest.exe -O2 -gdwarf-4 -g3       -Wl,--stack,12582912 conftest.c  >&5
d:/usr/bin/../lib/gcc/mingw32/9.2.0/../../../../mingw32/bin/ld.exe: C:\DOCUME~1\Zaretzky\LOCALS~1\Temp\ccgrq2X7.o: in function `main':
d:\gnu\gdb-13.1\intl/conftest.c:78: undefined reference to `feof_unlocked'
collect2.exe: error: ld returned 1 exit status
configure:5578: $? = 1
configure: failed program was:
| /* confdefs.h */
| #define PACKAGE_NAME ""
| #define PACKAGE_TARNAME ""
| #define PACKAGE_VERSION ""
| #define PACKAGE_STRING ""
| #define PACKAGE_BUGREPORT ""
| #define PACKAGE_URL ""
| #define STDC_HEADERS 1
| #define HAVE_SYS_TYPES_H 1
| #define HAVE_SYS_STAT_H 1
| #define HAVE_STDLIB_H 1
| #define HAVE_STRING_H 1
| #define HAVE_MEMORY_H 1
| #define HAVE_STRINGS_H 1
| #define HAVE_INTTYPES_H 1
| #define HAVE_STDINT_H 1
| #define HAVE_UNISTD_H 1
| #define __EXTENSIONS__ 1
| #define _ALL_SOURCE 1
| #define _GNU_SOURCE 1
| #define _POSIX_PTHREAD_SEMANTICS 1
| #define _TANDEM_SOURCE 1
| #define HAVE_ALLOCA_H 1
| #define HAVE_ALLOCA 1
| #define HAVE_STDLIB_H 1
| #define HAVE_UNISTD_H 1
| #define HAVE_SYS_PARAM_H 1
| #define HAVE_GETPAGESIZE 1
| #define INTDIV0_RAISES_SIGFPE 1
| #define HAVE_INTTYPES_H_WITH_UINTMAX 1
| #define HAVE_STDINT_H_WITH_UINTMAX 1
| #define HAVE_UNSIGNED_LONG_LONG 1
| #define HAVE_UINTMAX_T 1
| #define HAVE_INTTYPES_H 1
| #define HAVE_LIMITS_H 1
| #define HAVE_LOCALE_H 1
| #define HAVE_MALLOC_H 1
| #define HAVE_STDDEF_H 1
| #define HAVE_STDLIB_H 1
| #define HAVE_STRING_H 1
| #define HAVE_UNISTD_H 1
| #define HAVE_SYS_PARAM_H 1
| /* end confdefs.h.  */
| /* Define feof_unlocked to an innocuous variant, in case <limits.h> declares feof_unlocked.
|    For example, HP-UX 11i <limits.h> declares gettimeofday.  */
| #define feof_unlocked innocuous_feof_unlocked
| 
| /* System header to define __stub macros and hopefully few prototypes,
|     which can conflict with char feof_unlocked (); below.
|     Prefer <limits.h> to <assert.h> if __STDC__ is defined, since
|     <limits.h> exists even on freestanding compilers.  */
| 
| #ifdef __STDC__
| # include <limits.h>
| #else
| # include <assert.h>
| #endif
| 
| #undef feof_unlocked
| 
| /* Override any GCC internal prototype to avoid an error.
|    Use char because int might match the return type of a GCC
|    builtin and then its argument prototype would still apply.  */
| #ifdef __cplusplus
| extern "C"
| #endif
| char feof_unlocked ();
| /* The GNU C library defines this for functions which it implements
|     to always fail with ENOSYS.  Some functions are actually named
|     something starting with __ and the normal name is an alias.  */
| #if defined __stub_feof_unlocked || defined __stub___feof_unlocked
| choke me
| #endif
| 
| int
| main ()
| {
| return feof_unlocked ();
|   ;
|   return 0;
| }
configure:5578: result: no
configure:5578: checking for fgets_unlocked
configure:5578: gcc -o conftest.exe -O2 -gdwarf-4 -g3       -Wl,--stack,12582912 conftest.c  >&5
d:/usr/bin/../lib/gcc/mingw32/9.2.0/../../../../mingw32/bin/ld.exe: C:\DOCUME~1\Zaretzky\LOCALS~1\Temp\cce3cGUS.o: in function `main':
d:\gnu\gdb-13.1\intl/conftest.c:78: undefined reference to `fgets_unlocked'
collect2.exe: error: ld returned 1 exit status
configure:5578: $? = 1
configure: failed program was:
| /* confdefs.h */
| #define PACKAGE_NAME ""
| #define PACKAGE_TARNAME ""
| #define PACKAGE_VERSION ""
| #define PACKAGE_STRING ""
| #define PACKAGE_BUGREPORT ""
| #define PACKAGE_URL ""
| #define STDC_HEADERS 1
| #define HAVE_SYS_TYPES_H 1
| #define HAVE_SYS_STAT_H 1
| #define HAVE_STDLIB_H 1
| #define HAVE_STRING_H 1
| #define HAVE_MEMORY_H 1
| #define HAVE_STRINGS_H 1
| #define HAVE_INTTYPES_H 1
| #define HAVE_STDINT_H 1
| #define HAVE_UNISTD_H 1
| #define __EXTENSIONS__ 1
| #define _ALL_SOURCE 1
| #define _GNU_SOURCE 1
| #define _POSIX_PTHREAD_SEMANTICS 1
| #define _TANDEM_SOURCE 1
| #define HAVE_ALLOCA_H 1
| #define HAVE_ALLOCA 1
| #define HAVE_STDLIB_H 1
| #define HAVE_UNISTD_H 1
| #define HAVE_SYS_PARAM_H 1
| #define HAVE_GETPAGESIZE 1
| #define INTDIV0_RAISES_SIGFPE 1
| #define HAVE_INTTYPES_H_WITH_UINTMAX 1
| #define HAVE_STDINT_H_WITH_UINTMAX 1
| #define HAVE_UNSIGNED_LONG_LONG 1
| #define HAVE_UINTMAX_T 1
| #define HAVE_INTTYPES_H 1
| #define HAVE_LIMITS_H 1
| #define HAVE_LOCALE_H 1
| #define HAVE_MALLOC_H 1
| #define HAVE_STDDEF_H 1
| #define HAVE_STDLIB_H 1
| #define HAVE_STRING_H 1
| #define HAVE_UNISTD_H 1
| #define HAVE_SYS_PARAM_H 1
| /* end confdefs.h.  */
| /* Define fgets_unlocked to an innocuous variant, in case <limits.h> declares fgets_unlocked.
|    For example, HP-UX 11i <limits.h> declares gettimeofday.  */
| #define fgets_unlocked innocuous_fgets_unlocked
| 
| /* System header to define __stub macros and hopefully few prototypes,
|     which can conflict with char fgets_unlocked (); below.
|     Prefer <limits.h> to <assert.h> if __STDC__ is defined, since
|     <limits.h> exists even on freestanding compilers.  */
| 
| #ifdef __STDC__
| # include <limits.h>
| #else
| # include <assert.h>
| #endif
| 
| #undef fgets_unlocked
| 
| /* Override any GCC internal prototype to avoid an error.
|    Use char because int might match the return type of a GCC
|    builtin and then its argument prototype would still apply.  */
| #ifdef __cplusplus
| extern "C"
| #endif
| char fgets_unlocked ();
| /* The GNU C library defines this for functions which it implements
|     to always fail with ENOSYS.  Some functions are actually named
|     something starting with __ and the normal name is an alias.  */
| #if defined __stub_fgets_unlocked || defined __stub___fgets_unlocked
| choke me
| #endif
| 
| int
| main ()
| {
| return fgets_unlocked ();
|   ;
|   return 0;
| }
configure:5578: result: no
configure:5578: checking for getc_unlocked
configure:5578: gcc -o conftest.exe -O2 -gdwarf-4 -g3       -Wl,--stack,12582912 conftest.c  >&5
d:/usr/bin/../lib/gcc/mingw32/9.2.0/../../../../mingw32/bin/ld.exe: C:\DOCUME~1\Zaretzky\LOCALS~1\Temp\ccosVHVO.o: in function `main':
d:\gnu\gdb-13.1\intl/conftest.c:78: undefined reference to `getc_unlocked'
collect2.exe: error: ld returned 1 exit status
configure:5578: $? = 1
configure: failed program was:
| /* confdefs.h */
| #define PACKAGE_NAME ""
| #define PACKAGE_TARNAME ""
| #define PACKAGE_VERSION ""
| #define PACKAGE_STRING ""
| #define PACKAGE_BUGREPORT ""
| #define PACKAGE_URL ""
| #define STDC_HEADERS 1
| #define HAVE_SYS_TYPES_H 1
| #define HAVE_SYS_STAT_H 1
| #define HAVE_STDLIB_H 1
| #define HAVE_STRING_H 1
| #define HAVE_MEMORY_H 1
| #define HAVE_STRINGS_H 1
| #define HAVE_INTTYPES_H 1
| #define HAVE_STDINT_H 1
| #define HAVE_UNISTD_H 1
| #define __EXTENSIONS__ 1
| #define _ALL_SOURCE 1
| #define _GNU_SOURCE 1
| #define _POSIX_PTHREAD_SEMANTICS 1
| #define _TANDEM_SOURCE 1
| #define HAVE_ALLOCA_H 1
| #define HAVE_ALLOCA 1
| #define HAVE_STDLIB_H 1
| #define HAVE_UNISTD_H 1
| #define HAVE_SYS_PARAM_H 1
| #define HAVE_GETPAGESIZE 1
| #define INTDIV0_RAISES_SIGFPE 1
| #define HAVE_INTTYPES_H_WITH_UINTMAX 1
| #define HAVE_STDINT_H_WITH_UINTMAX 1
| #define HAVE_UNSIGNED_LONG_LONG 1
| #define HAVE_UINTMAX_T 1
| #define HAVE_INTTYPES_H 1
| #define HAVE_LIMITS_H 1
| #define HAVE_LOCALE_H 1
| #define HAVE_MALLOC_H 1
| #define HAVE_STDDEF_H 1
| #define HAVE_STDLIB_H 1
| #define HAVE_STRING_H 1
| #define HAVE_UNISTD_H 1
| #define HAVE_SYS_PARAM_H 1
| /* end confdefs.h.  */
| /* Define getc_unlocked to an innocuous variant, in case <limits.h> declares getc_unlocked.
|    For example, HP-UX 11i <limits.h> declares gettimeofday.  */
| #define getc_unlocked innocuous_getc_unlocked
| 
| /* System header to define __stub macros and hopefully few prototypes,
|     which can conflict with char getc_unlocked (); below.
|     Prefer <limits.h> to <assert.h> if __STDC__ is defined, since
|     <limits.h> exists even on freestanding compilers.  */
| 
| #ifdef __STDC__
| # include <limits.h>
| #else
| # include <assert.h>
| #endif
| 
| #undef getc_unlocked
| 
| /* Override any GCC internal prototype to avoid an error.
|    Use char because int might match the return type of a GCC
|    builtin and then its argument prototype would still apply.  */
| #ifdef __cplusplus
| extern "C"
| #endif
| char getc_unlocked ();
| /* The GNU C library defines this for functions which it implements
|     to always fail with ENOSYS.  Some functions are actually named
|     something starting with __ and the normal name is an alias.  */
| #if defined __stub_getc_unlocked || defined __stub___getc_unlocked
| choke me
| #endif
| 
| int
| main ()
| {
| return getc_unlocked ();
|   ;
|   return 0;
| }
configure:5578: result: no
configure:5578: checking for getcwd
configure:5578: gcc -o conftest.exe -O2 -gdwarf-4 -g3       -Wl,--stack,12582912 conftest.c  >&5
configure:5578: $? = 0
configure:5578: result: yes
configure:5578: checking for getegid
configure:5578: gcc -o conftest.exe -O2 -gdwarf-4 -g3       -Wl,--stack,12582912 conftest.c  >&5
d:/usr/bin/../lib/gcc/mingw32/9.2.0/../../../../mingw32/bin/ld.exe: C:\DOCUME~1\Zaretzky\LOCALS~1\Temp\ccslZIfx.o: in function `main':
d:\gnu\gdb-13.1\intl/conftest.c:79: undefined reference to `getegid'
collect2.exe: error: ld returned 1 exit status
configure:5578: $? = 1
configure: failed program was:
| /* confdefs.h */
| #define PACKAGE_NAME ""
| #define PACKAGE_TARNAME ""
| #define PACKAGE_VERSION ""
| #define PACKAGE_STRING ""
| #define PACKAGE_BUGREPORT ""
| #define PACKAGE_URL ""
| #define STDC_HEADERS 1
| #define HAVE_SYS_TYPES_H 1
| #define HAVE_SYS_STAT_H 1
| #define HAVE_STDLIB_H 1
| #define HAVE_STRING_H 1
| #define HAVE_MEMORY_H 1
| #define HAVE_STRINGS_H 1
| #define HAVE_INTTYPES_H 1
| #define HAVE_STDINT_H 1
| #define HAVE_UNISTD_H 1
| #define __EXTENSIONS__ 1
| #define _ALL_SOURCE 1
| #define _GNU_SOURCE 1
| #define _POSIX_PTHREAD_SEMANTICS 1
| #define _TANDEM_SOURCE 1
| #define HAVE_ALLOCA_H 1
| #define HAVE_ALLOCA 1
| #define HAVE_STDLIB_H 1
| #define HAVE_UNISTD_H 1
| #define HAVE_SYS_PARAM_H 1
| #define HAVE_GETPAGESIZE 1
| #define INTDIV0_RAISES_SIGFPE 1
| #define HAVE_INTTYPES_H_WITH_UINTMAX 1
| #define HAVE_STDINT_H_WITH_UINTMAX 1
| #define HAVE_UNSIGNED_LONG_LONG 1
| #define HAVE_UINTMAX_T 1
| #define HAVE_INTTYPES_H 1
| #define HAVE_LIMITS_H 1
| #define HAVE_LOCALE_H 1
| #define HAVE_MALLOC_H 1
| #define HAVE_STDDEF_H 1
| #define HAVE_STDLIB_H 1
| #define HAVE_STRING_H 1
| #define HAVE_UNISTD_H 1
| #define HAVE_SYS_PARAM_H 1
| #define HAVE_GETCWD 1
| /* end confdefs.h.  */
| /* Define getegid to an innocuous variant, in case <limits.h> declares getegid.
|    For example, HP-UX 11i <limits.h> declares gettimeofday.  */
| #define getegid innocuous_getegid
| 
| /* System header to define __stub macros and hopefully few prototypes,
|     which can conflict with char getegid (); below.
|     Prefer <limits.h> to <assert.h> if __STDC__ is defined, since
|     <limits.h> exists even on freestanding compilers.  */
| 
| #ifdef __STDC__
| # include <limits.h>
| #else
| # include <assert.h>
| #endif
| 
| #undef getegid
| 
| /* Override any GCC internal prototype to avoid an error.
|    Use char because int might match the return type of a GCC
|    builtin and then its argument prototype would still apply.  */
| #ifdef __cplusplus
| extern "C"
| #endif
| char getegid ();
| /* The GNU C library defines this for functions which it implements
|     to always fail with ENOSYS.  Some functions are actually named
|     something starting with __ and the normal name is an alias.  */
| #if defined __stub_getegid || defined __stub___getegid
| choke me
| #endif
| 
| int
| main ()
| {
| return getegid ();
|   ;
|   return 0;
| }
configure:5578: result: no
configure:5578: checking for geteuid
configure:5578: gcc -o conftest.exe -O2 -gdwarf-4 -g3       -Wl,--stack,12582912 conftest.c  >&5
d:/usr/bin/../lib/gcc/mingw32/9.2.0/../../../../mingw32/bin/ld.exe: C:\DOCUME~1\Zaretzky\LOCALS~1\Temp\ccvAszgo.o: in function `main':
d:\gnu\gdb-13.1\intl/conftest.c:79: undefined reference to `geteuid'
collect2.exe: error: ld returned 1 exit status
configure:5578: $? = 1
configure: failed program was:
| /* confdefs.h */
| #define PACKAGE_NAME ""
| #define PACKAGE_TARNAME ""
| #define PACKAGE_VERSION ""
| #define PACKAGE_STRING ""
| #define PACKAGE_BUGREPORT ""
| #define PACKAGE_URL ""
| #define STDC_HEADERS 1
| #define HAVE_SYS_TYPES_H 1
| #define HAVE_SYS_STAT_H 1
| #define HAVE_STDLIB_H 1
| #define HAVE_STRING_H 1
| #define HAVE_MEMORY_H 1
| #define HAVE_STRINGS_H 1
| #define HAVE_INTTYPES_H 1
| #define HAVE_STDINT_H 1
| #define HAVE_UNISTD_H 1
| #define __EXTENSIONS__ 1
| #define _ALL_SOURCE 1
| #define _GNU_SOURCE 1
| #define _POSIX_PTHREAD_SEMANTICS 1
| #define _TANDEM_SOURCE 1
| #define HAVE_ALLOCA_H 1
| #define HAVE_ALLOCA 1
| #define HAVE_STDLIB_H 1
| #define HAVE_UNISTD_H 1
| #define HAVE_SYS_PARAM_H 1
| #define HAVE_GETPAGESIZE 1
| #define INTDIV0_RAISES_SIGFPE 1
| #define HAVE_INTTYPES_H_WITH_UINTMAX 1
| #define HAVE_STDINT_H_WITH_UINTMAX 1
| #define HAVE_UNSIGNED_LONG_LONG 1
| #define HAVE_UINTMAX_T 1
| #define HAVE_INTTYPES_H 1
| #define HAVE_LIMITS_H 1
| #define HAVE_LOCALE_H 1
| #define HAVE_MALLOC_H 1
| #define HAVE_STDDEF_H 1
| #define HAVE_STDLIB_H 1
| #define HAVE_STRING_H 1
| #define HAVE_UNISTD_H 1
| #define HAVE_SYS_PARAM_H 1
| #define HAVE_GETCWD 1
| /* end confdefs.h.  */
| /* Define geteuid to an innocuous variant, in case <limits.h> declares geteuid.
|    For example, HP-UX 11i <limits.h> declares gettimeofday.  */
| #define geteuid innocuous_geteuid
| 
| /* System header to define __stub macros and hopefully few prototypes,
|     which can conflict with char geteuid (); below.
|     Prefer <limits.h> to <assert.h> if __STDC__ is defined, since
|     <limits.h> exists even on freestanding compilers.  */
| 
| #ifdef __STDC__
| # include <limits.h>
| #else
| # include <assert.h>
| #endif
| 
| #undef geteuid
| 
| /* Override any GCC internal prototype to avoid an error.
|    Use char because int might match the return type of a GCC
|    builtin and then its argument prototype would still apply.  */
| #ifdef __cplusplus
| extern "C"
| #endif
| char geteuid ();
| /* The GNU C library defines this for functions which it implements
|     to always fail with ENOSYS.  Some functions are actually named
|     something starting with __ and the normal name is an alias.  */
| #if defined __stub_geteuid || defined __stub___geteuid
| choke me
| #endif
| 
| int
| main ()
| {
| return geteuid ();
|   ;
|   return 0;
| }
configure:5578: result: no
configure:5578: checking for getgid
configure:5578: gcc -o conftest.exe -O2 -gdwarf-4 -g3       -Wl,--stack,12582912 conftest.c  >&5
d:/usr/bin/../lib/gcc/mingw32/9.2.0/../../../../mingw32/bin/ld.exe: C:\DOCUME~1\Zaretzky\LOCALS~1\Temp\ccO3KLAa.o: in function `main':
d:\gnu\gdb-13.1\intl/conftest.c:79: undefined reference to `getgid'
collect2.exe: error: ld returned 1 exit status
configure:5578: $? = 1
configure: failed program was:
| /* confdefs.h */
| #define PACKAGE_NAME ""
| #define PACKAGE_TARNAME ""
| #define PACKAGE_VERSION ""
| #define PACKAGE_STRING ""
| #define PACKAGE_BUGREPORT ""
| #define PACKAGE_URL ""
| #define STDC_HEADERS 1
| #define HAVE_SYS_TYPES_H 1
| #define HAVE_SYS_STAT_H 1
| #define HAVE_STDLIB_H 1
| #define HAVE_STRING_H 1
| #define HAVE_MEMORY_H 1
| #define HAVE_STRINGS_H 1
| #define HAVE_INTTYPES_H 1
| #define HAVE_STDINT_H 1
| #define HAVE_UNISTD_H 1
| #define __EXTENSIONS__ 1
| #define _ALL_SOURCE 1
| #define _GNU_SOURCE 1
| #define _POSIX_PTHREAD_SEMANTICS 1
| #define _TANDEM_SOURCE 1
| #define HAVE_ALLOCA_H 1
| #define HAVE_ALLOCA 1
| #define HAVE_STDLIB_H 1
| #define HAVE_UNISTD_H 1
| #define HAVE_SYS_PARAM_H 1
| #define HAVE_GETPAGESIZE 1
| #define INTDIV0_RAISES_SIGFPE 1
| #define HAVE_INTTYPES_H_WITH_UINTMAX 1
| #define HAVE_STDINT_H_WITH_UINTMAX 1
| #define HAVE_UNSIGNED_LONG_LONG 1
| #define HAVE_UINTMAX_T 1
| #define HAVE_INTTYPES_H 1
| #define HAVE_LIMITS_H 1
| #define HAVE_LOCALE_H 1
| #define HAVE_MALLOC_H 1
| #define HAVE_STDDEF_H 1
| #define HAVE_STDLIB_H 1
| #define HAVE_STRING_H 1
| #define HAVE_UNISTD_H 1
| #define HAVE_SYS_PARAM_H 1
| #define HAVE_GETCWD 1
| /* end confdefs.h.  */
| /* Define getgid to an innocuous variant, in case <limits.h> declares getgid.
|    For example, HP-UX 11i <limits.h> declares gettimeofday.  */
| #define getgid innocuous_getgid
| 
| /* System header to define __stub macros and hopefully few prototypes,
|     which can conflict with char getgid (); below.
|     Prefer <limits.h> to <assert.h> if __STDC__ is defined, since
|     <limits.h> exists even on freestanding compilers.  */
| 
| #ifdef __STDC__
| # include <limits.h>
| #else
| # include <assert.h>
| #endif
| 
| #undef getgid
| 
| /* Override any GCC internal prototype to avoid an error.
|    Use char because int might match the return type of a GCC
|    builtin and then its argument prototype would still apply.  */
| #ifdef __cplusplus
| extern "C"
| #endif
| char getgid ();
| /* The GNU C library defines this for functions which it implements
|     to always fail with ENOSYS.  Some functions are actually named
|     something starting with __ and the normal name is an alias.  */
| #if defined __stub_getgid || defined __stub___getgid
| choke me
| #endif
| 
| int
| main ()
| {
| return getgid ();
|   ;
|   return 0;
| }
configure:5578: result: no
configure:5578: checking for getuid
configure:5578: gcc -o conftest.exe -O2 -gdwarf-4 -g3       -Wl,--stack,12582912 conftest.c  >&5
d:/usr/bin/../lib/gcc/mingw32/9.2.0/../../../../mingw32/bin/ld.exe: C:\DOCUME~1\Zaretzky\LOCALS~1\Temp\ccgCvFKd.o: in function `main':
d:\gnu\gdb-13.1\intl/conftest.c:79: undefined reference to `getuid'
collect2.exe: error: ld returned 1 exit status
configure:5578: $? = 1
configure: failed program was:
| /* confdefs.h */
| #define PACKAGE_NAME ""
| #define PACKAGE_TARNAME ""
| #define PACKAGE_VERSION ""
| #define PACKAGE_STRING ""
| #define PACKAGE_BUGREPORT ""
| #define PACKAGE_URL ""
| #define STDC_HEADERS 1
| #define HAVE_SYS_TYPES_H 1
| #define HAVE_SYS_STAT_H 1
| #define HAVE_STDLIB_H 1
| #define HAVE_STRING_H 1
| #define HAVE_MEMORY_H 1
| #define HAVE_STRINGS_H 1
| #define HAVE_INTTYPES_H 1
| #define HAVE_STDINT_H 1
| #define HAVE_UNISTD_H 1
| #define __EXTENSIONS__ 1
| #define _ALL_SOURCE 1
| #define _GNU_SOURCE 1
| #define _POSIX_PTHREAD_SEMANTICS 1
| #define _TANDEM_SOURCE 1
| #define HAVE_ALLOCA_H 1
| #define HAVE_ALLOCA 1
| #define HAVE_STDLIB_H 1
| #define HAVE_UNISTD_H 1
| #define HAVE_SYS_PARAM_H 1
| #define HAVE_GETPAGESIZE 1
| #define INTDIV0_RAISES_SIGFPE 1
| #define HAVE_INTTYPES_H_WITH_UINTMAX 1
| #define HAVE_STDINT_H_WITH_UINTMAX 1
| #define HAVE_UNSIGNED_LONG_LONG 1
| #define HAVE_UINTMAX_T 1
| #define HAVE_INTTYPES_H 1
| #define HAVE_LIMITS_H 1
| #define HAVE_LOCALE_H 1
| #define HAVE_MALLOC_H 1
| #define HAVE_STDDEF_H 1
| #define HAVE_STDLIB_H 1
| #define HAVE_STRING_H 1
| #define HAVE_UNISTD_H 1
| #define HAVE_SYS_PARAM_H 1
| #define HAVE_GETCWD 1
| /* end confdefs.h.  */
| /* Define getuid to an innocuous variant, in case <limits.h> declares getuid.
|    For example, HP-UX 11i <limits.h> declares gettimeofday.  */
| #define getuid innocuous_getuid
| 
| /* System header to define __stub macros and hopefully few prototypes,
|     which can conflict with char getuid (); below.
|     Prefer <limits.h> to <assert.h> if __STDC__ is defined, since
|     <limits.h> exists even on freestanding compilers.  */
| 
| #ifdef __STDC__
| # include <limits.h>
| #else
| # include <assert.h>
| #endif
| 
| #undef getuid
| 
| /* Override any GCC internal prototype to avoid an error.
|    Use char because int might match the return type of a GCC
|    builtin and then its argument prototype would still apply.  */
| #ifdef __cplusplus
| extern "C"
| #endif
| char getuid ();
| /* The GNU C library defines this for functions which it implements
|     to always fail with ENOSYS.  Some functions are actually named
|     something starting with __ and the normal name is an alias.  */
| #if defined __stub_getuid || defined __stub___getuid
| choke me
| #endif
| 
| int
| main ()
| {
| return getuid ();
|   ;
|   return 0;
| }
configure:5578: result: no
configure:5578: checking for mempcpy
configure:5578: gcc -o conftest.exe -O2 -gdwarf-4 -g3       -Wl,--stack,12582912 conftest.c  >&5
conftest.c:68:6: warning: conflicting types for built-in function 'mempcpy'; expected 'void *(void *, const void *, unsigned int)' [-Wbuiltin-declaration-mismatch]
   68 | char mempcpy ();
      |      ^~~~~~~
d:/usr/bin/../lib/gcc/mingw32/9.2.0/../../../../mingw32/bin/ld.exe: C:\DOCUME~1\Zaretzky\LOCALS~1\Temp\ccAdgGUS.o: in function `main':
d:\gnu\gdb-13.1\intl/conftest.c:79: undefined reference to `mempcpy'
collect2.exe: error: ld returned 1 exit status
configure:5578: $? = 1
configure: failed program was:
| /* confdefs.h */
| #define PACKAGE_NAME ""
| #define PACKAGE_TARNAME ""
| #define PACKAGE_VERSION ""
| #define PACKAGE_STRING ""
| #define PACKAGE_BUGREPORT ""
| #define PACKAGE_URL ""
| #define STDC_HEADERS 1
| #define HAVE_SYS_TYPES_H 1
| #define HAVE_SYS_STAT_H 1
| #define HAVE_STDLIB_H 1
| #define HAVE_STRING_H 1
| #define HAVE_MEMORY_H 1
| #define HAVE_STRINGS_H 1
| #define HAVE_INTTYPES_H 1
| #define HAVE_STDINT_H 1
| #define HAVE_UNISTD_H 1
| #define __EXTENSIONS__ 1
| #define _ALL_SOURCE 1
| #define _GNU_SOURCE 1
| #define _POSIX_PTHREAD_SEMANTICS 1
| #define _TANDEM_SOURCE 1
| #define HAVE_ALLOCA_H 1
| #define HAVE_ALLOCA 1
| #define HAVE_STDLIB_H 1
| #define HAVE_UNISTD_H 1
| #define HAVE_SYS_PARAM_H 1
| #define HAVE_GETPAGESIZE 1
| #define INTDIV0_RAISES_SIGFPE 1
| #define HAVE_INTTYPES_H_WITH_UINTMAX 1
| #define HAVE_STDINT_H_WITH_UINTMAX 1
| #define HAVE_UNSIGNED_LONG_LONG 1
| #define HAVE_UINTMAX_T 1
| #define HAVE_INTTYPES_H 1
| #define HAVE_LIMITS_H 1
| #define HAVE_LOCALE_H 1
| #define HAVE_MALLOC_H 1
| #define HAVE_STDDEF_H 1
| #define HAVE_STDLIB_H 1
| #define HAVE_STRING_H 1
| #define HAVE_UNISTD_H 1
| #define HAVE_SYS_PARAM_H 1
| #define HAVE_GETCWD 1
| /* end confdefs.h.  */
| /* Define mempcpy to an innocuous variant, in case <limits.h> declares mempcpy.
|    For example, HP-UX 11i <limits.h> declares gettimeofday.  */
| #define mempcpy innocuous_mempcpy
| 
| /* System header to define __stub macros and hopefully few prototypes,
|     which can conflict with char mempcpy (); below.
|     Prefer <limits.h> to <assert.h> if __STDC__ is defined, since
|     <limits.h> exists even on freestanding compilers.  */
| 
| #ifdef __STDC__
| # include <limits.h>
| #else
| # include <assert.h>
| #endif
| 
| #undef mempcpy
| 
| /* Override any GCC internal prototype to avoid an error.
|    Use char because int might match the return type of a GCC
|    builtin and then its argument prototype would still apply.  */
| #ifdef __cplusplus
| extern "C"
| #endif
| char mempcpy ();
| /* The GNU C library defines this for functions which it implements
|     to always fail with ENOSYS.  Some functions are actually named
|     something starting with __ and the normal name is an alias.  */
| #if defined __stub_mempcpy || defined __stub___mempcpy
| choke me
| #endif
| 
| int
| main ()
| {
| return mempcpy ();
|   ;
|   return 0;
| }
configure:5578: result: no
configure:5578: checking for munmap
configure:5578: gcc -o conftest.exe -O2 -gdwarf-4 -g3       -Wl,--stack,12582912 conftest.c  >&5
d:/usr/bin/../lib/gcc/mingw32/9.2.0/../../../../mingw32/bin/ld.exe: C:\DOCUME~1\Zaretzky\LOCALS~1\Temp\ccopRHVO.o: in function `main':
d:\gnu\gdb-13.1\intl/conftest.c:79: undefined reference to `munmap'
collect2.exe: error: ld returned 1 exit status
configure:5578: $? = 1
configure: failed program was:
| /* confdefs.h */
| #define PACKAGE_NAME ""
| #define PACKAGE_TARNAME ""
| #define PACKAGE_VERSION ""
| #define PACKAGE_STRING ""
| #define PACKAGE_BUGREPORT ""
| #define PACKAGE_URL ""
| #define STDC_HEADERS 1
| #define HAVE_SYS_TYPES_H 1
| #define HAVE_SYS_STAT_H 1
| #define HAVE_STDLIB_H 1
| #define HAVE_STRING_H 1
| #define HAVE_MEMORY_H 1
| #define HAVE_STRINGS_H 1
| #define HAVE_INTTYPES_H 1
| #define HAVE_STDINT_H 1
| #define HAVE_UNISTD_H 1
| #define __EXTENSIONS__ 1
| #define _ALL_SOURCE 1
| #define _GNU_SOURCE 1
| #define _POSIX_PTHREAD_SEMANTICS 1
| #define _TANDEM_SOURCE 1
| #define HAVE_ALLOCA_H 1
| #define HAVE_ALLOCA 1
| #define HAVE_STDLIB_H 1
| #define HAVE_UNISTD_H 1
| #define HAVE_SYS_PARAM_H 1
| #define HAVE_GETPAGESIZE 1
| #define INTDIV0_RAISES_SIGFPE 1
| #define HAVE_INTTYPES_H_WITH_UINTMAX 1
| #define HAVE_STDINT_H_WITH_UINTMAX 1
| #define HAVE_UNSIGNED_LONG_LONG 1
| #define HAVE_UINTMAX_T 1
| #define HAVE_INTTYPES_H 1
| #define HAVE_LIMITS_H 1
| #define HAVE_LOCALE_H 1
| #define HAVE_MALLOC_H 1
| #define HAVE_STDDEF_H 1
| #define HAVE_STDLIB_H 1
| #define HAVE_STRING_H 1
| #define HAVE_UNISTD_H 1
| #define HAVE_SYS_PARAM_H 1
| #define HAVE_GETCWD 1
| /* end confdefs.h.  */
| /* Define munmap to an innocuous variant, in case <limits.h> declares munmap.
|    For example, HP-UX 11i <limits.h> declares gettimeofday.  */
| #define munmap innocuous_munmap
| 
| /* System header to define __stub macros and hopefully few prototypes,
|     which can conflict with char munmap (); below.
|     Prefer <limits.h> to <assert.h> if __STDC__ is defined, since
|     <limits.h> exists even on freestanding compilers.  */
| 
| #ifdef __STDC__
| # include <limits.h>
| #else
| # include <assert.h>
| #endif
| 
| #undef munmap
| 
| /* Override any GCC internal prototype to avoid an error.
|    Use char because int might match the return type of a GCC
|    builtin and then its argument prototype would still apply.  */
| #ifdef __cplusplus
| extern "C"
| #endif
| char munmap ();
| /* The GNU C library defines this for functions which it implements
|     to always fail with ENOSYS.  Some functions are actually named
|     something starting with __ and the normal name is an alias.  */
| #if defined __stub_munmap || defined __stub___munmap
| choke me
| #endif
| 
| int
| main ()
| {
| return munmap ();
|   ;
|   return 0;
| }
configure:5578: result: no
configure:5578: checking for putenv
configure:5578: gcc -o conftest.exe -O2 -gdwarf-4 -g3       -Wl,--stack,12582912 conftest.c  >&5
configure:5578: $? = 0
configure:5578: result: yes
configure:5578: checking for setenv
configure:5578: gcc -o conftest.exe -O2 -gdwarf-4 -g3       -Wl,--stack,12582912 conftest.c  >&5
configure:5578: $? = 0
configure:5578: result: yes
configure:5578: checking for setlocale
configure:5578: gcc -o conftest.exe -O2 -gdwarf-4 -g3       -Wl,--stack,12582912 conftest.c  >&5
configure:5578: $? = 0
configure:5578: result: yes
configure:5578: checking for stpcpy
configure:5578: gcc -o conftest.exe -O2 -gdwarf-4 -g3       -Wl,--stack,12582912 conftest.c  >&5
conftest.c:71:6: warning: conflicting types for built-in function 'stpcpy'; expected 'char *(char *, const char *)' [-Wbuiltin-declaration-mismatch]
   71 | char stpcpy ();
      |      ^~~~~~
d:/usr/bin/../lib/gcc/mingw32/9.2.0/../../../../mingw32/bin/ld.exe: C:\DOCUME~1\Zaretzky\LOCALS~1\Temp\ccoNKLAa.o: in function `main':
d:\gnu\gdb-13.1\intl/conftest.c:82: undefined reference to `stpcpy'
collect2.exe: error: ld returned 1 exit status
configure:5578: $? = 1
configure: failed program was:
| /* confdefs.h */
| #define PACKAGE_NAME ""
| #define PACKAGE_TARNAME ""
| #define PACKAGE_VERSION ""
| #define PACKAGE_STRING ""
| #define PACKAGE_BUGREPORT ""
| #define PACKAGE_URL ""
| #define STDC_HEADERS 1
| #define HAVE_SYS_TYPES_H 1
| #define HAVE_SYS_STAT_H 1
| #define HAVE_STDLIB_H 1
| #define HAVE_STRING_H 1
| #define HAVE_MEMORY_H 1
| #define HAVE_STRINGS_H 1
| #define HAVE_INTTYPES_H 1
| #define HAVE_STDINT_H 1
| #define HAVE_UNISTD_H 1
| #define __EXTENSIONS__ 1
| #define _ALL_SOURCE 1
| #define _GNU_SOURCE 1
| #define _POSIX_PTHREAD_SEMANTICS 1
| #define _TANDEM_SOURCE 1
| #define HAVE_ALLOCA_H 1
| #define HAVE_ALLOCA 1
| #define HAVE_STDLIB_H 1
| #define HAVE_UNISTD_H 1
| #define HAVE_SYS_PARAM_H 1
| #define HAVE_GETPAGESIZE 1
| #define INTDIV0_RAISES_SIGFPE 1
| #define HAVE_INTTYPES_H_WITH_UINTMAX 1
| #define HAVE_STDINT_H_WITH_UINTMAX 1
| #define HAVE_UNSIGNED_LONG_LONG 1
| #define HAVE_UINTMAX_T 1
| #define HAVE_INTTYPES_H 1
| #define HAVE_LIMITS_H 1
| #define HAVE_LOCALE_H 1
| #define HAVE_MALLOC_H 1
| #define HAVE_STDDEF_H 1
| #define HAVE_STDLIB_H 1
| #define HAVE_STRING_H 1
| #define HAVE_UNISTD_H 1
| #define HAVE_SYS_PARAM_H 1
| #define HAVE_GETCWD 1
| #define HAVE_PUTENV 1
| #define HAVE_SETENV 1
| #define HAVE_SETLOCALE 1
| /* end confdefs.h.  */
| /* Define stpcpy to an innocuous variant, in case <limits.h> declares stpcpy.
|    For example, HP-UX 11i <limits.h> declares gettimeofday.  */
| #define stpcpy innocuous_stpcpy
| 
| /* System header to define __stub macros and hopefully few prototypes,
|     which can conflict with char stpcpy (); below.
|     Prefer <limits.h> to <assert.h> if __STDC__ is defined, since
|     <limits.h> exists even on freestanding compilers.  */
| 
| #ifdef __STDC__
| # include <limits.h>
| #else
| # include <assert.h>
| #endif
| 
| #undef stpcpy
| 
| /* Override any GCC internal prototype to avoid an error.
|    Use char because int might match the return type of a GCC
|    builtin and then its argument prototype would still apply.  */
| #ifdef __cplusplus
| extern "C"
| #endif
| char stpcpy ();
| /* The GNU C library defines this for functions which it implements
|     to always fail with ENOSYS.  Some functions are actually named
|     something starting with __ and the normal name is an alias.  */
| #if defined __stub_stpcpy || defined __stub___stpcpy
| choke me
| #endif
| 
| int
| main ()
| {
| return stpcpy ();
|   ;
|   return 0;
| }
configure:5578: result: no
configure:5578: checking for strcasecmp
configure:5578: gcc -o conftest.exe -O2 -gdwarf-4 -g3       -Wl,--stack,12582912 conftest.c  >&5
conftest.c:71:6: warning: conflicting types for built-in function 'strcasecmp'; expected 'int(const char *, const char *)' [-Wbuiltin-declaration-mismatch]
   71 | char strcasecmp ();
      |      ^~~~~~~~~~
configure:5578: $? = 0
configure:5578: result: yes
configure:5578: checking for strdup
configure:5578: gcc -o conftest.exe -O2 -gdwarf-4 -g3       -Wl,--stack,12582912 conftest.c  >&5
conftest.c:72:6: warning: conflicting types for built-in function 'strdup'; expected 'char *(const char *)' [-Wbuiltin-declaration-mismatch]
   72 | char strdup ();
      |      ^~~~~~
configure:5578: $? = 0
configure:5578: result: yes
configure:5578: checking for strtoul
configure:5578: gcc -o conftest.exe -O2 -gdwarf-4 -g3       -Wl,--stack,12582912 conftest.c  >&5
configure:5578: $? = 0
configure:5578: result: yes
configure:5578: checking for tsearch
configure:5578: gcc -o conftest.exe -O2 -gdwarf-4 -g3       -Wl,--stack,12582912 conftest.c  >&5
configure:5578: $? = 0
configure:5578: result: yes
configure:5578: checking for __argz_count
configure:5578: gcc -o conftest.exe -O2 -gdwarf-4 -g3       -Wl,--stack,12582912 conftest.c  >&5
d:/usr/bin/../lib/gcc/mingw32/9.2.0/../../../../mingw32/bin/ld.exe: C:\DOCUME~1\Zaretzky\LOCALS~1\Temp\ccApKlPE.o: in function `main':
d:\gnu\gdb-13.1\intl/conftest.c:86: undefined reference to `__argz_count'
collect2.exe: error: ld returned 1 exit status
configure:5578: $? = 1
configure: failed program was:
| /* confdefs.h */
| #define PACKAGE_NAME ""
| #define PACKAGE_TARNAME ""
| #define PACKAGE_VERSION ""
| #define PACKAGE_STRING ""
| #define PACKAGE_BUGREPORT ""
| #define PACKAGE_URL ""
| #define STDC_HEADERS 1
| #define HAVE_SYS_TYPES_H 1
| #define HAVE_SYS_STAT_H 1
| #define HAVE_STDLIB_H 1
| #define HAVE_STRING_H 1
| #define HAVE_MEMORY_H 1
| #define HAVE_STRINGS_H 1
| #define HAVE_INTTYPES_H 1
| #define HAVE_STDINT_H 1
| #define HAVE_UNISTD_H 1
| #define __EXTENSIONS__ 1
| #define _ALL_SOURCE 1
| #define _GNU_SOURCE 1
| #define _POSIX_PTHREAD_SEMANTICS 1
| #define _TANDEM_SOURCE 1
| #define HAVE_ALLOCA_H 1
| #define HAVE_ALLOCA 1
| #define HAVE_STDLIB_H 1
| #define HAVE_UNISTD_H 1
| #define HAVE_SYS_PARAM_H 1
| #define HAVE_GETPAGESIZE 1
| #define INTDIV0_RAISES_SIGFPE 1
| #define HAVE_INTTYPES_H_WITH_UINTMAX 1
| #define HAVE_STDINT_H_WITH_UINTMAX 1
| #define HAVE_UNSIGNED_LONG_LONG 1
| #define HAVE_UINTMAX_T 1
| #define HAVE_INTTYPES_H 1
| #define HAVE_LIMITS_H 1
| #define HAVE_LOCALE_H 1
| #define HAVE_MALLOC_H 1
| #define HAVE_STDDEF_H 1
| #define HAVE_STDLIB_H 1
| #define HAVE_STRING_H 1
| #define HAVE_UNISTD_H 1
| #define HAVE_SYS_PARAM_H 1
| #define HAVE_GETCWD 1
| #define HAVE_PUTENV 1
| #define HAVE_SETENV 1
| #define HAVE_SETLOCALE 1
| #define HAVE_STRCASECMP 1
| #define HAVE_STRDUP 1
| #define HAVE_STRTOUL 1
| #define HAVE_TSEARCH 1
| /* end confdefs.h.  */
| /* Define __argz_count to an innocuous variant, in case <limits.h> declares __argz_count.
|    For example, HP-UX 11i <limits.h> declares gettimeofday.  */
| #define __argz_count innocuous___argz_count
| 
| /* System header to define __stub macros and hopefully few prototypes,
|     which can conflict with char __argz_count (); below.
|     Prefer <limits.h> to <assert.h> if __STDC__ is defined, since
|     <limits.h> exists even on freestanding compilers.  */
| 
| #ifdef __STDC__
| # include <limits.h>
| #else
| # include <assert.h>
| #endif
| 
| #undef __argz_count
| 
| /* Override any GCC internal prototype to avoid an error.
|    Use char because int might match the return type of a GCC
|    builtin and then its argument prototype would still apply.  */
| #ifdef __cplusplus
| extern "C"
| #endif
| char __argz_count ();
| /* The GNU C library defines this for functions which it implements
|     to always fail with ENOSYS.  Some functions are actually named
|     something starting with __ and the normal name is an alias.  */
| #if defined __stub___argz_count || defined __stub_____argz_count
| choke me
| #endif
| 
| int
| main ()
| {
| return __argz_count ();
|   ;
|   return 0;
| }
configure:5578: result: no
configure:5578: checking for __argz_stringify
configure:5578: gcc -o conftest.exe -O2 -gdwarf-4 -g3       -Wl,--stack,12582912 conftest.c  >&5
d:/usr/bin/../lib/gcc/mingw32/9.2.0/../../../../mingw32/bin/ld.exe: C:\DOCUME~1\Zaretzky\LOCALS~1\Temp\cc4VFeCn.o: in function `main':
d:\gnu\gdb-13.1\intl/conftest.c:86: undefined reference to `__argz_stringify'
collect2.exe: error: ld returned 1 exit status
configure:5578: $? = 1
configure: failed program was:
| /* confdefs.h */
| #define PACKAGE_NAME ""
| #define PACKAGE_TARNAME ""
| #define PACKAGE_VERSION ""
| #define PACKAGE_STRING ""
| #define PACKAGE_BUGREPORT ""
| #define PACKAGE_URL ""
| #define STDC_HEADERS 1
| #define HAVE_SYS_TYPES_H 1
| #define HAVE_SYS_STAT_H 1
| #define HAVE_STDLIB_H 1
| #define HAVE_STRING_H 1
| #define HAVE_MEMORY_H 1
| #define HAVE_STRINGS_H 1
| #define HAVE_INTTYPES_H 1
| #define HAVE_STDINT_H 1
| #define HAVE_UNISTD_H 1
| #define __EXTENSIONS__ 1
| #define _ALL_SOURCE 1
| #define _GNU_SOURCE 1
| #define _POSIX_PTHREAD_SEMANTICS 1
| #define _TANDEM_SOURCE 1
| #define HAVE_ALLOCA_H 1
| #define HAVE_ALLOCA 1
| #define HAVE_STDLIB_H 1
| #define HAVE_UNISTD_H 1
| #define HAVE_SYS_PARAM_H 1
| #define HAVE_GETPAGESIZE 1
| #define INTDIV0_RAISES_SIGFPE 1
| #define HAVE_INTTYPES_H_WITH_UINTMAX 1
| #define HAVE_STDINT_H_WITH_UINTMAX 1
| #define HAVE_UNSIGNED_LONG_LONG 1
| #define HAVE_UINTMAX_T 1
| #define HAVE_INTTYPES_H 1
| #define HAVE_LIMITS_H 1
| #define HAVE_LOCALE_H 1
| #define HAVE_MALLOC_H 1
| #define HAVE_STDDEF_H 1
| #define HAVE_STDLIB_H 1
| #define HAVE_STRING_H 1
| #define HAVE_UNISTD_H 1
| #define HAVE_SYS_PARAM_H 1
| #define HAVE_GETCWD 1
| #define HAVE_PUTENV 1
| #define HAVE_SETENV 1
| #define HAVE_SETLOCALE 1
| #define HAVE_STRCASECMP 1
| #define HAVE_STRDUP 1
| #define HAVE_STRTOUL 1
| #define HAVE_TSEARCH 1
| /* end confdefs.h.  */
| /* Define __argz_stringify to an innocuous variant, in case <limits.h> declares __argz_stringify.
|    For example, HP-UX 11i <limits.h> declares gettimeofday.  */
| #define __argz_stringify innocuous___argz_stringify
| 
| /* System header to define __stub macros and hopefully few prototypes,
|     which can conflict with char __argz_stringify (); below.
|     Prefer <limits.h> to <assert.h> if __STDC__ is defined, since
|     <limits.h> exists even on freestanding compilers.  */
| 
| #ifdef __STDC__
| # include <limits.h>
| #else
| # include <assert.h>
| #endif
| 
| #undef __argz_stringify
| 
| /* Override any GCC internal prototype to avoid an error.
|    Use char because int might match the return type of a GCC
|    builtin and then its argument prototype would still apply.  */
| #ifdef __cplusplus
| extern "C"
| #endif
| char __argz_stringify ();
| /* The GNU C library defines this for functions which it implements
|     to always fail with ENOSYS.  Some functions are actually named
|     something starting with __ and the normal name is an alias.  */
| #if defined __stub___argz_stringify || defined __stub_____argz_stringify
| choke me
| #endif
| 
| int
| main ()
| {
| return __argz_stringify ();
|   ;
|   return 0;
| }
configure:5578: result: no
configure:5578: checking for __argz_next
configure:5578: gcc -o conftest.exe -O2 -gdwarf-4 -g3       -Wl,--stack,12582912 conftest.c  >&5
d:/usr/bin/../lib/gcc/mingw32/9.2.0/../../../../mingw32/bin/ld.exe: C:\DOCUME~1\Zaretzky\LOCALS~1\Temp\ccGT6d9m.o: in function `main':
d:\gnu\gdb-13.1\intl/conftest.c:86: undefined reference to `__argz_next'
collect2.exe: error: ld returned 1 exit status
configure:5578: $? = 1
configure: failed program was:
| /* confdefs.h */
| #define PACKAGE_NAME ""
| #define PACKAGE_TARNAME ""
| #define PACKAGE_VERSION ""
| #define PACKAGE_STRING ""
| #define PACKAGE_BUGREPORT ""
| #define PACKAGE_URL ""
| #define STDC_HEADERS 1
| #define HAVE_SYS_TYPES_H 1
| #define HAVE_SYS_STAT_H 1
| #define HAVE_STDLIB_H 1
| #define HAVE_STRING_H 1
| #define HAVE_MEMORY_H 1
| #define HAVE_STRINGS_H 1
| #define HAVE_INTTYPES_H 1
| #define HAVE_STDINT_H 1
| #define HAVE_UNISTD_H 1
| #define __EXTENSIONS__ 1
| #define _ALL_SOURCE 1
| #define _GNU_SOURCE 1
| #define _POSIX_PTHREAD_SEMANTICS 1
| #define _TANDEM_SOURCE 1
| #define HAVE_ALLOCA_H 1
| #define HAVE_ALLOCA 1
| #define HAVE_STDLIB_H 1
| #define HAVE_UNISTD_H 1
| #define HAVE_SYS_PARAM_H 1
| #define HAVE_GETPAGESIZE 1
| #define INTDIV0_RAISES_SIGFPE 1
| #define HAVE_INTTYPES_H_WITH_UINTMAX 1
| #define HAVE_STDINT_H_WITH_UINTMAX 1
| #define HAVE_UNSIGNED_LONG_LONG 1
| #define HAVE_UINTMAX_T 1
| #define HAVE_INTTYPES_H 1
| #define HAVE_LIMITS_H 1
| #define HAVE_LOCALE_H 1
| #define HAVE_MALLOC_H 1
| #define HAVE_STDDEF_H 1
| #define HAVE_STDLIB_H 1
| #define HAVE_STRING_H 1
| #define HAVE_UNISTD_H 1
| #define HAVE_SYS_PARAM_H 1
| #define HAVE_GETCWD 1
| #define HAVE_PUTENV 1
| #define HAVE_SETENV 1
| #define HAVE_SETLOCALE 1
| #define HAVE_STRCASECMP 1
| #define HAVE_STRDUP 1
| #define HAVE_STRTOUL 1
| #define HAVE_TSEARCH 1
| /* end confdefs.h.  */
| /* Define __argz_next to an innocuous variant, in case <limits.h> declares __argz_next.
|    For example, HP-UX 11i <limits.h> declares gettimeofday.  */
| #define __argz_next innocuous___argz_next
| 
| /* System header to define __stub macros and hopefully few prototypes,
|     which can conflict with char __argz_next (); below.
|     Prefer <limits.h> to <assert.h> if __STDC__ is defined, since
|     <limits.h> exists even on freestanding compilers.  */
| 
| #ifdef __STDC__
| # include <limits.h>
| #else
| # include <assert.h>
| #endif
| 
| #undef __argz_next
| 
| /* Override any GCC internal prototype to avoid an error.
|    Use char because int might match the return type of a GCC
|    builtin and then its argument prototype would still apply.  */
| #ifdef __cplusplus
| extern "C"
| #endif
| char __argz_next ();
| /* The GNU C library defines this for functions which it implements
|     to always fail with ENOSYS.  Some functions are actually named
|     something starting with __ and the normal name is an alias.  */
| #if defined __stub___argz_next || defined __stub_____argz_next
| choke me
| #endif
| 
| int
| main ()
| {
| return __argz_next ();
|   ;
|   return 0;
| }
configure:5578: result: no
configure:5578: checking for __fsetlocking
configure:5578: gcc -o conftest.exe -O2 -gdwarf-4 -g3       -Wl,--stack,12582912 conftest.c  >&5
d:/usr/bin/../lib/gcc/mingw32/9.2.0/../../../../mingw32/bin/ld.exe: C:\DOCUME~1\Zaretzky\LOCALS~1\Temp\ccO7diQo.o: in function `main':
d:\gnu\gdb-13.1\intl/conftest.c:86: undefined reference to `__fsetlocking'
collect2.exe: error: ld returned 1 exit status
configure:5578: $? = 1
configure: failed program was:
| /* confdefs.h */
| #define PACKAGE_NAME ""
| #define PACKAGE_TARNAME ""
| #define PACKAGE_VERSION ""
| #define PACKAGE_STRING ""
| #define PACKAGE_BUGREPORT ""
| #define PACKAGE_URL ""
| #define STDC_HEADERS 1
| #define HAVE_SYS_TYPES_H 1
| #define HAVE_SYS_STAT_H 1
| #define HAVE_STDLIB_H 1
| #define HAVE_STRING_H 1
| #define HAVE_MEMORY_H 1
| #define HAVE_STRINGS_H 1
| #define HAVE_INTTYPES_H 1
| #define HAVE_STDINT_H 1
| #define HAVE_UNISTD_H 1
| #define __EXTENSIONS__ 1
| #define _ALL_SOURCE 1
| #define _GNU_SOURCE 1
| #define _POSIX_PTHREAD_SEMANTICS 1
| #define _TANDEM_SOURCE 1
| #define HAVE_ALLOCA_H 1
| #define HAVE_ALLOCA 1
| #define HAVE_STDLIB_H 1
| #define HAVE_UNISTD_H 1
| #define HAVE_SYS_PARAM_H 1
| #define HAVE_GETPAGESIZE 1
| #define INTDIV0_RAISES_SIGFPE 1
| #define HAVE_INTTYPES_H_WITH_UINTMAX 1
| #define HAVE_STDINT_H_WITH_UINTMAX 1
| #define HAVE_UNSIGNED_LONG_LONG 1
| #define HAVE_UINTMAX_T 1
| #define HAVE_INTTYPES_H 1
| #define HAVE_LIMITS_H 1
| #define HAVE_LOCALE_H 1
| #define HAVE_MALLOC_H 1
| #define HAVE_STDDEF_H 1
| #define HAVE_STDLIB_H 1
| #define HAVE_STRING_H 1
| #define HAVE_UNISTD_H 1
| #define HAVE_SYS_PARAM_H 1
| #define HAVE_GETCWD 1
| #define HAVE_PUTENV 1
| #define HAVE_SETENV 1
| #define HAVE_SETLOCALE 1
| #define HAVE_STRCASECMP 1
| #define HAVE_STRDUP 1
| #define HAVE_STRTOUL 1
| #define HAVE_TSEARCH 1
| /* end confdefs.h.  */
| /* Define __fsetlocking to an innocuous variant, in case <limits.h> declares __fsetlocking.
|    For example, HP-UX 11i <limits.h> declares gettimeofday.  */
| #define __fsetlocking innocuous___fsetlocking
| 
| /* System header to define __stub macros and hopefully few prototypes,
|     which can conflict with char __fsetlocking (); below.
|     Prefer <limits.h> to <assert.h> if __STDC__ is defined, since
|     <limits.h> exists even on freestanding compilers.  */
| 
| #ifdef __STDC__
| # include <limits.h>
| #else
| # include <assert.h>
| #endif
| 
| #undef __fsetlocking
| 
| /* Override any GCC internal prototype to avoid an error.
|    Use char because int might match the return type of a GCC
|    builtin and then its argument prototype would still apply.  */
| #ifdef __cplusplus
| extern "C"
| #endif
| char __fsetlocking ();
| /* The GNU C library defines this for functions which it implements
|     to always fail with ENOSYS.  Some functions are actually named
|     something starting with __ and the normal name is an alias.  */
| #if defined __stub___fsetlocking || defined __stub_____fsetlocking
| choke me
| #endif
| 
| int
| main ()
| {
| return __fsetlocking ();
|   ;
|   return 0;
| }
configure:5578: result: no
configure:5593: checking for iconv
configure:5617: gcc -o conftest.exe -O2 -gdwarf-4 -g3      -Id:/usr/include  -Wl,--stack,12582912 conftest.c  >&5
d:/usr/bin/../lib/gcc/mingw32/9.2.0/../../../../mingw32/bin/ld.exe: C:\DOCUME~1\Zaretzky\LOCALS~1\Temp\ccC68a12.o: in function `main':
d:\gnu\gdb-13.1\intl/conftest.c:57: undefined reference to `libiconv_open'
d:/usr/bin/../lib/gcc/mingw32/9.2.0/../../../../mingw32/bin/ld.exe: d:\gnu\gdb-13.1\intl/conftest.c:58: undefined reference to `libiconv'
d:/usr/bin/../lib/gcc/mingw32/9.2.0/../../../../mingw32/bin/ld.exe: d:\gnu\gdb-13.1\intl/conftest.c:59: undefined reference to `libiconv_close'
collect2.exe: error: ld returned 1 exit status
configure:5617: $? = 1
configure: failed program was:
| /* confdefs.h */
| #define PACKAGE_NAME ""
| #define PACKAGE_TARNAME ""
| #define PACKAGE_VERSION ""
| #define PACKAGE_STRING ""
| #define PACKAGE_BUGREPORT ""
| #define PACKAGE_URL ""
| #define STDC_HEADERS 1
| #define HAVE_SYS_TYPES_H 1
| #define HAVE_SYS_STAT_H 1
| #define HAVE_STDLIB_H 1
| #define HAVE_STRING_H 1
| #define HAVE_MEMORY_H 1
| #define HAVE_STRINGS_H 1
| #define HAVE_INTTYPES_H 1
| #define HAVE_STDINT_H 1
| #define HAVE_UNISTD_H 1
| #define __EXTENSIONS__ 1
| #define _ALL_SOURCE 1
| #define _GNU_SOURCE 1
| #define _POSIX_PTHREAD_SEMANTICS 1
| #define _TANDEM_SOURCE 1
| #define HAVE_ALLOCA_H 1
| #define HAVE_ALLOCA 1
| #define HAVE_STDLIB_H 1
| #define HAVE_UNISTD_H 1
| #define HAVE_SYS_PARAM_H 1
| #define HAVE_GETPAGESIZE 1
| #define INTDIV0_RAISES_SIGFPE 1
| #define HAVE_INTTYPES_H_WITH_UINTMAX 1
| #define HAVE_STDINT_H_WITH_UINTMAX 1
| #define HAVE_UNSIGNED_LONG_LONG 1
| #define HAVE_UINTMAX_T 1
| #define HAVE_INTTYPES_H 1
| #define HAVE_LIMITS_H 1
| #define HAVE_LOCALE_H 1
| #define HAVE_MALLOC_H 1
| #define HAVE_STDDEF_H 1
| #define HAVE_STDLIB_H 1
| #define HAVE_STRING_H 1
| #define HAVE_UNISTD_H 1
| #define HAVE_SYS_PARAM_H 1
| #define HAVE_GETCWD 1
| #define HAVE_PUTENV 1
| #define HAVE_SETENV 1
| #define HAVE_SETLOCALE 1
| #define HAVE_STRCASECMP 1
| #define HAVE_STRDUP 1
| #define HAVE_STRTOUL 1
| #define HAVE_TSEARCH 1
| /* end confdefs.h.  */
| #include <stdlib.h>
| #include <iconv.h>
| int
| main ()
| {
| iconv_t cd = iconv_open("","");
|        iconv(cd,NULL,NULL,NULL,NULL);
|        iconv_close(cd);
|   ;
|   return 0;
| }
configure:5680: gcc -o conftest.exe -O2 -gdwarf-4 -g3      -Id:/usr/include  -Wl,--stack,12582912 conftest.c  d:/usr/lib/libiconv.a >&5
configure:5680: $? = 0
configure:5691: result: yes
configure:5722: checking how to link with libiconv
configure:5724: result: d:/usr/lib/libiconv.a
configure:5734: checking for iconv declaration
configure:5763: gcc -c -O2 -gdwarf-4 -g3     -Id:/usr/include conftest.c >&5
configure:5763: $? = 0
configure:5774: result: 
         extern size_t iconv (iconv_t cd, char * *inbuf, size_t *inbytesleft, char * *outbuf, size_t *outbytesleft);
configure:5785: checking for nl_langinfo and CODESET
configure:5801: gcc -o conftest.exe -O2 -gdwarf-4 -g3     -Id:/usr/include  -Wl,--stack,12582912 conftest.c  >&5
conftest.c:54:10: fatal error: langinfo.h: No such file or directory
   54 | #include <langinfo.h>
      |          ^~~~~~~~~~~~
compilation terminated.
configure:5801: $? = 1
configure: failed program was:
| /* confdefs.h */
| #define PACKAGE_NAME ""
| #define PACKAGE_TARNAME ""
| #define PACKAGE_VERSION ""
| #define PACKAGE_STRING ""
| #define PACKAGE_BUGREPORT ""
| #define PACKAGE_URL ""
| #define STDC_HEADERS 1
| #define HAVE_SYS_TYPES_H 1
| #define HAVE_SYS_STAT_H 1
| #define HAVE_STDLIB_H 1
| #define HAVE_STRING_H 1
| #define HAVE_MEMORY_H 1
| #define HAVE_STRINGS_H 1
| #define HAVE_INTTYPES_H 1
| #define HAVE_STDINT_H 1
| #define HAVE_UNISTD_H 1
| #define __EXTENSIONS__ 1
| #define _ALL_SOURCE 1
| #define _GNU_SOURCE 1
| #define _POSIX_PTHREAD_SEMANTICS 1
| #define _TANDEM_SOURCE 1
| #define HAVE_ALLOCA_H 1
| #define HAVE_ALLOCA 1
| #define HAVE_STDLIB_H 1
| #define HAVE_UNISTD_H 1
| #define HAVE_SYS_PARAM_H 1
| #define HAVE_GETPAGESIZE 1
| #define INTDIV0_RAISES_SIGFPE 1
| #define HAVE_INTTYPES_H_WITH_UINTMAX 1
| #define HAVE_STDINT_H_WITH_UINTMAX 1
| #define HAVE_UNSIGNED_LONG_LONG 1
| #define HAVE_UINTMAX_T 1
| #define HAVE_INTTYPES_H 1
| #define HAVE_LIMITS_H 1
| #define HAVE_LOCALE_H 1
| #define HAVE_MALLOC_H 1
| #define HAVE_STDDEF_H 1
| #define HAVE_STDLIB_H 1
| #define HAVE_STRING_H 1
| #define HAVE_UNISTD_H 1
| #define HAVE_SYS_PARAM_H 1
| #define HAVE_GETCWD 1
| #define HAVE_PUTENV 1
| #define HAVE_SETENV 1
| #define HAVE_SETLOCALE 1
| #define HAVE_STRCASECMP 1
| #define HAVE_STRDUP 1
| #define HAVE_STRTOUL 1
| #define HAVE_TSEARCH 1
| #define HAVE_ICONV 1
| #define ICONV_CONST 
| /* end confdefs.h.  */
| #include <langinfo.h>
| int
| main ()
| {
| char* cs = nl_langinfo(CODESET);
|   ;
|   return 0;
| }
configure:5810: result: no
configure:5820: checking for LC_MESSAGES
configure:5836: gcc -o conftest.exe -O2 -gdwarf-4 -g3     -Id:/usr/include  -Wl,--stack,12582912 conftest.c  >&5
conftest.c: In function 'main':
conftest.c:58:8: error: 'LC_MESSAGES' undeclared (first use in this function)
   58 | return LC_MESSAGES
      |        ^~~~~~~~~~~
conftest.c:58:8: note: each undeclared identifier is reported only once for each function it appears in
configure:5836: $? = 1
configure: failed program was:
| /* confdefs.h */
| #define PACKAGE_NAME ""
| #define PACKAGE_TARNAME ""
| #define PACKAGE_VERSION ""
| #define PACKAGE_STRING ""
| #define PACKAGE_BUGREPORT ""
| #define PACKAGE_URL ""
| #define STDC_HEADERS 1
| #define HAVE_SYS_TYPES_H 1
| #define HAVE_SYS_STAT_H 1
| #define HAVE_STDLIB_H 1
| #define HAVE_STRING_H 1
| #define HAVE_MEMORY_H 1
| #define HAVE_STRINGS_H 1
| #define HAVE_INTTYPES_H 1
| #define HAVE_STDINT_H 1
| #define HAVE_UNISTD_H 1
| #define __EXTENSIONS__ 1
| #define _ALL_SOURCE 1
| #define _GNU_SOURCE 1
| #define _POSIX_PTHREAD_SEMANTICS 1
| #define _TANDEM_SOURCE 1
| #define HAVE_ALLOCA_H 1
| #define HAVE_ALLOCA 1
| #define HAVE_STDLIB_H 1
| #define HAVE_UNISTD_H 1
| #define HAVE_SYS_PARAM_H 1
| #define HAVE_GETPAGESIZE 1
| #define INTDIV0_RAISES_SIGFPE 1
| #define HAVE_INTTYPES_H_WITH_UINTMAX 1
| #define HAVE_STDINT_H_WITH_UINTMAX 1
| #define HAVE_UNSIGNED_LONG_LONG 1
| #define HAVE_UINTMAX_T 1
| #define HAVE_INTTYPES_H 1
| #define HAVE_LIMITS_H 1
| #define HAVE_LOCALE_H 1
| #define HAVE_MALLOC_H 1
| #define HAVE_STDDEF_H 1
| #define HAVE_STDLIB_H 1
| #define HAVE_STRING_H 1
| #define HAVE_UNISTD_H 1
| #define HAVE_SYS_PARAM_H 1
| #define HAVE_GETCWD 1
| #define HAVE_PUTENV 1
| #define HAVE_SETENV 1
| #define HAVE_SETLOCALE 1
| #define HAVE_STRCASECMP 1
| #define HAVE_STRDUP 1
| #define HAVE_STRTOUL 1
| #define HAVE_TSEARCH 1
| #define HAVE_ICONV 1
| #define ICONV_CONST 
| /* end confdefs.h.  */
| #include <locale.h>
| int
| main ()
| {
| return LC_MESSAGES
|   ;
|   return 0;
| }
configure:5844: result: no
configure:5858: checking for bison
configure:5874: found /bin/bison
configure:5885: result: bison
configure:5899: checking version of bison
configure:5908: result: 2.4.2, ok
configure:5930: checking whether NLS is requested
configure:5939: result: yes
configure:5955: checking whether included gettext is requested
configure:5965: result: no
configure:5976: checking for GNU gettext in libc
configure:6001: gcc -o conftest.exe -O2 -gdwarf-4 -g3     -Id:/usr/include  -Wl,--stack,12582912 conftest.c  >&5
d:/usr/bin/../lib/gcc/mingw32/9.2.0/../../../../mingw32/bin/ld.exe: C:\DOCUME~1\Zaretzky\LOCALS~1\Temp\ccm8iJoE.o: in function `main':
d:\gnu\gdb-13.1\intl/conftest.c:66: undefined reference to `libintl_bindtextdomain'
d:/usr/bin/../lib/gcc/mingw32/9.2.0/../../../../mingw32/bin/ld.exe: d:\gnu\gdb-13.1\intl/conftest.c:67: undefined reference to `libintl_gettext'
d:/usr/bin/../lib/gcc/mingw32/9.2.0/../../../../mingw32/bin/ld.exe: d:\gnu\gdb-13.1\intl/conftest.c:67: undefined reference to `libintl_ngettext'
collect2.exe: error: ld returned 1 exit status
configure:6001: $? = 1
configure: failed program was:
| /* confdefs.h */
| #define PACKAGE_NAME ""
| #define PACKAGE_TARNAME ""
| #define PACKAGE_VERSION ""
| #define PACKAGE_STRING ""
| #define PACKAGE_BUGREPORT ""
| #define PACKAGE_URL ""
| #define STDC_HEADERS 1
| #define HAVE_SYS_TYPES_H 1
| #define HAVE_SYS_STAT_H 1
| #define HAVE_STDLIB_H 1
| #define HAVE_STRING_H 1
| #define HAVE_MEMORY_H 1
| #define HAVE_STRINGS_H 1
| #define HAVE_INTTYPES_H 1
| #define HAVE_STDINT_H 1
| #define HAVE_UNISTD_H 1
| #define __EXTENSIONS__ 1
| #define _ALL_SOURCE 1
| #define _GNU_SOURCE 1
| #define _POSIX_PTHREAD_SEMANTICS 1
| #define _TANDEM_SOURCE 1
| #define HAVE_ALLOCA_H 1
| #define HAVE_ALLOCA 1
| #define HAVE_STDLIB_H 1
| #define HAVE_UNISTD_H 1
| #define HAVE_SYS_PARAM_H 1
| #define HAVE_GETPAGESIZE 1
| #define INTDIV0_RAISES_SIGFPE 1
| #define HAVE_INTTYPES_H_WITH_UINTMAX 1
| #define HAVE_STDINT_H_WITH_UINTMAX 1
| #define HAVE_UNSIGNED_LONG_LONG 1
| #define HAVE_UINTMAX_T 1
| #define HAVE_INTTYPES_H 1
| #define HAVE_LIMITS_H 1
| #define HAVE_LOCALE_H 1
| #define HAVE_MALLOC_H 1
| #define HAVE_STDDEF_H 1
| #define HAVE_STDLIB_H 1
| #define HAVE_STRING_H 1
| #define HAVE_UNISTD_H 1
| #define HAVE_SYS_PARAM_H 1
| #define HAVE_GETCWD 1
| #define HAVE_PUTENV 1
| #define HAVE_SETENV 1
| #define HAVE_SETLOCALE 1
| #define HAVE_STRCASECMP 1
| #define HAVE_STRDUP 1
| #define HAVE_STRTOUL 1
| #define HAVE_TSEARCH 1
| #define HAVE_ICONV 1
| #define ICONV_CONST 
| /* end confdefs.h.  */
| #include <libintl.h>
| #ifndef __GNU_GETTEXT_SUPPORTED_REVISION
| extern int _nl_msg_cat_cntr;
| extern int *_nl_domain_bindings;
| #define __GNU_GETTEXT_SYMBOL_EXPRESSION (_nl_msg_cat_cntr + *_nl_domain_bindings)
| #else
| #define __GNU_GETTEXT_SYMBOL_EXPRESSION 0
| #endif
| 
| int
| main ()
| {
| bindtextdomain ("", "");
| return (int) gettext ("") + (int) ngettext ("", "", 0) + __GNU_GETTEXT_SYMBOL_EXPRESSION
|   ;
|   return 0;
| }
configure:6009: result: no
configure:6407: checking for GNU gettext in libintl
configure:6440: gcc -o conftest.exe -O2 -gdwarf-4 -g3     -Id:/usr/include   -Wl,--stack,12582912 conftest.c  d:/usr/lib/libintl.a d:/usr/lib/libiconv.a >&5
configure:6440: $? = 0
configure:6485: result: yes
configure:6530: checking whether to use NLS
configure:6532: result: yes
configure:6535: checking where the gettext function comes from
configure:6546: result: external libintl
configure:6554: checking how to link with libintl
configure:6556: result: d:/usr/lib/libintl.a d:/usr/lib/libiconv.a
configure:6660: checking for aclocal
configure:6676: found /bin/aclocal
configure:6687: result: aclocal
configure:6703: checking for autoconf
configure:6719: found /bin/autoconf
configure:6730: result: autoconf
configure:6746: checking for autoheader
configure:6762: found /bin/autoheader
configure:6773: result: autoheader
configure:6901: checking bison 3 or later
configure:6909: result: 2.4.2, old
configure:6986: updating cache ./config.cache
configure:7035: creating ./config.status

## ---------------------- ##
## Running config.status. ##
## ---------------------- ##

This file was extended by config.status, which was
generated by GNU Autoconf 2.69.  Invocation command line was

  CONFIG_FILES    = 
  CONFIG_HEADERS  = 
  CONFIG_LINKS    = 
  CONFIG_COMMANDS = 
  $ ./config.status 

on home-c4e4a596f7

config.status:906: creating Makefile
config.status:906: creating config.intl
config.status:906: creating config.h
config.status:1095: executing default-1 commands

## ---------------- ##
## Cache variables. ##
## ---------------- ##

ac_cv_build=i686-pc-mingw32
ac_cv_c_compiler_gnu=yes
ac_cv_c_const=yes
ac_cv_c_inline=inline
ac_cv_env_CC_set=set
ac_cv_env_CC_value=gcc
ac_cv_env_CFLAGS_set=set
ac_cv_env_CFLAGS_value='-O2 -gdwarf-4 -g3    '
ac_cv_env_CPPFLAGS_set=
ac_cv_env_CPPFLAGS_value=
ac_cv_env_CPP_set=
ac_cv_env_CPP_value=
ac_cv_env_LDFLAGS_set=set
ac_cv_env_LDFLAGS_value=' -Wl,--stack,12582912'
ac_cv_env_LIBS_set=
ac_cv_env_LIBS_value=
ac_cv_env_build_alias_set=set
ac_cv_env_build_alias_value=i686-pc-mingw32
ac_cv_env_host_alias_set=set
ac_cv_env_host_alias_value=i686-pc-mingw32
ac_cv_env_target_alias_set=set
ac_cv_env_target_alias_value=i686-pc-mingw32
ac_cv_exeext=.exe
ac_cv_func___argz_count=no
ac_cv_func___argz_next=no
ac_cv_func___argz_stringify=no
ac_cv_func___fsetlocking=no
ac_cv_func_alloca_works=yes
ac_cv_func_feof_unlocked=no
ac_cv_func_fgets_unlocked=no
ac_cv_func_getc_unlocked=no
ac_cv_func_getcwd=yes
ac_cv_func_getegid=no
ac_cv_func_geteuid=no
ac_cv_func_getgid=no
ac_cv_func_getpagesize=yes
ac_cv_func_getuid=no
ac_cv_func_mempcpy=no
ac_cv_func_mmap_fixed_mapped=no
ac_cv_func_munmap=no
ac_cv_func_putenv=yes
ac_cv_func_setenv=yes
ac_cv_func_setlocale=yes
ac_cv_func_stpcpy=no
ac_cv_func_strcasecmp=yes
ac_cv_func_strdup=yes
ac_cv_func_strtoul=yes
ac_cv_func_tsearch=yes
ac_cv_gnu_library_2_1=no
ac_cv_header_argz_h=no
ac_cv_header_inttypes_h=yes
ac_cv_header_limits_h=yes
ac_cv_header_locale_h=yes
ac_cv_header_malloc_h=yes
ac_cv_header_memory_h=yes
ac_cv_header_minix_config_h=no
ac_cv_header_nl_types_h=no
ac_cv_header_stdc=yes
ac_cv_header_stddef_h=yes
ac_cv_header_stdint_h=yes
ac_cv_header_stdlib_h=yes
ac_cv_header_string_h=yes
ac_cv_header_strings_h=yes
ac_cv_header_sys_param_h=yes
ac_cv_header_sys_stat_h=yes
ac_cv_header_sys_types_h=yes
ac_cv_header_unistd_h=yes
ac_cv_host=i686-pc-mingw32
ac_cv_objext=o
ac_cv_path_EGREP='/bin/grep -E'
ac_cv_path_GMSGFMT=/d/usr/bin/msgfmt
ac_cv_path_GREP=/bin/grep
ac_cv_path_MSGFMT=/d/usr/bin/msgfmt
ac_cv_path_MSGMERGE=/d/usr/bin/msgmerge
ac_cv_path_XGETTEXT=/d/usr/bin/xgettext
ac_cv_prog_ACLOCAL=aclocal
ac_cv_prog_AUTOCONF=autoconf
ac_cv_prog_AUTOHEADER=autoheader
ac_cv_prog_CC=gcc
ac_cv_prog_CPP='gcc -E'
ac_cv_prog_INTLBISON=bison
ac_cv_prog_RANLIB='ranlib --plugin d:/usr/bin/../libexec/gcc/mingw32/9.2.0/liblto_plugin-0.dll'
ac_cv_prog_cc_c89=
ac_cv_prog_cc_g=yes
ac_cv_prog_make_make_set=yes
ac_cv_safe_to_define___extensions__=yes
ac_cv_search_strerror='none required'
ac_cv_type_off_t=yes
ac_cv_type_size_t=yes
ac_cv_type_unsigned_long_long=yes
ac_cv_working_alloca_h=yes
acl_cv_hardcode_direct=no
acl_cv_hardcode_libdir_flag_spec='${wl}-rpath ${wl}$libdir'
acl_cv_hardcode_libdir_separator=
acl_cv_hardcode_minus_L=no
acl_cv_libext=a
acl_cv_path_LD=d:/usr/bin/../lib/gcc/mingw32/9.2.0/../../../../mingw32/bin/ld.exe
acl_cv_prog_gnu_ld=yes
acl_cv_rpath=done
acl_cv_shlibext=dll
acl_cv_wl=-Wl,
am_cv_func_iconv=yes
am_cv_langinfo_codeset=no
am_cv_lib_iconv=yes
am_cv_proto_iconv='extern size_t iconv (iconv_t cd, char * *inbuf, size_t *inbytesleft, char * *outbuf, size_t *outbytesleft);'
am_cv_proto_iconv_arg1=
am_cv_val_LC_MESSAGES=no
gt_cv_func_gnugettext2_libc=no
gt_cv_func_gnugettext2_libintl=yes
gt_cv_header_inttypes_h=yes
gt_cv_int_divbyzero_sigfpe=yes
gt_cv_inttypes_pri_broken=no
jm_ac_cv_header_inttypes_h=yes
jm_ac_cv_header_stdint_h=yes
nls_cv_force_use_gnu_gettext=no
nls_cv_header_intl=
nls_cv_header_libgt=
nls_cv_use_gnu_gettext=no

## ----------------- ##
## Output variables. ##
## ----------------- ##

ACLOCAL='aclocal'
ALLOCA=''
AUTOCONF='autoconf'
AUTOHEADER='autoheader'
BISON3_NO=''
BISON3_YES='#'
BUILD_INCLUDED_LIBINTL='no'
CATOBJEXT='.gmo'
CC='gcc'
CFLAGS='-O2 -gdwarf-4 -g3    '
CPP='gcc -E'
CPPFLAGS='-Id:/usr/include'
DATADIRNAME='share'
DEFS='-DHAVE_CONFIG_H'
ECHO_C=''
ECHO_N='-n'
ECHO_T=''
EGREP='/bin/grep -E'
EXEEXT='.exe'
GENCAT='gencat'
GLIBC21='no'
GMSGFMT='/d/usr/bin/msgfmt'
GREP='/bin/grep'
INCINTL=''
INSTALL_DATA='/bin/install -c -m 644'
INSTALL_PROGRAM='/bin/install -c'
INSTALL_SCRIPT='/bin/install -c'
INSTOBJEXT='.mo'
INTLBISON='bison'
INTLLIBS='d:/usr/lib/libintl.a d:/usr/lib/libiconv.a'
INTLOBJS=''
INTL_LIBTOOL_SUFFIX_PREFIX=''
LDFLAGS=' -Wl,--stack,12582912'
LIBICONV='d:/usr/lib/libiconv.a'
LIBINTL='d:/usr/lib/libintl.a d:/usr/lib/libiconv.a'
LIBINTL_DEP=''
LIBOBJS=''
LIBS=''
LTLIBICONV='-Ld:/usr/lib -liconv'
LTLIBINTL='-Ld:/usr/lib -lintl -Ld:/usr/lib -liconv'
LTLIBOBJS=''
MAINT='#'
MKINSTALLDIRS='$(top_builddir)/./../mkinstalldirs'
MSGFMT='/d/usr/bin/msgfmt'
MSGMERGE='/d/usr/bin/msgmerge'
OBJEXT='o'
PACKAGE_BUGREPORT=''
PACKAGE_NAME=''
PACKAGE_STRING=''
PACKAGE_TARNAME=''
PACKAGE_URL=''
PACKAGE_VERSION=''
PATH_SEPARATOR=':'
PICFLAG=''
POSUB='po'
RANLIB='ranlib --plugin d:/usr/bin/../libexec/gcc/mingw32/9.2.0/liblto_plugin-0.dll'
SET_MAKE=''
SHELL='/bin/sh'
USE_INCLUDED_LIBINTL='no'
USE_NLS='yes'
XGETTEXT='/d/usr/bin/xgettext'
ac_ct_CC=''
bindir='${exec_prefix}/bin'
build='i686-pc-mingw32'
build_alias='i686-pc-mingw32'
build_cpu='i686'
build_os='mingw32'
build_vendor='pc'
datadir='${datarootdir}'
datarootdir='${prefix}/share'
docdir='${datarootdir}/doc/${PACKAGE}'
dvidir='${docdir}'
exec_prefix='${prefix}'
host='i686-pc-mingw32'
host_alias='i686-pc-mingw32'
host_cpu='i686'
host_os='mingw32'
host_vendor='pc'
htmldir='${docdir}'
includedir='${prefix}/include'
infodir='${datarootdir}/info'
libdir='${exec_prefix}/lib'
libexecdir='${exec_prefix}/libexec'
localedir='${datarootdir}/locale'
localstatedir='${prefix}/var'
mandir='${datarootdir}/man'
oldincludedir='/usr/include'
pdfdir='${docdir}'
prefix='d:/usr'
program_transform_name='s,y,y,'
psdir='${docdir}'
sbindir='${exec_prefix}/sbin'
sharedstatedir='${prefix}/com'
sysconfdir='${prefix}/etc'
target_alias='i686-pc-mingw32'

## ----------- ##
## confdefs.h. ##
## ----------- ##

/* confdefs.h */
#define PACKAGE_NAME ""
#define PACKAGE_TARNAME ""
#define PACKAGE_VERSION ""
#define PACKAGE_STRING ""
#define PACKAGE_BUGREPORT ""
#define PACKAGE_URL ""
#define STDC_HEADERS 1
#define HAVE_SYS_TYPES_H 1
#define HAVE_SYS_STAT_H 1
#define HAVE_STDLIB_H 1
#define HAVE_STRING_H 1
#define HAVE_MEMORY_H 1
#define HAVE_STRINGS_H 1
#define HAVE_INTTYPES_H 1
#define HAVE_STDINT_H 1
#define HAVE_UNISTD_H 1
#define __EXTENSIONS__ 1
#define _ALL_SOURCE 1
#define _GNU_SOURCE 1
#define _POSIX_PTHREAD_SEMANTICS 1
#define _TANDEM_SOURCE 1
#define HAVE_ALLOCA_H 1
#define HAVE_ALLOCA 1
#define HAVE_STDLIB_H 1
#define HAVE_UNISTD_H 1
#define HAVE_SYS_PARAM_H 1
#define HAVE_GETPAGESIZE 1
#define INTDIV0_RAISES_SIGFPE 1
#define HAVE_INTTYPES_H_WITH_UINTMAX 1
#define HAVE_STDINT_H_WITH_UINTMAX 1
#define HAVE_UNSIGNED_LONG_LONG 1
#define HAVE_UINTMAX_T 1
#define HAVE_INTTYPES_H 1
#define HAVE_LIMITS_H 1
#define HAVE_LOCALE_H 1
#define HAVE_MALLOC_H 1
#define HAVE_STDDEF_H 1
#define HAVE_STDLIB_H 1
#define HAVE_STRING_H 1
#define HAVE_UNISTD_H 1
#define HAVE_SYS_PARAM_H 1
#define HAVE_GETCWD 1
#define HAVE_PUTENV 1
#define HAVE_SETENV 1
#define HAVE_SETLOCALE 1
#define HAVE_STRCASECMP 1
#define HAVE_STRDUP 1
#define HAVE_STRTOUL 1
#define HAVE_TSEARCH 1
#define HAVE_ICONV 1
#define ICONV_CONST 
#define ENABLE_NLS 1
#define HAVE_GETTEXT 1
#define HAVE_DCGETTEXT 1
#define IN_LIBINTL 1
#define IN_LIBRARY 1
#define DEPENDS_ON_LIBICONV 1
#define ENABLE_RELOCATABLE 1
#define NO_XMALLOC 1
#define set_relocation_prefix libintl_set_relocation_prefix
#define relocate libintl_relocate

configure: exit 0
