This file contains any messages produced by compilers while
running configure, to aid debugging if configure makes a mistake.

It was created by opcodes configure 2.39.50, which was
generated by GNU Autoconf 2.69.  Invocation command line was

  $ /d/gnu/gdb-13.1/opcodes/configure --srcdir=.././opcodes --cache-file=./config.cache --with-system-zlib --prefix=d:/usr --with-auto-load-dir=$debugdir;$datadir/../auto-load --with-auto-load-safe-path=$debugdir;$datadir/../auto-load --with-gdb-datadir=d:/usr/share/gdb/13.1 --with-python=d:/usr/Python344 --with-system-gdbinit=d:/usr/etc/gdbinit --enable-tui --with-system-zlib --enable-unit-tests --with-pkgversion=MinGW32 GDB --disable-shared --program-transform-name=s,y,y, --disable-option-checking --disable-year2038 --build=i686-pc-mingw32 --host=i686-pc-mingw32 --target=i686-pc-mingw32

## --------- ##
## Platform. ##
## --------- ##

hostname = home-c4e4a596f7
uname -m = i686
uname -r = 1.0.17(0.48/3/2)
uname -s = MINGW32_NT-5.1
uname -v = 2011-04-24 23:39

/usr/bin/uname -p = unknown
/bin/uname -X     = unknown

/bin/arch              = unknown
/usr/bin/arch -k       = unknown
/usr/convex/getsysinfo = unknown
/usr/bin/hostinfo      = unknown
/bin/machine           = unknown
/usr/bin/oslevel       = unknown
/bin/universe          = unknown

PATH: .
PATH: /usr/local/bin
PATH: /mingw/bin
PATH: /bin
PATH: /d/usr/Perl/site/bin
PATH: /d/usr/Perl/bin
PATH: /d/usr/bin
PATH: /c/Program Files/Windows Resource Kits/Tools
PATH: /c/WINDOWS/system32
PATH: /c/WINDOWS
PATH: /c/WINDOWS/System32/Wbem
PATH: /c/Program Files/Common Files/GTK/2.0/bin
PATH: /d/usr/Python344
PATH: /d/usr/Python344/Scripts
PATH: /d/usr/NcFTP
PATH: /d/usr/MS_SupportTools
PATH: /c/Program Files/Common Files/Aladdin Shared/eToken
PATH: /d/usr/Bazaar
PATH: /d/usr/SilkSVN/bin
PATH: /d/usr/Mercurial
PATH: /d/usr/GnuPG


## ----------- ##
## Core tests. ##
## ----------- ##

configure:2417: creating cache ./config.cache
configure:2528: checking build system type
configure:2542: result: i686-pc-mingw32
configure:2562: checking host system type
configure:2575: result: i686-pc-mingw32
configure:2595: checking target system type
configure:2608: result: i686-pc-mingw32
configure:2651: checking for a BSD-compatible install
configure:2719: result: /bin/install -c
configure:2730: checking whether build environment is sane
configure:2785: result: yes
configure:2936: checking for a thread-safe mkdir -p
configure:2975: result: /bin/mkdir -p
configure:2982: checking for gawk
configure:3009: result: gawk
configure:3020: checking whether make sets $(MAKE)
configure:3042: result: yes
configure:3071: checking whether make supports nested variables
configure:3088: result: yes
configure:3225: checking whether make supports nested variables
configure:3242: result: yes
configure:3262: checking for i686-pc-mingw32-gcc
configure:3289: result: gcc
configure:3558: checking for C compiler version
configure:3567: gcc --version >&5
gcc.exe (MinGW.org GCC Build-2) 9.2.0
Copyright (C) 2019 Free Software Foundation, Inc.
This is free software; see the source for copying conditions.  There is NO
warranty; not even for MERCHANTABILITY or FITNESS FOR A PARTICULAR PURPOSE.

configure:3578: $? = 0
configure:3567: gcc -v >&5
Using built-in specs.
COLLECT_GCC=d:\usr\bin\gcc.exe
COLLECT_LTO_WRAPPER=d:/usr/bin/../libexec/gcc/mingw32/9.2.0/lto-wrapper.exe
Target: mingw32
Configured with: ../src/gcc-9.2.0/configure --build=x86_64-pc-linux-gnu --host=mingw32 --target=mingw32 --disable-win32-registry --with-arch=i586 --with-tune=generic --enable-static --enable-shared --enable-threads --enable-languages=c,c++,objc,obj-c++,fortran,ada --with-dwarf2 --disable-sjlj-exceptions --enable-version-specific-runtime-libs --enable-libgomp --disable-libvtv --with-libiconv-prefix=/mingw --with-libintl-prefix=/mingw --enable-libstdcxx-debug --disable-build-format-warnings --prefix=/mingw --with-gmp=/mingw --with-mpfr=/mingw --with-mpc=/mingw --with-isl=/mingw --enable-nls --with-pkgversion='MinGW.org GCC Build-2'
Thread model: win32
gcc version 9.2.0 (MinGW.org GCC Build-2) 
configure:3578: $? = 0
configure:3567: gcc -V >&5
gcc.exe: error: unrecognized command line option '-V'
gcc.exe: fatal error: no input files
compilation terminated.
configure:3578: $? = 1
configure:3567: gcc -qversion >&5
gcc.exe: error: unrecognized command line option '-qversion'; did you mean '--version'?
gcc.exe: fatal error: no input files
compilation terminated.
configure:3578: $? = 1
configure:3598: checking whether the C compiler works
configure:3620: gcc -O2 -gdwarf-4 -g3       -Wl,--stack,12582912 conftest.c  >&5
configure:3624: $? = 0
configure:3672: result: yes
configure:3675: checking for C compiler default output file name
configure:3677: result: a.exe
configure:3683: checking for suffix of executables
configure:3690: gcc -o conftest.exe -O2 -gdwarf-4 -g3       -Wl,--stack,12582912 conftest.c  >&5
configure:3694: $? = 0
configure:3716: result: .exe
configure:3738: checking whether we are cross compiling
configure:3746: gcc -o conftest.exe -O2 -gdwarf-4 -g3       -Wl,--stack,12582912 conftest.c  >&5
configure:3750: $? = 0
configure:3757: ./conftest.exe
configure:3761: $? = 0
configure:3776: result: no
configure:3781: checking for suffix of object files
configure:3803: gcc -c -O2 -gdwarf-4 -g3      conftest.c >&5
configure:3807: $? = 0
configure:3828: result: o
configure:3832: checking whether we are using the GNU C compiler
configure:3851: gcc -c -O2 -gdwarf-4 -g3      conftest.c >&5
configure:3851: $? = 0
configure:3860: result: yes
configure:3869: checking whether gcc accepts -g
configure:3889: gcc -c -g  conftest.c >&5
configure:3889: $? = 0
configure:3930: result: yes
configure:3947: checking for gcc option to accept ISO C89
configure:4010: gcc  -c -O2 -gdwarf-4 -g3      conftest.c >&5
configure:4010: $? = 0
configure:4023: result: none needed
configure:4048: checking whether gcc understands -c and -o together
configure:4070: gcc -c conftest.c -o conftest2.o
configure:4073: $? = 0
configure:4070: gcc -c conftest.c -o conftest2.o
configure:4073: $? = 0
configure:4085: result: yes
configure:4113: checking for style of include used by make
configure:4141: result: GNU
configure:4167: checking dependency style of gcc
configure:4278: result: gcc3
configure:4299: checking how to run the C preprocessor
configure:4330: gcc -E  conftest.c
configure:4330: $? = 0
configure:4344: gcc -E  conftest.c
conftest.c:11:10: fatal error: ac_nonexistent.h: No such file or directory
   11 | #include <ac_nonexistent.h>
      |          ^~~~~~~~~~~~~~~~~~
compilation terminated.
configure:4344: $? = 1
configure: failed program was:
| /* confdefs.h */
| #define PACKAGE_NAME "opcodes"
| #define PACKAGE_TARNAME "opcodes"
| #define PACKAGE_VERSION "2.39.50"
| #define PACKAGE_STRING "opcodes 2.39.50"
| #define PACKAGE_BUGREPORT ""
| #define PACKAGE_URL ""
| #define PACKAGE "opcodes"
| #define VERSION "2.39.50"
| /* end confdefs.h.  */
| #include <ac_nonexistent.h>
configure:4369: result: gcc -E
configure:4389: gcc -E  conftest.c
configure:4389: $? = 0
configure:4403: gcc -E  conftest.c
conftest.c:11:10: fatal error: ac_nonexistent.h: No such file or directory
   11 | #include <ac_nonexistent.h>
      |          ^~~~~~~~~~~~~~~~~~
compilation terminated.
configure:4403: $? = 1
configure: failed program was:
| /* confdefs.h */
| #define PACKAGE_NAME "opcodes"
| #define PACKAGE_TARNAME "opcodes"
| #define PACKAGE_VERSION "2.39.50"
| #define PACKAGE_STRING "opcodes 2.39.50"
| #define PACKAGE_BUGREPORT ""
| #define PACKAGE_URL ""
| #define PACKAGE "opcodes"
| #define VERSION "2.39.50"
| /* end confdefs.h.  */
| #include <ac_nonexistent.h>
configure:4432: checking for grep that handles long lines and -e
configure:4490: result: /bin/grep
configure:4495: checking for egrep
configure:4557: result: /bin/grep -E
configure:4562: checking for ANSI C header files
configure:4582: gcc -c -O2 -gdwarf-4 -g3      conftest.c >&5
configure:4582: $? = 0
configure:4655: gcc -o conftest.exe -O2 -gdwarf-4 -g3       -Wl,--stack,12582912 conftest.c  >&5
configure:4655: $? = 0
configure:4655: ./conftest.exe
configure:4655: $? = 0
configure:4666: result: yes
configure:4679: checking for sys/types.h
configure:4679: gcc -c -O2 -gdwarf-4 -g3      conftest.c >&5
configure:4679: $? = 0
configure:4679: result: yes
configure:4679: checking for sys/stat.h
configure:4679: gcc -c -O2 -gdwarf-4 -g3      conftest.c >&5
configure:4679: $? = 0
configure:4679: result: yes
configure:4679: checking for stdlib.h
configure:4679: gcc -c -O2 -gdwarf-4 -g3      conftest.c >&5
configure:4679: $? = 0
configure:4679: result: yes
configure:4679: checking for string.h
configure:4679: gcc -c -O2 -gdwarf-4 -g3      conftest.c >&5
configure:4679: $? = 0
configure:4679: result: yes
configure:4679: checking for memory.h
configure:4679: gcc -c -O2 -gdwarf-4 -g3      conftest.c >&5
configure:4679: $? = 0
configure:4679: result: yes
configure:4679: checking for strings.h
configure:4679: gcc -c -O2 -gdwarf-4 -g3      conftest.c >&5
configure:4679: $? = 0
configure:4679: result: yes
configure:4679: checking for inttypes.h
configure:4679: gcc -c -O2 -gdwarf-4 -g3      conftest.c >&5
configure:4679: $? = 0
configure:4679: result: yes
configure:4679: checking for stdint.h
configure:4679: gcc -c -O2 -gdwarf-4 -g3      conftest.c >&5
configure:4679: $? = 0
configure:4679: result: yes
configure:4679: checking for unistd.h
configure:4679: gcc -c -O2 -gdwarf-4 -g3      conftest.c >&5
configure:4679: $? = 0
configure:4679: result: yes
configure:4692: checking minix/config.h usability
configure:4692: gcc -c -O2 -gdwarf-4 -g3      conftest.c >&5
conftest.c:54:10: fatal error: minix/config.h: No such file or directory
   54 | #include <minix/config.h>
      |          ^~~~~~~~~~~~~~~~
compilation terminated.
configure:4692: $? = 1
configure: failed program was:
| /* confdefs.h */
| #define PACKAGE_NAME "opcodes"
| #define PACKAGE_TARNAME "opcodes"
| #define PACKAGE_VERSION "2.39.50"
| #define PACKAGE_STRING "opcodes 2.39.50"
| #define PACKAGE_BUGREPORT ""
| #define PACKAGE_URL ""
| #define PACKAGE "opcodes"
| #define VERSION "2.39.50"
| #define STDC_HEADERS 1
| #define HAVE_SYS_TYPES_H 1
| #define HAVE_SYS_STAT_H 1
| #define HAVE_STDLIB_H 1
| #define HAVE_STRING_H 1
| #define HAVE_MEMORY_H 1
| #define HAVE_STRINGS_H 1
| #define HAVE_INTTYPES_H 1
| #define HAVE_STDINT_H 1
| #define HAVE_UNISTD_H 1
| /* end confdefs.h.  */
| #include <stdio.h>
| #ifdef HAVE_SYS_TYPES_H
| # include <sys/types.h>
| #endif
| #ifdef HAVE_SYS_STAT_H
| # include <sys/stat.h>
| #endif
| #ifdef STDC_HEADERS
| # include <stdlib.h>
| # include <stddef.h>
| #else
| # ifdef HAVE_STDLIB_H
| #  include <stdlib.h>
| # endif
| #endif
| #ifdef HAVE_STRING_H
| # if !defined STDC_HEADERS && defined HAVE_MEMORY_H
| #  include <memory.h>
| # endif
| # include <string.h>
| #endif
| #ifdef HAVE_STRINGS_H
| # include <strings.h>
| #endif
| #ifdef HAVE_INTTYPES_H
| # include <inttypes.h>
| #endif
| #ifdef HAVE_STDINT_H
| # include <stdint.h>
| #endif
| #ifdef HAVE_UNISTD_H
| # include <unistd.h>
| #endif
| #include <minix/config.h>
configure:4692: result: no
configure:4692: checking minix/config.h presence
configure:4692: gcc -E  conftest.c
conftest.c:21:10: fatal error: minix/config.h: No such file or directory
   21 | #include <minix/config.h>
      |          ^~~~~~~~~~~~~~~~
compilation terminated.
configure:4692: $? = 1
configure: failed program was:
| /* confdefs.h */
| #define PACKAGE_NAME "opcodes"
| #define PACKAGE_TARNAME "opcodes"
| #define PACKAGE_VERSION "2.39.50"
| #define PACKAGE_STRING "opcodes 2.39.50"
| #define PACKAGE_BUGREPORT ""
| #define PACKAGE_URL ""
| #define PACKAGE "opcodes"
| #define VERSION "2.39.50"
| #define STDC_HEADERS 1
| #define HAVE_SYS_TYPES_H 1
| #define HAVE_SYS_STAT_H 1
| #define HAVE_STDLIB_H 1
| #define HAVE_STRING_H 1
| #define HAVE_MEMORY_H 1
| #define HAVE_STRINGS_H 1
| #define HAVE_INTTYPES_H 1
| #define HAVE_STDINT_H 1
| #define HAVE_UNISTD_H 1
| /* end confdefs.h.  */
| #include <minix/config.h>
configure:4692: result: no
configure:4692: checking for minix/config.h
configure:4692: result: no
configure:4713: checking whether it is safe to define __EXTENSIONS__
configure:4731: gcc -c -O2 -gdwarf-4 -g3      conftest.c >&5
configure:4731: $? = 0
configure:4738: result: yes
configure:4758: checking for i686-pc-mingw32-ar
configure:4785: result: ar --plugin d:/usr/bin/../libexec/gcc/mingw32/9.2.0/liblto_plugin-0.dll
configure:4850: checking for i686-pc-mingw32-ranlib
configure:4877: result: ranlib --plugin d:/usr/bin/../libexec/gcc/mingw32/9.2.0/liblto_plugin-0.dll
configure:5018: checking how to print strings
configure:5045: result: printf
configure:5066: checking for a sed that does not truncate output
configure:5130: result: /bin/sed
configure:5148: checking for fgrep
configure:5210: result: /bin/grep -F
configure:5245: checking for ld used by gcc
configure:5312: result: d:/usr/bin/../lib/gcc/mingw32/9.2.0/../../../../mingw32/bin/ld.exe
configure:5319: checking if the linker (d:/usr/bin/../lib/gcc/mingw32/9.2.0/../../../../mingw32/bin/ld.exe) is GNU ld
configure:5334: result: yes
configure:5346: checking for BSD- or MS-compatible name lister (nm)
configure:5402: result: /d/usr/bin/nm
configure:5532: checking the name lister (/d/usr/bin/nm) interface
configure:5539: gcc -c -O2 -gdwarf-4 -g3      conftest.c >&5
configure:5542: /d/usr/bin/nm "conftest.o"
configure:5545: output
00000000 b .bss
00000000 d .data
00000000 N .debug_abbrev
00000000 N .debug_aranges
00000000 N .debug_info
00000000 N .debug_line
00000000 N .debug_macro
00000000 r .rdata$zzz
00000000 t .text
00000000 B _some_variable
configure:5552: result: BSD nm
configure:5555: checking whether ln -s works
configure:5562: result: no, using cp -pR
configure:5567: checking the maximum length of command line arguments
configure:5692: result: 8192
configure:5709: checking whether the shell understands some XSI constructs
configure:5719: result: yes
configure:5723: checking whether the shell understands "+="
configure:5729: result: yes
configure:5764: checking for d:/usr/bin/../lib/gcc/mingw32/9.2.0/../../../../mingw32/bin/ld.exe option to reload object files
configure:5771: result: -r
configure:5800: checking for i686-pc-mingw32-objdump
configure:5827: result: objdump
configure:5899: checking how to recognize dependent libraries
configure:6100: result: file_magic ^x86 archive import|^x86 DLL
configure:6133: checking for i686-pc-mingw32-ar
configure:6160: result: ar --plugin d:/usr/bin/../libexec/gcc/mingw32/9.2.0/liblto_plugin-0.dll
configure:6251: checking for i686-pc-mingw32-strip
configure:6281: result: no
configure:6291: checking for strip
configure:6307: found /d/usr/bin/strip
configure:6318: result: strip
configure:6350: checking for i686-pc-mingw32-ranlib
configure:6377: result: ranlib --plugin d:/usr/bin/../libexec/gcc/mingw32/9.2.0/liblto_plugin-0.dll
configure:6524: checking command to parse /d/usr/bin/nm output from gcc object
configure:6642: gcc -c -O2 -gdwarf-4 -g3      conftest.c >&5
configure:6645: $? = 0
configure:6649: /d/usr/bin/nm conftest.o \| sed -n -e 's/^.*[ ]\([ABCDGIRSTW][ABCDGIRSTW]*\)[ ][ ]*\([_A-Za-z][_A-Za-z0-9]*\)\{0,1\}$/\1 \2 \2/p' \> conftest.nm
configure:6652: $? = 0
cannot find nm_test_var in conftest.nm
configure:6642: gcc -c -O2 -gdwarf-4 -g3      conftest.c >&5
configure:6645: $? = 0
configure:6649: /d/usr/bin/nm conftest.o \| sed -n -e 's/^.*[ ]\([ABCDGIRSTW][ABCDGIRSTW]*\)[ ][ ]*_\([_A-Za-z][_A-Za-z0-9]*\)\{0,1\}$/\1 _\2 \2/p' \> conftest.nm
configure:6652: $? = 0
configure:6706: gcc -o conftest.exe -O2 -gdwarf-4 -g3       -Wl,--stack,12582912 conftest.c conftstm.o >&5
configure:6709: $? = 0
configure:6747: result: ok
configure:7595: checking for dlfcn.h
configure:7595: gcc -c -O2 -gdwarf-4 -g3      conftest.c >&5
configure:7595: $? = 0
configure:7595: result: yes
configure:7752: checking for objdir
configure:7767: result: .libs
configure:8038: checking if gcc supports -fno-rtti -fno-exceptions
configure:8056: gcc -c -O2 -gdwarf-4 -g3      -fno-rtti -fno-exceptions conftest.c >&5
cc1.exe: warning: command line option '-fno-rtti' is valid for C++/D/ObjC++ but not for C
configure:8060: $? = 0
configure:8073: result: no
configure:8093: checking for gcc option to produce PIC
configure:8379: result: -DDLL_EXPORT -DPIC
configure:8391: checking if gcc PIC flag -DDLL_EXPORT -DPIC works
configure:8409: gcc -c -O2 -gdwarf-4 -g3      -DDLL_EXPORT -DPIC -DPIC conftest.c >&5
configure:8413: $? = 0
configure:8426: result: yes
configure:8450: checking if gcc static flag -static works
configure:8478: result: yes
configure:8493: checking if gcc supports -c -o file.o
configure:8514: gcc -c -O2 -gdwarf-4 -g3      -o out/conftest2.o conftest.c >&5
configure:8518: $? = 0
configure:8540: result: yes
configure:8548: checking if gcc supports -c -o file.o
configure:8595: result: yes
configure:8628: checking whether the gcc linker (d:/usr/bin/../lib/gcc/mingw32/9.2.0/../../../../mingw32/bin/ld.exe) supports shared libraries
configure:9699: result: yes
configure:9944: checking dynamic linker characteristics
configure:10607: result: Win32 ld.exe
configure:10714: checking how to hardcode library paths into programs
configure:10739: result: immediate
configure:11279: checking whether stripping libraries is possible
configure:11284: result: yes
configure:11319: checking if libtool supports shared libraries
configure:11321: result: yes
configure:11324: checking whether to build shared libraries
configure:11345: result: no
configure:11348: checking whether to build static libraries
configure:11352: result: yes
configure:11596: checking whether to enable maintainer-specific portions of Makefiles
configure:11605: result: no
configure:11633: checking whether to install libbfd
configure:11646: result: yes
configure:11692: checking whether NLS is requested
configure:11698: result: yes
configure:11704: checking for catalogs to be installed
configure:11736: result:  da de es fi fr ga id it nl pt_BR ro sr sv tr uk vi zh_CN da de es fi fr ga id it nl pt_BR ro sr sv tr uk vi zh_CN
configure:11763: checking whether NLS is requested
configure:11772: result: yes
configure:11810: checking for msgfmt
configure:11841: result: /d/usr/bin/msgfmt
configure:11850: checking for gmsgfmt
configure:11881: result: /d/usr/bin/msgfmt
configure:11921: checking for xgettext
configure:11952: result: /d/usr/bin/xgettext
configure:11992: checking for msgmerge
configure:12022: result: /d/usr/bin/msgmerge
configure:12117: checking size of void *
configure:12122: gcc -o conftest.exe -O2 -gdwarf-4 -g3       -Wl,--stack,12582912 conftest.c  >&5
configure:12122: $? = 0
configure:12122: ./conftest.exe
configure:12122: $? = 0
configure:12136: result: 4
configure:12165: checking whether basename is declared
configure:12165: gcc -c -O2 -gdwarf-4 -g3      conftest.c >&5
conftest.c: In function 'main':
conftest.c:70:10: error: 'basename' undeclared (first use in this function)
   70 |   (void) basename;
      |          ^~~~~~~~
conftest.c:70:10: note: each undeclared identifier is reported only once for each function it appears in
configure:12165: $? = 1
configure: failed program was:
| /* confdefs.h */
| #define PACKAGE_NAME "opcodes"
| #define PACKAGE_TARNAME "opcodes"
| #define PACKAGE_VERSION "2.39.50"
| #define PACKAGE_STRING "opcodes 2.39.50"
| #define PACKAGE_BUGREPORT ""
| #define PACKAGE_URL ""
| #define PACKAGE "opcodes"
| #define VERSION "2.39.50"
| #define STDC_HEADERS 1
| #define HAVE_SYS_TYPES_H 1
| #define HAVE_SYS_STAT_H 1
| #define HAVE_STDLIB_H 1
| #define HAVE_STRING_H 1
| #define HAVE_MEMORY_H 1
| #define HAVE_STRINGS_H 1
| #define HAVE_INTTYPES_H 1
| #define HAVE_STDINT_H 1
| #define HAVE_UNISTD_H 1
| #define __EXTENSIONS__ 1
| #define _ALL_SOURCE 1
| #define _GNU_SOURCE 1
| #define _POSIX_PTHREAD_SEMANTICS 1
| #define _TANDEM_SOURCE 1
| #define HAVE_DLFCN_H 1
| #define LT_OBJDIR ".libs/"
| #define ENABLE_NLS 1
| #define SIZEOF_VOID_P 4
| /* end confdefs.h.  */
| #include <stdio.h>
| #ifdef HAVE_SYS_TYPES_H
| # include <sys/types.h>
| #endif
| #ifdef HAVE_SYS_STAT_H
| # include <sys/stat.h>
| #endif
| #ifdef STDC_HEADERS
| # include <stdlib.h>
| # include <stddef.h>
| #else
| # ifdef HAVE_STDLIB_H
| #  include <stdlib.h>
| # endif
| #endif
| #ifdef HAVE_STRING_H
| # if !defined STDC_HEADERS && defined HAVE_MEMORY_H
| #  include <memory.h>
| # endif
| # include <string.h>
| #endif
| #ifdef HAVE_STRINGS_H
| # include <strings.h>
| #endif
| #ifdef HAVE_INTTYPES_H
| # include <inttypes.h>
| #endif
| #ifdef HAVE_STDINT_H
| # include <stdint.h>
| #endif
| #ifdef HAVE_UNISTD_H
| # include <unistd.h>
| #endif
| int
| main ()
| {
| #ifndef basename
| #ifdef __cplusplus
|   (void) basename;
| #else
|   (void) basename;
| #endif
| #endif
| 
|   ;
|   return 0;
| }
configure:12165: result: no
configure:12175: checking whether stpcpy is declared
configure:12175: gcc -c -O2 -gdwarf-4 -g3      conftest.c >&5
conftest.c: In function 'main':
conftest.c:71:10: error: 'stpcpy' undeclared (first use in this function); did you mean 'strcpy'?
   71 |   (void) stpcpy;
      |          ^~~~~~
      |          strcpy
conftest.c:71:10: note: each undeclared identifier is reported only once for each function it appears in
configure:12175: $? = 1
configure: failed program was:
| /* confdefs.h */
| #define PACKAGE_NAME "opcodes"
| #define PACKAGE_TARNAME "opcodes"
| #define PACKAGE_VERSION "2.39.50"
| #define PACKAGE_STRING "opcodes 2.39.50"
| #define PACKAGE_BUGREPORT ""
| #define PACKAGE_URL ""
| #define PACKAGE "opcodes"
| #define VERSION "2.39.50"
| #define STDC_HEADERS 1
| #define HAVE_SYS_TYPES_H 1
| #define HAVE_SYS_STAT_H 1
| #define HAVE_STDLIB_H 1
| #define HAVE_STRING_H 1
| #define HAVE_MEMORY_H 1
| #define HAVE_STRINGS_H 1
| #define HAVE_INTTYPES_H 1
| #define HAVE_STDINT_H 1
| #define HAVE_UNISTD_H 1
| #define __EXTENSIONS__ 1
| #define _ALL_SOURCE 1
| #define _GNU_SOURCE 1
| #define _POSIX_PTHREAD_SEMANTICS 1
| #define _TANDEM_SOURCE 1
| #define HAVE_DLFCN_H 1
| #define LT_OBJDIR ".libs/"
| #define ENABLE_NLS 1
| #define SIZEOF_VOID_P 4
| #define HAVE_DECL_BASENAME 0
| /* end confdefs.h.  */
| #include <stdio.h>
| #ifdef HAVE_SYS_TYPES_H
| # include <sys/types.h>
| #endif
| #ifdef HAVE_SYS_STAT_H
| # include <sys/stat.h>
| #endif
| #ifdef STDC_HEADERS
| # include <stdlib.h>
| # include <stddef.h>
| #else
| # ifdef HAVE_STDLIB_H
| #  include <stdlib.h>
| # endif
| #endif
| #ifdef HAVE_STRING_H
| # if !defined STDC_HEADERS && defined HAVE_MEMORY_H
| #  include <memory.h>
| # endif
| # include <string.h>
| #endif
| #ifdef HAVE_STRINGS_H
| # include <strings.h>
| #endif
| #ifdef HAVE_INTTYPES_H
| # include <inttypes.h>
| #endif
| #ifdef HAVE_STDINT_H
| # include <stdint.h>
| #endif
| #ifdef HAVE_UNISTD_H
| # include <unistd.h>
| #endif
| int
| main ()
| {
| #ifndef stpcpy
| #ifdef __cplusplus
|   (void) stpcpy;
| #else
|   (void) stpcpy;
| #endif
| #endif
| 
|   ;
|   return 0;
| }
configure:12175: result: no
configure:12189: checking for sigsetjmp
configure:12207: gcc -c -O2 -gdwarf-4 -g3      conftest.c >&5
conftest.c: In function 'main':
conftest.c:38:1: error: unknown type name 'sigjmp_buf'; did you mean 'jmp_buf'?
   38 | sigjmp_buf env; while (! sigsetjmp (env, 1)) siglongjmp (env, 1);
      | ^~~~~~~~~~
      | jmp_buf
conftest.c:38:26: warning: implicit declaration of function 'sigsetjmp'; did you mean '_setjmp'? [-Wimplicit-function-declaration]
   38 | sigjmp_buf env; while (! sigsetjmp (env, 1)) siglongjmp (env, 1);
      |                          ^~~~~~~~~
      |                          _setjmp
conftest.c:38:46: warning: implicit declaration of function 'siglongjmp'; did you mean 'longjmp'? [-Wimplicit-function-declaration]
   38 | sigjmp_buf env; while (! sigsetjmp (env, 1)) siglongjmp (env, 1);
      |                                              ^~~~~~~~~~
      |                                              longjmp
configure:12207: $? = 1
configure: failed program was:
| /* confdefs.h */
| #define PACKAGE_NAME "opcodes"
| #define PACKAGE_TARNAME "opcodes"
| #define PACKAGE_VERSION "2.39.50"
| #define PACKAGE_STRING "opcodes 2.39.50"
| #define PACKAGE_BUGREPORT ""
| #define PACKAGE_URL ""
| #define PACKAGE "opcodes"
| #define VERSION "2.39.50"
| #define STDC_HEADERS 1
| #define HAVE_SYS_TYPES_H 1
| #define HAVE_SYS_STAT_H 1
| #define HAVE_STDLIB_H 1
| #define HAVE_STRING_H 1
| #define HAVE_MEMORY_H 1
| #define HAVE_STRINGS_H 1
| #define HAVE_INTTYPES_H 1
| #define HAVE_STDINT_H 1
| #define HAVE_UNISTD_H 1
| #define __EXTENSIONS__ 1
| #define _ALL_SOURCE 1
| #define _GNU_SOURCE 1
| #define _POSIX_PTHREAD_SEMANTICS 1
| #define _TANDEM_SOURCE 1
| #define HAVE_DLFCN_H 1
| #define LT_OBJDIR ".libs/"
| #define ENABLE_NLS 1
| #define SIZEOF_VOID_P 4
| #define HAVE_DECL_BASENAME 0
| #define HAVE_DECL_STPCPY 0
| /* end confdefs.h.  */
| 
| #include <setjmp.h>
| 
| int
| main ()
| {
| sigjmp_buf env; while (! sigsetjmp (env, 1)) siglongjmp (env, 1);
|   ;
|   return 0;
| }
configure:12214: result: 
configure:12258: checking linker --as-needed support
configure:12269: result: yes
configure:12360: checking for cos in -lm
configure:12385: gcc -o conftest.exe -O2 -gdwarf-4 -g3       -Wl,--stack,12582912 conftest.c -lm   >&5
conftest.c:39:6: warning: conflicting types for built-in function 'cos'; expected 'double(double)' [-Wbuiltin-declaration-mismatch]
   39 | char cos ();
      |      ^~~
conftest.c:1:1: note: 'cos' is declared in header '<math.h>'
    1 | /* confdefs.h */
configure:12385: $? = 0
configure:12394: result: yes
configure:12713: updating cache ./config.cache
configure:12757: checking that generated files are newer than configure
configure:12763: result: done
configure:12802: creating ./config.status

## ---------------------- ##
## Running config.status. ##
## ---------------------- ##

This file was extended by opcodes config.status 2.39.50, which was
generated by GNU Autoconf 2.69.  Invocation command line was

  CONFIG_FILES    = 
  CONFIG_HEADERS  = 
  CONFIG_LINKS    = 
  CONFIG_COMMANDS = 
  $ ./config.status 

on home-c4e4a596f7

config.status:1147: creating Makefile
config.status:1147: creating po/Makefile.in
config.status:1147: creating config.h
config.status:1376: executing depfiles commands
config.status:1376: executing libtool commands
config.status:1376: executing default-1 commands

## ---------------- ##
## Cache variables. ##
## ---------------- ##

ac_cv_build=i686-pc-mingw32
ac_cv_c_compiler_gnu=yes
ac_cv_env_CC_set=set
ac_cv_env_CC_value=gcc
ac_cv_env_CFLAGS_set=set
ac_cv_env_CFLAGS_value='-O2 -gdwarf-4 -g3    '
ac_cv_env_CPPFLAGS_set=
ac_cv_env_CPPFLAGS_value=
ac_cv_env_CPP_set=
ac_cv_env_CPP_value=
ac_cv_env_LDFLAGS_set=set
ac_cv_env_LDFLAGS_value=' -Wl,--stack,12582912'
ac_cv_env_LIBS_set=
ac_cv_env_LIBS_value=
ac_cv_env_build_alias_set=set
ac_cv_env_build_alias_value=i686-pc-mingw32
ac_cv_env_host_alias_set=set
ac_cv_env_host_alias_value=i686-pc-mingw32
ac_cv_env_target_alias_set=set
ac_cv_env_target_alias_value=i686-pc-mingw32
ac_cv_exeext=.exe
ac_cv_have_decl_basename=no
ac_cv_have_decl_stpcpy=no
ac_cv_header_dlfcn_h=yes
ac_cv_header_inttypes_h=yes
ac_cv_header_memory_h=yes
ac_cv_header_minix_config_h=no
ac_cv_header_stdc=yes
ac_cv_header_stdint_h=yes
ac_cv_header_stdlib_h=yes
ac_cv_header_string_h=yes
ac_cv_header_strings_h=yes
ac_cv_header_sys_stat_h=yes
ac_cv_header_sys_types_h=yes
ac_cv_header_unistd_h=yes
ac_cv_host=i686-pc-mingw32
ac_cv_lib_m_cos=yes
ac_cv_objext=o
ac_cv_path_EGREP='/bin/grep -E'
ac_cv_path_FGREP='/bin/grep -F'
ac_cv_path_GMSGFMT=/d/usr/bin/msgfmt
ac_cv_path_GREP=/bin/grep
ac_cv_path_MSGFMT=/d/usr/bin/msgfmt
ac_cv_path_MSGMERGE=/d/usr/bin/msgmerge
ac_cv_path_SED=/bin/sed
ac_cv_path_XGETTEXT=/d/usr/bin/xgettext
ac_cv_path_mkdir=/bin/mkdir
ac_cv_prog_AR='ar --plugin d:/usr/bin/../libexec/gcc/mingw32/9.2.0/liblto_plugin-0.dll'
ac_cv_prog_AWK=gawk
ac_cv_prog_CC=gcc
ac_cv_prog_CPP='gcc -E'
ac_cv_prog_OBJDUMP=objdump
ac_cv_prog_RANLIB='ranlib --plugin d:/usr/bin/../libexec/gcc/mingw32/9.2.0/liblto_plugin-0.dll'
ac_cv_prog_ac_ct_STRIP=strip
ac_cv_prog_cc_c89=
ac_cv_prog_cc_g=yes
ac_cv_prog_make_make_set=yes
ac_cv_safe_to_define___extensions__=yes
ac_cv_sizeof_void_p=4
ac_cv_target=i686-pc-mingw32
am_cv_CC_dependencies_compiler_type=gcc3
am_cv_make_support_nested_variables=yes
am_cv_prog_cc_c_o=yes
bfd_cv_func_sigsetjmp=no
bfd_cv_ld_as_needed=yes
lt_cv_deplibs_check_method='file_magic ^x86 archive import|^x86 DLL'
lt_cv_file_magic_cmd=func_win32_libid
lt_cv_file_magic_test_file=
lt_cv_ld_reload_flag=-r
lt_cv_nm_interface='BSD nm'
lt_cv_objdir=.libs
lt_cv_path_LD=d:/usr/bin/../lib/gcc/mingw32/9.2.0/../../../../mingw32/bin/ld.exe
lt_cv_path_NM=/d/usr/bin/nm
lt_cv_prog_compiler_c_o=yes
lt_cv_prog_compiler_pic_works=yes
lt_cv_prog_compiler_rtti_exceptions=no
lt_cv_prog_compiler_static_works=yes
lt_cv_prog_gnu_ld=yes
lt_cv_sys_global_symbol_pipe='sed -n -e '\''s/^.*[	 ]\([ABCDGIRSTW][ABCDGIRSTW]*\)[	 ][	 ]*_\([_A-Za-z][_A-Za-z0-9]*\)\{0,1\}$/\1 _\2 \2/p'\'''
lt_cv_sys_global_symbol_to_c_name_address='sed -n -e '\''s/^: \([^ ]*\) $/  {\"\1\", (void *) 0},/p'\'' -e '\''s/^[ABCDGIRSTW]* \([^ ]*\) \([^ ]*\)$/  {"\2", (void *) \&\2},/p'\'''
lt_cv_sys_global_symbol_to_c_name_address_lib_prefix='sed -n -e '\''s/^: \([^ ]*\) $/  {\"\1\", (void *) 0},/p'\'' -e '\''s/^[ABCDGIRSTW]* \([^ ]*\) \(lib[^ ]*\)$/  {"\2", (void *) \&\2},/p'\'' -e '\''s/^[ABCDGIRSTW]* \([^ ]*\) \([^ ]*\)$/  {"lib\2", (void *) \&\2},/p'\'''
lt_cv_sys_global_symbol_to_cdecl='sed -n -e '\''s/^T .* \(.*\)$/extern int \1();/p'\'' -e '\''s/^[ABCDGIRSTW]* .* \(.*\)$/extern char \1;/p'\'''
lt_cv_sys_max_cmd_len=8192

## ----------------- ##
## Output variables. ##
## ----------------- ##

ACLOCAL='${SHELL} /d/gnu/gdb-13.1/missing aclocal-1.15'
AMDEPBACKSLASH='\'
AMDEP_FALSE='#'
AMDEP_TRUE=''
AMTAR='$${TAR-tar}'
AM_BACKSLASH='\'
AM_DEFAULT_V='$(AM_DEFAULT_VERBOSITY)'
AM_DEFAULT_VERBOSITY='0'
AM_V='$(V)'
AR='ar --plugin d:/usr/bin/../libexec/gcc/mingw32/9.2.0/liblto_plugin-0.dll --plugin d:/usr/bin/../libexec/gcc/mingw32/9.2.0/liblto_plugin-0.dll'
AUTOCONF='${SHELL} /d/gnu/gdb-13.1/missing autoconf'
AUTOHEADER='${SHELL} /d/gnu/gdb-13.1/missing autoheader'
AUTOMAKE='${SHELL} /d/gnu/gdb-13.1/missing automake-1.15'
AWK='gawk'
BFD_MACHINES=' i386-dis.lo'
BUILD_LIBS='../libiberty/libiberty.a d:/usr/lib/libintl.a d:/usr/lib/libiconv.a'
BUILD_LIB_DEPS='../libiberty/libiberty.a '
CATALOGS=' da.gmo de.gmo es.gmo fi.gmo fr.gmo ga.gmo id.gmo it.gmo nl.gmo pt_BR.gmo ro.gmo sr.gmo sv.gmo tr.gmo uk.gmo vi.gmo zh_CN.gmo da.gmo de.gmo es.gmo fi.gmo fr.gmo ga.gmo id.gmo it.gmo nl.gmo pt_BR.gmo ro.gmo sr.gmo sv.gmo tr.gmo uk.gmo vi.gmo zh_CN.gmo'
CATOBJEXT='.gmo'
CC='gcc'
CCDEPMODE='depmode=gcc3'
CC_FOR_BUILD='gcc'
CFLAGS='-O2 -gdwarf-4 -g3    '
CGEN_MAINT_FALSE=''
CGEN_MAINT_TRUE='#'
CPP='gcc -E'
CPPFLAGS=''
CYGPATH_W='echo'
DATADIRNAME='share'
DEFS='-DHAVE_CONFIG_H'
DEPDIR='.deps'
DSYMUTIL='dsymutil'
DUMPBIN=''
ECHO_C=''
ECHO_N='-n'
ECHO_T=''
EGREP='/bin/grep -E'
ENABLE_BFD_64_BIT_FALSE=''
ENABLE_BFD_64_BIT_TRUE='#'
EXEEXT='.exe'
EXEEXT_FOR_BUILD='$(EXEEXT)'
FGREP='/bin/grep -F'
GENCAT='gencat'
GMSGFMT='/d/usr/bin/msgfmt'
GREP='/bin/grep'
HDEFINES='-D__USE_MINGW_FSEEK'
INCINTL=''
INSTALL_DATA='/bin/install -c -m 644'
INSTALL_LIBBFD_FALSE='#'
INSTALL_LIBBFD_TRUE=''
INSTALL_PROGRAM='/bin/install -c'
INSTALL_SCRIPT='/bin/install -c'
INSTALL_STRIP_PROGRAM='$(install_sh) -c -s'
INSTOBJEXT='.mo'
LD='d:/usr/bin/../lib/gcc/mingw32/9.2.0/../../../../mingw32/bin/ld.exe'
LDFLAGS=' -Wl,--stack,12582912'
LIBINTL='d:/usr/lib/libintl.a d:/usr/lib/libiconv.a'
LIBINTL_DEP=''
LIBM='-lm'
LIBOBJS=''
LIBS=''
LIBTOOL='$(SHELL) $(top_builddir)/libtool'
LIPO=''
LN_S='cp -pR'
LTLIBOBJS=''
MAINT='#'
MAINTAINER_MODE_FALSE=''
MAINTAINER_MODE_TRUE='#'
MAKEINFO='makeinfo --split-size=5000000'
MKDIR_P='/bin/mkdir -p'
MKINSTALLDIRS='$(top_builddir)/./../mkinstalldirs'
MSGFMT='/d/usr/bin/msgfmt'
MSGMERGE='/d/usr/bin/msgmerge'
NM='/d/usr/bin/nm'
NMEDIT=''
NO_WERROR=''
OBJDUMP='objdump'
OBJEXT='o'
OTOOL64=''
OTOOL='otool'
PACKAGE='opcodes'
PACKAGE_BUGREPORT=''
PACKAGE_NAME='opcodes'
PACKAGE_STRING='opcodes 2.39.50'
PACKAGE_TARNAME='opcodes'
PACKAGE_URL=''
PACKAGE_VERSION='2.39.50'
PATH_SEPARATOR=':'
POSUB='po'
RANLIB='ranlib --plugin d:/usr/bin/../libexec/gcc/mingw32/9.2.0/liblto_plugin-0.dll --plugin d:/usr/bin/../libexec/gcc/mingw32/9.2.0/liblto_plugin-0.dll'
SED='/bin/sed'
SET_MAKE=''
SHARED_DEPENDENCIES=''
SHARED_LDFLAGS=''
SHARED_LIBADD=' d:/usr/lib/libintl.a d:/usr/lib/libiconv.a'
SHELL='/bin/sh'
STRIP='strip'
USE_NLS='yes'
VERSION='2.39.50'
WARN_CFLAGS='-W -Wall -Wstrict-prototypes -Wmissing-prototypes -Wshadow -Wstack-usage=262144 -Wno-format'
WARN_CFLAGS_FOR_BUILD='-W -Wall -Wstrict-prototypes -Wmissing-prototypes -Wshadow -Wstack-usage=262144 -Wno-format'
WARN_WRITE_STRINGS='-Wwrite-strings'
XGETTEXT='/d/usr/bin/xgettext'
ac_ct_CC=''
ac_ct_DUMPBIN=''
am__EXEEXT_FALSE='#'
am__EXEEXT_TRUE=''
am__fastdepCC_FALSE='#'
am__fastdepCC_TRUE=''
am__include='include'
am__isrc=''
am__leading_dot='.'
am__nodep='_no'
am__quote=''
am__tar='$${TAR-tar} chof - "$$tardir"'
am__untar='$${TAR-tar} xf -'
archdefs=' -DARCH_i386 -DARCH_iamcu'
bfdincludedir='$(includedir)'
bfdlibdir='$(libdir)'
bindir='${exec_prefix}/bin'
build='i686-pc-mingw32'
build_alias='i686-pc-mingw32'
build_cpu='i686'
build_os='mingw32'
build_vendor='pc'
cgendir='$(srcdir)/../cgen'
datadir='${datarootdir}'
datarootdir='${prefix}/share'
docdir='${datarootdir}/doc/${PACKAGE_TARNAME}'
dvidir='${docdir}'
exec_prefix='${prefix}'
host='i686-pc-mingw32'
host_alias='i686-pc-mingw32'
host_cpu='i686'
host_noncanonical='i686-pc-mingw32'
host_os='mingw32'
host_vendor='pc'
htmldir='${docdir}'
includedir='${prefix}/include'
infodir='${datarootdir}/info'
install_sh='${SHELL} /d/gnu/gdb-13.1/install-sh'
libdir='${exec_prefix}/lib'
libexecdir='${exec_prefix}/libexec'
localedir='${datarootdir}/locale'
localstatedir='${prefix}/var'
mandir='${datarootdir}/man'
mkdir_p='$(MKDIR_P)'
oldincludedir='/usr/include'
pdfdir='${docdir}'
prefix='d:/usr'
program_transform_name='s,y,y,'
psdir='${docdir}'
sbindir='${exec_prefix}/sbin'
sharedstatedir='${prefix}/com'
sysconfdir='${prefix}/etc'
target='i686-pc-mingw32'
target_alias='i686-pc-mingw32'
target_cpu='i686'
target_noncanonical='i686-pc-mingw32'
target_os='mingw32'
target_vendor='pc'

## ----------- ##
## confdefs.h. ##
## ----------- ##

/* confdefs.h */
#define PACKAGE_NAME "opcodes"
#define PACKAGE_TARNAME "opcodes"
#define PACKAGE_VERSION "2.39.50"
#define PACKAGE_STRING "opcodes 2.39.50"
#define PACKAGE_BUGREPORT ""
#define PACKAGE_URL ""
#define PACKAGE "opcodes"
#define VERSION "2.39.50"
#define STDC_HEADERS 1
#define HAVE_SYS_TYPES_H 1
#define HAVE_SYS_STAT_H 1
#define HAVE_STDLIB_H 1
#define HAVE_STRING_H 1
#define HAVE_MEMORY_H 1
#define HAVE_STRINGS_H 1
#define HAVE_INTTYPES_H 1
#define HAVE_STDINT_H 1
#define HAVE_UNISTD_H 1
#define __EXTENSIONS__ 1
#define _ALL_SOURCE 1
#define _GNU_SOURCE 1
#define _POSIX_PTHREAD_SEMANTICS 1
#define _TANDEM_SOURCE 1
#define HAVE_DLFCN_H 1
#define LT_OBJDIR ".libs/"
#define ENABLE_NLS 1
#define SIZEOF_VOID_P 4
#define HAVE_DECL_BASENAME 0
#define HAVE_DECL_STPCPY 0

configure: exit 0
