This file contains any messages produced by compilers while
running configure, to aid debugging if configure makes a mistake.

It was created by configure, which was
generated by GNU Autoconf 2.69.  Invocation command line was

  $ ./configure --build=i686-pc-mingw32 --prefix=d:/usr --with-auto-load-dir=$debugdir;$datadir/../auto-load --with-auto-load-safe-path=$debugdir;$datadir/../auto-load --with-gdb-datadir=d:/usr/share/gdb/13.1 --with-python=d:/usr/Python344 --with-system-gdbinit=d:/usr/etc/gdbinit --enable-tui --with-system-zlib --enable-unit-tests --with-pkgversion=MinGW32 GDB --disable-shared

## --------- ##
## Platform. ##
## --------- ##

hostname = home-c4e4a596f7
uname -m = i686
uname -r = 1.0.17(0.48/3/2)
uname -s = MINGW32_NT-5.1
uname -v = 2011-04-24 23:39

/usr/bin/uname -p = unknown
/bin/uname -X     = unknown

/bin/arch              = unknown
/usr/bin/arch -k       = unknown
/usr/convex/getsysinfo = unknown
/usr/bin/hostinfo      = unknown
/bin/machine           = unknown
/usr/bin/oslevel       = unknown
/bin/universe          = unknown

PATH: .
PATH: /usr/local/bin
PATH: /mingw/bin
PATH: /bin
PATH: /d/usr/Perl/site/bin
PATH: /d/usr/Perl/bin
PATH: /d/usr/bin
PATH: /c/Program Files/Windows Resource Kits/Tools
PATH: /c/WINDOWS/system32
PATH: /c/WINDOWS
PATH: /c/WINDOWS/System32/Wbem
PATH: /c/Program Files/Common Files/GTK/2.0/bin
PATH: /d/usr/Python344
PATH: /d/usr/Python344/Scripts
PATH: /d/usr/NcFTP
PATH: /d/usr/MS_SupportTools
PATH: /c/Program Files/Common Files/Aladdin Shared/eToken
PATH: /d/usr/Bazaar
PATH: /d/usr/SilkSVN/bin
PATH: /d/usr/Mercurial
PATH: /d/usr/GnuPG


## ----------- ##
## Core tests. ##
## ----------- ##

configure:2392: checking build system type
configure:2406: result: i686-pc-mingw32
configure:2453: checking host system type
configure:2466: result: i686-pc-mingw32
configure:2486: checking target system type
configure:2499: result: i686-pc-mingw32
configure:2553: checking for a BSD-compatible install
configure:2621: result: /bin/install -c
configure:2632: checking whether ln works
configure:2654: result: yes
configure:2658: checking whether ln -s works
configure:2665: result: no, using cp -pR
configure:2669: checking for a sed that does not truncate output
configure:2733: result: /bin/sed
configure:2742: checking for gawk
configure:2758: found /bin/gawk
configure:2769: result: gawk
configure:3656: checking for gdbserver support
configure:3666: result: yes
configure:4250: checking for gcc
configure:4266: found /d/usr/bin/gcc
configure:4277: result: gcc
configure:4506: checking for C compiler version
configure:4515: gcc --version >&5
gcc.exe (MinGW.org GCC Build-2) 9.2.0
Copyright (C) 2019 Free Software Foundation, Inc.
This is free software; see the source for copying conditions.  There is NO
warranty; not even for MERCHANTABILITY or FITNESS FOR A PARTICULAR PURPOSE.

configure:4526: $? = 0
configure:4515: gcc -v >&5
Using built-in specs.
COLLECT_GCC=d:\usr\bin\gcc.exe
COLLECT_LTO_WRAPPER=d:/usr/bin/../libexec/gcc/mingw32/9.2.0/lto-wrapper.exe
Target: mingw32
Configured with: ../src/gcc-9.2.0/configure --build=x86_64-pc-linux-gnu --host=mingw32 --target=mingw32 --disable-win32-registry --with-arch=i586 --with-tune=generic --enable-static --enable-shared --enable-threads --enable-languages=c,c++,objc,obj-c++,fortran,ada --with-dwarf2 --disable-sjlj-exceptions --enable-version-specific-runtime-libs --enable-libgomp --disable-libvtv --with-libiconv-prefix=/mingw --with-libintl-prefix=/mingw --enable-libstdcxx-debug --disable-build-format-warnings --prefix=/mingw --with-gmp=/mingw --with-mpfr=/mingw --with-mpc=/mingw --with-isl=/mingw --enable-nls --with-pkgversion='MinGW.org GCC Build-2'
Thread model: win32
gcc version 9.2.0 (MinGW.org GCC Build-2) 
configure:4526: $? = 0
configure:4515: gcc -V >&5
gcc.exe: error: unrecognized command line option '-V'
gcc.exe: fatal error: no input files
compilation terminated.
configure:4526: $? = 1
configure:4515: gcc -qversion >&5
gcc.exe: error: unrecognized command line option '-qversion'; did you mean '--version'?
gcc.exe: fatal error: no input files
compilation terminated.
configure:4526: $? = 1
configure:4546: checking whether the C compiler works
configure:4568: gcc -O2 -gdwarf-4 -g3   conftest.c  >&5
configure:4572: $? = 0
configure:4620: result: yes
configure:4623: checking for C compiler default output file name
configure:4625: result: a.exe
configure:4631: checking for suffix of executables
configure:4638: gcc -o conftest.exe -O2 -gdwarf-4 -g3   conftest.c  >&5
configure:4642: $? = 0
configure:4664: result: .exe
configure:4686: checking whether we are cross compiling
configure:4694: gcc -o conftest.exe -O2 -gdwarf-4 -g3   conftest.c  >&5
configure:4698: $? = 0
configure:4705: ./conftest.exe
configure:4709: $? = 0
configure:4724: result: no
configure:4729: checking for suffix of object files
configure:4751: gcc -c -O2 -gdwarf-4 -g3  conftest.c >&5
configure:4755: $? = 0
configure:4776: result: o
configure:4780: checking whether we are using the GNU C compiler
configure:4799: gcc -c -O2 -gdwarf-4 -g3  conftest.c >&5
configure:4799: $? = 0
configure:4808: result: yes
configure:4817: checking whether gcc accepts -g
configure:4837: gcc -c -g  conftest.c >&5
configure:4837: $? = 0
configure:4878: result: yes
configure:4895: checking for gcc option to accept ISO C89
configure:4958: gcc  -c -O2 -gdwarf-4 -g3  conftest.c >&5
configure:4958: $? = 0
configure:4971: result: none needed
configure:4991: checking for gcc option to accept ISO C99
configure:5140: gcc  -c -O2 -gdwarf-4 -g3  conftest.c >&5
configure:5140: $? = 0
configure:5153: result: none needed
configure:5226: checking for g++
configure:5242: found /d/usr/bin/g++
configure:5253: result: g++
configure:5280: checking for C++ compiler version
configure:5289: g++ --version >&5
g++.exe (MinGW.org GCC Build-2) 9.2.0
Copyright (C) 2019 Free Software Foundation, Inc.
This is free software; see the source for copying conditions.  There is NO
warranty; not even for MERCHANTABILITY or FITNESS FOR A PARTICULAR PURPOSE.

configure:5300: $? = 0
configure:5289: g++ -v >&5
Using built-in specs.
COLLECT_GCC=d:\usr\bin\g++.exe
COLLECT_LTO_WRAPPER=d:/usr/bin/../libexec/gcc/mingw32/9.2.0/lto-wrapper.exe
Target: mingw32
Configured with: ../src/gcc-9.2.0/configure --build=x86_64-pc-linux-gnu --host=mingw32 --target=mingw32 --disable-win32-registry --with-arch=i586 --with-tune=generic --enable-static --enable-shared --enable-threads --enable-languages=c,c++,objc,obj-c++,fortran,ada --with-dwarf2 --disable-sjlj-exceptions --enable-version-specific-runtime-libs --enable-libgomp --disable-libvtv --with-libiconv-prefix=/mingw --with-libintl-prefix=/mingw --enable-libstdcxx-debug --disable-build-format-warnings --prefix=/mingw --with-gmp=/mingw --with-mpfr=/mingw --with-mpc=/mingw --with-isl=/mingw --enable-nls --with-pkgversion='MinGW.org GCC Build-2'
Thread model: win32
gcc version 9.2.0 (MinGW.org GCC Build-2) 
configure:5300: $? = 0
configure:5289: g++ -V >&5
g++.exe: error: unrecognized command line option '-V'
g++.exe: fatal error: no input files
compilation terminated.
configure:5300: $? = 1
configure:5289: g++ -qversion >&5
g++.exe: error: unrecognized command line option '-qversion'; did you mean '--version'?
g++.exe: fatal error: no input files
compilation terminated.
configure:5300: $? = 1
configure:5304: checking whether we are using the GNU C++ compiler
configure:5323: g++ -c -O2 -gdwarf-4 -g3  conftest.cpp >&5
configure:5323: $? = 0
configure:5332: result: yes
configure:5341: checking whether g++ accepts -g
configure:5361: g++ -c -g  conftest.cpp >&5
configure:5361: $? = 0
configure:5402: result: yes
configure:5451: checking whether g++ accepts -static-libstdc++ -static-libgcc
configure:5468: g++ -o conftest.exe -O2 -gdwarf-4 -g3   -static-libstdc++ -static-libgcc conftest.cpp  >&5
configure:5468: $? = 0
configure:5469: result: yes
configure:5533: checking for gnatbind
configure:5549: found /d/usr/bin/gnatbind
configure:5560: result: gnatbind
configure:5625: checking for gnatmake
configure:5641: found /d/usr/bin/gnatmake
configure:5652: result: gnatmake
configure:5674: checking whether compiler driver understands Ada and is recent enough
configure:5701: result: yes
configure:5755: checking for gdc
configure:5785: result: no
configure:5804: checking whether the D compiler works
configure:5821: result: no
configure:5829: checking how to compare bootstrapped objects
configure:5854: result: cmp --ignore-initial=16 $$f1 $$f2
configure:7998: checking for objdir
configure:8013: result: .libs
configure:8562: checking for isl 0.15 or later
configure:8575: gcc -o conftest.exe -O2 -gdwarf-4 -g3      -lisl -lmpc -lmpfr -lgmp conftest.c  -lisl -lgmp >&5
configure:8575: $? = 0
configure:8582: result: yes
configure:9729: checking for default BUILD_CONFIG
configure:9761: result: 
configure:9766: checking for --enable-vtable-verify
configure:9779: result: no
configure:10432: checking for bison
configure:10448: found /bin/bison
configure:10459: result: bison -y
configure:10479: checking for bison
configure:10495: found /bin/bison
configure:10506: result: bison
configure:10526: checking for gm4
configure:10556: result: no
configure:10526: checking for gnum4
configure:10556: result: no
configure:10526: checking for m4
configure:10542: found /bin/m4
configure:10553: result: m4
configure:10573: checking for flex
configure:10589: found /bin/flex
configure:10600: result: flex
configure:10621: checking for flex
configure:10637: found /bin/flex
configure:10648: result: flex
configure:10668: checking for makeinfo
configure:10684: found /d/usr/bin/makeinfo
configure:10695: result: makeinfo
configure:10729: checking for expect
configure:10759: result: no
configure:10778: checking for runtest
configure:10808: result: no
configure:10923: checking for ar
configure:10939: found /d/usr/bin/ar
configure:10950: result: ar
configure:11064: checking for as
configure:11080: found /d/usr/bin/as
configure:11091: result: as
configure:11205: checking for dlltool
configure:11221: found /d/usr/bin/dlltool
configure:11232: result: dlltool
configure:11346: checking for dsymutil
configure:11376: result: no
configure:11406: checking for ld
configure:11433: result: d:/usr/bin/../lib/gcc/mingw32/9.2.0/../../../../mingw32/bin/ld.exe
configure:11628: checking for lipo
configure:11658: result: no
configure:11769: checking for nm
configure:11785: found /d/usr/bin/nm
configure:11796: result: nm
configure:11910: checking for ranlib
configure:11926: found /d/usr/bin/ranlib
configure:11937: result: ranlib
configure:12046: checking for strip
configure:12062: found /d/usr/bin/strip
configure:12073: result: strip
configure:12182: checking for windres
configure:12198: found /d/usr/bin/windres
configure:12209: result: windres
configure:12323: checking for windmc
configure:12339: found /d/usr/bin/windmc
configure:12350: result: windmc
configure:12464: checking for objcopy
configure:12480: found /d/usr/bin/objcopy
configure:12491: result: objcopy
configure:12605: checking for objdump
configure:12621: found /d/usr/bin/objdump
configure:12632: result: objdump
configure:12746: checking for otool
configure:12776: result: no
configure:12887: checking for readelf
configure:12903: found /d/usr/bin/readelf
configure:12914: result: readelf
configure:12943: checking for -plugin option
configure:13063: result: --plugin d:/usr/bin/../libexec/gcc/mingw32/9.2.0/liblto_plugin-0.dll
configure:13210: checking for cc
configure:13240: result: no
configure:13210: checking for gcc
configure:13226: found /d/usr/bin/gcc
configure:13237: result: gcc
configure:13371: checking for c++
configure:13387: found /d/usr/bin/c++
configure:13398: result: c++
configure:13532: checking for gcc
configure:13548: found /d/usr/bin/gcc
configure:13559: result: gcc
configure:13688: checking for gfortran
configure:13704: found /d/usr/bin/gfortran
configure:13715: result: gfortran
configure:13849: checking for gccgo
configure:13879: result: no
configure:14010: checking for gdc
configure:14040: result: no
configure:14251: checking for ar
configure:14267: found /d/usr/bin/ar
configure:14278: result: ar
configure:14481: checking for as
configure:14497: found /d/usr/bin/as
configure:14508: result: as
configure:14711: checking for dlltool
configure:14727: found /d/usr/bin/dlltool
configure:14738: result: dlltool
configure:14941: checking for dsymutil
configure:14971: result: no
configure:15171: checking for ld
configure:15187: found /d/usr/bin/ld
configure:15198: result: ld
configure:15401: checking for lipo
configure:15431: result: no
configure:15631: checking for nm
configure:15647: found /d/usr/bin/nm
configure:15658: result: nm
configure:15861: checking for objcopy
configure:15877: found /d/usr/bin/objcopy
configure:15888: result: objcopy
configure:16091: checking for objdump
configure:16107: found /d/usr/bin/objdump
configure:16118: result: objdump
configure:16321: checking for otool
configure:16351: result: no
configure:16551: checking for ranlib
configure:16567: found /d/usr/bin/ranlib
configure:16578: result: ranlib
configure:16781: checking for readelf
configure:16797: found /d/usr/bin/readelf
configure:16808: result: readelf
configure:17011: checking for strip
configure:17027: found /d/usr/bin/strip
configure:17038: result: strip
configure:17241: checking for windres
configure:17257: found /d/usr/bin/windres
configure:17268: result: windres
configure:17471: checking for windmc
configure:17487: found /d/usr/bin/windmc
configure:17498: result: windmc
configure:17529: checking where to find the target ar
configure:17562: result: host tool
configure:17571: checking where to find the target as
configure:17604: result: host tool
configure:17613: checking where to find the target cc
configure:17646: result: host tool
configure:17655: checking where to find the target c++
configure:17691: result: host tool
configure:17700: checking where to find the target c++ for libstdc++
configure:17736: result: host tool
configure:17745: checking where to find the target dlltool
configure:17778: result: host tool
configure:17787: checking where to find the target dsymutil
configure:17809: result: host tool
configure:17818: checking where to find the target gcc
configure:17851: result: host tool
configure:17860: checking where to find the target gfortran
configure:17896: result: host tool
configure:17905: checking where to find the target gccgo
configure:17941: result: host tool
configure:17950: checking where to find the target gdc
configure:17986: result: host tool
configure:17995: checking where to find the target ld
configure:18028: result: host tool
configure:18037: checking where to find the target lipo
configure:18059: result: host tool
configure:18068: checking where to find the target nm
configure:18101: result: host tool
configure:18110: checking where to find the target objcopy
configure:18143: result: host tool
configure:18152: checking where to find the target objdump
configure:18185: result: host tool
configure:18194: checking where to find the target otool
configure:18216: result: host tool
configure:18225: checking where to find the target ranlib
configure:18258: result: host tool
configure:18267: checking where to find the target readelf
configure:18300: result: host tool
configure:18309: checking where to find the target strip
configure:18342: result: host tool
configure:18351: checking where to find the target windres
configure:18384: result: host tool
configure:18393: checking where to find the target windmc
configure:18426: result: host tool
configure:18463: checking whether to enable maintainer-specific portions of Makefiles
configure:18472: result: no
configure:18715: creating ./config.status

## ---------------------- ##
## Running config.status. ##
## ---------------------- ##

This file was extended by config.status, which was
generated by GNU Autoconf 2.69.  Invocation command line was

  CONFIG_FILES    = 
  CONFIG_HEADERS  = 
  CONFIG_LINKS    = 
  CONFIG_COMMANDS = 
  $ ./config.status 

on home-c4e4a596f7

config.status:1025: creating Makefile

## ---------------- ##
## Cache variables. ##
## ---------------- ##

ac_cv_build=i686-pc-mingw32
ac_cv_c_compiler_gnu=yes
ac_cv_cxx_compiler_gnu=yes
ac_cv_env_AR_FOR_TARGET_set=
ac_cv_env_AR_FOR_TARGET_value=
ac_cv_env_AR_set=
ac_cv_env_AR_value=
ac_cv_env_AS_FOR_TARGET_set=
ac_cv_env_AS_FOR_TARGET_value=
ac_cv_env_AS_set=
ac_cv_env_AS_value=
ac_cv_env_CCC_set=
ac_cv_env_CCC_value=
ac_cv_env_CC_FOR_TARGET_set=
ac_cv_env_CC_FOR_TARGET_value=
ac_cv_env_CC_set=
ac_cv_env_CC_value=
ac_cv_env_CFLAGS_set=set
ac_cv_env_CFLAGS_value='-O2 -gdwarf-4 -g3'
ac_cv_env_CPPFLAGS_set=
ac_cv_env_CPPFLAGS_value=
ac_cv_env_CXXFLAGS_set=set
ac_cv_env_CXXFLAGS_value='-O2 -gdwarf-4 -g3'
ac_cv_env_CXX_FOR_TARGET_set=
ac_cv_env_CXX_FOR_TARGET_value=
ac_cv_env_CXX_set=
ac_cv_env_CXX_value=
ac_cv_env_DLLTOOL_FOR_TARGET_set=
ac_cv_env_DLLTOOL_FOR_TARGET_value=
ac_cv_env_DLLTOOL_set=
ac_cv_env_DLLTOOL_value=
ac_cv_env_DSYMUTIL_FOR_TARGET_set=
ac_cv_env_DSYMUTIL_FOR_TARGET_value=
ac_cv_env_DSYMUTIL_set=
ac_cv_env_DSYMUTIL_value=
ac_cv_env_GCC_FOR_TARGET_set=
ac_cv_env_GCC_FOR_TARGET_value=
ac_cv_env_GDC_FOR_TARGET_set=
ac_cv_env_GDC_FOR_TARGET_value=
ac_cv_env_GFORTRAN_FOR_TARGET_set=
ac_cv_env_GFORTRAN_FOR_TARGET_value=
ac_cv_env_GOC_FOR_TARGET_set=
ac_cv_env_GOC_FOR_TARGET_value=
ac_cv_env_LDFLAGS_set=
ac_cv_env_LDFLAGS_value=
ac_cv_env_LD_FOR_TARGET_set=
ac_cv_env_LD_FOR_TARGET_value=
ac_cv_env_LD_set=
ac_cv_env_LD_value=
ac_cv_env_LIBS_set=
ac_cv_env_LIBS_value=
ac_cv_env_LIPO_FOR_TARGET_set=
ac_cv_env_LIPO_FOR_TARGET_value=
ac_cv_env_LIPO_set=
ac_cv_env_LIPO_value=
ac_cv_env_NM_FOR_TARGET_set=
ac_cv_env_NM_FOR_TARGET_value=
ac_cv_env_NM_set=
ac_cv_env_NM_value=
ac_cv_env_OBJCOPY_FOR_TARGET_set=
ac_cv_env_OBJCOPY_FOR_TARGET_value=
ac_cv_env_OBJCOPY_set=
ac_cv_env_OBJCOPY_value=
ac_cv_env_OBJDUMP_FOR_TARGET_set=
ac_cv_env_OBJDUMP_FOR_TARGET_value=
ac_cv_env_OBJDUMP_set=
ac_cv_env_OBJDUMP_value=
ac_cv_env_OTOOL_FOR_TARGET_set=
ac_cv_env_OTOOL_FOR_TARGET_value=
ac_cv_env_OTOOL_set=
ac_cv_env_OTOOL_value=
ac_cv_env_RANLIB_FOR_TARGET_set=
ac_cv_env_RANLIB_FOR_TARGET_value=
ac_cv_env_RANLIB_set=
ac_cv_env_RANLIB_value=
ac_cv_env_READELF_FOR_TARGET_set=
ac_cv_env_READELF_FOR_TARGET_value=
ac_cv_env_READELF_set=
ac_cv_env_READELF_value=
ac_cv_env_STRIP_FOR_TARGET_set=
ac_cv_env_STRIP_FOR_TARGET_value=
ac_cv_env_STRIP_set=
ac_cv_env_STRIP_value=
ac_cv_env_WINDMC_FOR_TARGET_set=
ac_cv_env_WINDMC_FOR_TARGET_value=
ac_cv_env_WINDMC_set=
ac_cv_env_WINDMC_value=
ac_cv_env_WINDRES_FOR_TARGET_set=
ac_cv_env_WINDRES_FOR_TARGET_value=
ac_cv_env_WINDRES_set=
ac_cv_env_WINDRES_value=
ac_cv_env_build_alias_set=set
ac_cv_env_build_alias_value=i686-pc-mingw32
ac_cv_env_build_configargs_set=
ac_cv_env_build_configargs_value=
ac_cv_env_host_alias_set=
ac_cv_env_host_alias_value=
ac_cv_env_host_configargs_set=
ac_cv_env_host_configargs_value=
ac_cv_env_target_alias_set=
ac_cv_env_target_alias_value=
ac_cv_env_target_configargs_set=
ac_cv_env_target_configargs_value=
ac_cv_exeext=.exe
ac_cv_host=i686-pc-mingw32
ac_cv_objext=o
ac_cv_path_SED=/bin/sed
ac_cv_path_install='/bin/install -c'
ac_cv_prog_AR=ar
ac_cv_prog_AR_FOR_TARGET=ar
ac_cv_prog_AS=as
ac_cv_prog_AS_FOR_TARGET=as
ac_cv_prog_AWK=gawk
ac_cv_prog_BISON=bison
ac_cv_prog_CC_FOR_TARGET=gcc
ac_cv_prog_CXX_FOR_TARGET=c++
ac_cv_prog_DLLTOOL=dlltool
ac_cv_prog_DLLTOOL_FOR_TARGET=dlltool
ac_cv_prog_FLEX=flex
ac_cv_prog_GCC_FOR_TARGET=gcc
ac_cv_prog_GFORTRAN_FOR_TARGET=gfortran
ac_cv_prog_LD=d:/usr/bin/../lib/gcc/mingw32/9.2.0/../../../../mingw32/bin/ld.exe
ac_cv_prog_LD_FOR_TARGET=ld
ac_cv_prog_LEX=flex
ac_cv_prog_M4=m4
ac_cv_prog_MAKEINFO=makeinfo
ac_cv_prog_NM=nm
ac_cv_prog_NM_FOR_TARGET=nm
ac_cv_prog_OBJCOPY=objcopy
ac_cv_prog_OBJCOPY_FOR_TARGET=objcopy
ac_cv_prog_OBJDUMP=objdump
ac_cv_prog_OBJDUMP_FOR_TARGET=objdump
ac_cv_prog_RANLIB=ranlib
ac_cv_prog_RANLIB_FOR_TARGET=ranlib
ac_cv_prog_READELF=readelf
ac_cv_prog_READELF_FOR_TARGET=readelf
ac_cv_prog_STRIP=strip
ac_cv_prog_STRIP_FOR_TARGET=strip
ac_cv_prog_WINDMC=windmc
ac_cv_prog_WINDMC_FOR_TARGET=windmc
ac_cv_prog_WINDRES=windres
ac_cv_prog_WINDRES_FOR_TARGET=windres
ac_cv_prog_YACC='bison -y'
ac_cv_prog_ac_ct_CC=gcc
ac_cv_prog_ac_ct_CXX=g++
ac_cv_prog_ac_ct_GNATBIND=gnatbind
ac_cv_prog_ac_ct_GNATMAKE=gnatmake
ac_cv_prog_cc_c89=
ac_cv_prog_cc_c99=
ac_cv_prog_cc_g=yes
ac_cv_prog_cxx_g=yes
ac_cv_target=i686-pc-mingw32
acx_cv_cc_gcc_supports_ada=yes
acx_cv_d_compiler_works=no
acx_cv_prog_LN=ln
gcc_cv_isl=yes
gcc_cv_prog_cmp_skip='cmp --ignore-initial=16 $$f1 $$f2'
gcc_cv_tool_dirs=
gcc_cv_tool_prefix=d:/usr
lt_cv_objdir=.libs

## ----------------- ##
## Output variables. ##
## ----------------- ##

AR='ar'
AR_FOR_BUILD='$(AR)'
AR_FOR_TARGET='$(AR)'
AR_PLUGIN_OPTION='--plugin d:/usr/bin/../libexec/gcc/mingw32/9.2.0/liblto_plugin-0.dll'
AS='as'
AS_FOR_BUILD='$(AS)'
AS_FOR_TARGET='$(AS)'
AWK='gawk'
BISON='bison'
BUILD_CONFIG=''
CC='gcc'
CC_FOR_BUILD='$(CC)'
CC_FOR_TARGET='$(CC)'
CFLAGS='-O2 -gdwarf-4 -g3'
CFLAGS_FOR_BUILD='-O2 -gdwarf-4 -g3'
CFLAGS_FOR_TARGET='-O2 -gdwarf-4 -g3'
COMPILER_AS_FOR_TARGET='$(AS_FOR_TARGET)'
COMPILER_LD_FOR_TARGET='$(LD_FOR_TARGET)'
COMPILER_NM_FOR_TARGET='$(NM_FOR_TARGET)'
CONFIGURE_GDB_TK=''
CPPFLAGS=''
CPPFLAGS_FOR_BUILD=''
CPP_FOR_BUILD=''
CXX='g++'
CXXFLAGS='-O2 -gdwarf-4 -g3'
CXXFLAGS_FOR_BUILD='-O2 -gdwarf-4 -g3'
CXXFLAGS_FOR_TARGET='-O2 -gdwarf-4 -g3'
CXX_FOR_BUILD='$(CXX)'
CXX_FOR_TARGET='$(CXX)'
DEBUG_PREFIX_CFLAGS_FOR_TARGET=''
DEFS='-DPACKAGE_NAME=\"\" -DPACKAGE_TARNAME=\"\" -DPACKAGE_VERSION=\"\" -DPACKAGE_STRING=\"\" -DPACKAGE_BUGREPORT=\"\" -DPACKAGE_URL=\"\" -DLT_OBJDIR=\".libs/\"'
DLLTOOL='dlltool'
DLLTOOL_FOR_BUILD='$(DLLTOOL)'
DLLTOOL_FOR_TARGET='$(DLLTOOL)'
DSYMUTIL='dsymutil'
DSYMUTIL_FOR_BUILD='$(DSYMUTIL)'
DSYMUTIL_FOR_TARGET='$(DSYMUTIL)'
ECHO_C=''
ECHO_N='-n'
ECHO_T=''
EXEEXT='.exe'
EXPECT='expect'
FLAGS_FOR_TARGET=' -L$$r/$(TARGET_SUBDIR)/winsup/mingw -L$$r/$(TARGET_SUBDIR)/winsup/w32api/lib -isystem $$s/winsup/mingw/include -isystem $$s/winsup/w32api/include'
FLEX='flex'
GCC_FOR_TARGET='$()'
GCC_SHLIB_SUBDIR='/shlib'
GDB_TK=''
GDC='no'
GDCFLAGS=''
GDC_FOR_BUILD='$(GDC)'
GDC_FOR_TARGET='$(GDC)'
GFORTRAN_FOR_BUILD='$(GFORTRAN)'
GFORTRAN_FOR_TARGET='$(GFORTRAN)'
GNATBIND='gnatbind'
GNATMAKE='gnatmake'
GOC_FOR_BUILD='$(GOC)'
GOC_FOR_TARGET='$(GOC)'
HAVE_CXX11=''
HAVE_CXX11_FOR_BUILD=''
INSTALL_DATA='${INSTALL} -m 644'
INSTALL_GDB_TK=''
INSTALL_PROGRAM='${INSTALL}'
INSTALL_SCRIPT='${INSTALL}'
LD='d:/usr/bin/../lib/gcc/mingw32/9.2.0/../../../../mingw32/bin/ld.exe'
LDFLAGS=''
LDFLAGS_FOR_BUILD=''
LDFLAGS_FOR_TARGET=''
LD_FOR_BUILD='$(LD)'
LD_FOR_TARGET='$(LD)'
LEX='flex'
LIBOBJS=''
LIBS=''
LIPO='lipo'
LIPO_FOR_TARGET='$(LIPO)'
LN='ln'
LN_S='cp -pR'
LTLIBOBJS=''
M4='m4'
MAINT='#'
MAINTAINER_MODE_FALSE=''
MAINTAINER_MODE_TRUE='#'
MAKEINFO='makeinfo'
NM='nm'
NM_FOR_BUILD='$(NM)'
NM_FOR_TARGET='$(NM)'
OBJCOPY='objcopy'
OBJCOPY_FOR_TARGET='$(OBJCOPY)'
OBJDUMP='objdump'
OBJDUMP_FOR_TARGET='$(OBJDUMP)'
OBJEXT='o'
OTOOL='otool'
OTOOL_FOR_TARGET='$(OTOOL)'
PACKAGE_BUGREPORT=''
PACKAGE_NAME=''
PACKAGE_STRING=''
PACKAGE_TARNAME=''
PACKAGE_URL=''
PACKAGE_VERSION=''
PATH_SEPARATOR=':'
PGO_BUILD_GEN_CFLAGS=''
PGO_BUILD_LTO_CFLAGS=''
PGO_BUILD_USE_CFLAGS=''
PKG_CONFIG_PATH=''
RANLIB='ranlib'
RANLIB_FOR_BUILD='$(RANLIB)'
RANLIB_FOR_TARGET='$(RANLIB)'
RANLIB_PLUGIN_OPTION='--plugin d:/usr/bin/../libexec/gcc/mingw32/9.2.0/liblto_plugin-0.dll'
RAW_CXX_FOR_TARGET='$(CXX)'
READELF='readelf'
READELF_FOR_TARGET='$(READELF)'
RPATH_ENVVAR='PATH'
RUNTEST='runtest'
SED='/bin/sed'
SHELL='/bin/sh'
STRIP='strip'
STRIP_FOR_TARGET='$(STRIP)'
SYSROOT_CFLAGS_FOR_TARGET=''
TOPLEVEL_CONFIGURE_ARGUMENTS='./configure --build=i686-pc-mingw32 --prefix=d:/usr --with-auto-load-dir='\''$$debugdir;$$datadir/../auto-load'\'' --with-auto-load-safe-path='\''$$debugdir;$$datadir/../auto-load'\'' --with-gdb-datadir=d:/usr/share/gdb/13.1 --with-python=d:/usr/Python344 --with-system-gdbinit=d:/usr/etc/gdbinit --enable-tui --with-system-zlib --enable-unit-tests --with-pkgversion='\''MinGW32 GDB'\'' --disable-shared'
WINDMC='windmc'
WINDMC_FOR_BUILD='$(WINDMC)'
WINDMC_FOR_TARGET='$(WINDMC)'
WINDRES='windres'
WINDRES_FOR_BUILD='$(WINDRES)'
WINDRES_FOR_TARGET='$(WINDRES)'
YACC='bison -y'
ac_ct_CC='gcc'
ac_ct_CXX='g++'
bindir='${exec_prefix}/bin'
build='i686-pc-mingw32'
build_alias='i686-pc-mingw32'
build_configargs=' --cache-file=./config.cache '\''--prefix=d:/usr'\'' '\''--with-auto-load-dir=$$debugdir;$$datadir/../auto-load'\'' '\''--with-auto-load-safe-path=$$debugdir;$$datadir/../auto-load'\'' '\''--with-gdb-datadir=d:/usr/share/gdb/13.1'\'' '\''--with-python=d:/usr/Python344'\'' '\''--with-system-gdbinit=d:/usr/etc/gdbinit'\'' '\''--enable-tui'\'' '\''--with-system-zlib'\'' '\''--enable-unit-tests'\'' '\''--with-pkgversion=MinGW32 GDB'\'' '\''--disable-shared'\'' --program-transform-name='\''s,y,y,'\'' --disable-option-checking --disable-year2038'
build_configdirs=' libiberty'
build_cpu='i686'
build_libsubdir='build-i686-pc-mingw32'
build_noncanonical='i686-pc-mingw32'
build_os='mingw32'
build_subdir='build-i686-pc-mingw32'
build_tooldir='${exec_prefix}/i686-pc-mingw32'
build_vendor='pc'
compare_exclusions='gcc/cc*-checksum$(objext) | gcc/ada/*tools/*'
configdirs=' intl libiberty opcodes bfd readline libbacktrace libdecnumber libctf libsframe sim gdb gdbserver etc gnulib gdbsupport'
datadir='${datarootdir}'
datarootdir='${prefix}/share'
do_compare='cmp --ignore-initial=16 $$f1 $$f2'
docdir='${datarootdir}/doc/${PACKAGE}'
dvidir='${docdir}'
exec_prefix='${prefix}'
extra_host_libiberty_configure_flags='--enable-shared'
extra_host_zlib_configure_flags=''
extra_isl_gmp_configure_flags=''
extra_liboffloadmic_configure_flags=''
extra_linker_plugin_configure_flags=''
extra_linker_plugin_flags=''
extra_mpc_gmp_configure_flags=''
extra_mpc_mpfr_configure_flags=''
extra_mpfr_configure_flags=''
get_gcc_base_ver='cat'
gmpinc=''
gmplibs='-lmpc -lmpfr -lgmp'
host='i686-pc-mingw32'
host_alias=''
host_configargs=' --cache-file=./config.cache  --with-system-zlib '\''--prefix=d:/usr'\'' '\''--with-auto-load-dir=$$debugdir;$$datadir/../auto-load'\'' '\''--with-auto-load-safe-path=$$debugdir;$$datadir/../auto-load'\'' '\''--with-gdb-datadir=d:/usr/share/gdb/13.1'\'' '\''--with-python=d:/usr/Python344'\'' '\''--with-system-gdbinit=d:/usr/etc/gdbinit'\'' '\''--enable-tui'\'' '\''--with-system-zlib'\'' '\''--enable-unit-tests'\'' '\''--with-pkgversion=MinGW32 GDB'\'' '\''--disable-shared'\'' --program-transform-name='\''s,y,y,'\'' --disable-option-checking --disable-year2038'
host_cpu='i686'
host_noncanonical='i686-pc-mingw32'
host_os='mingw32'
host_shared='no'
host_subdir='.'
host_vendor='pc'
htmldir='${docdir}'
includedir='${prefix}/include'
infodir='${datarootdir}/info'
islinc=''
isllibs=' -lisl'
libdir='${exec_prefix}/lib'
libexecdir='${exec_prefix}/libexec'
localedir='${datarootdir}/locale'
localstatedir='${prefix}/var'
mandir='${datarootdir}/man'
oldincludedir='/usr/include'
pdfdir='${docdir}'
poststage1_ldflags='-static-libstdc++ -static-libgcc'
poststage1_libs=''
prefix='d:/usr'
program_transform_name='s,y,y,'
psdir='${docdir}'
sbindir='${exec_prefix}/sbin'
sharedstatedir='${prefix}/com'
stage1_cflags='-g'
stage1_checking='--enable-checking=yes,types'
stage1_languages=',c,'
stage1_ldflags=''
stage1_libs=''
stage2_werror_flag=''
sysconfdir='${prefix}/etc'
target='i686-pc-mingw32'
target_alias=''
target_configargs='--cache-file=./config.cache --enable-multilib   '\''--prefix=d:/usr'\'' '\''--with-auto-load-dir=$debugdir;$datadir/../auto-load'\'' '\''--with-auto-load-safe-path=$debugdir;$datadir/../auto-load'\'' '\''--with-gdb-datadir=d:/usr/share/gdb/13.1'\'' '\''--with-python=d:/usr/Python344'\'' '\''--with-system-gdbinit=d:/usr/etc/gdbinit'\'' '\''--enable-tui'\'' '\''--with-system-zlib'\'' '\''--enable-unit-tests'\'' '\''--with-pkgversion=MinGW32 GDB'\'' '\''--disable-shared'\'' --program-transform-name='\''s,y,y,'\'' --disable-option-checking --disable-year2038'
target_configdirs=''
target_cpu='i686'
target_noncanonical='i686-pc-mingw32'
target_os='mingw32'
target_subdir='i686-pc-mingw32'
target_vendor='pc'
tooldir='${exec_prefix}/i686-pc-mingw32'

## ------------------- ##
## File substitutions. ##
## ------------------- ##

alphaieee_frag='/dev/null'
host_makefile_frag='./config/mh-mingw'
ospace_frag='/dev/null'
serialization_dependencies='serdep.tmp'
target_makefile_frag='/dev/null'

## ----------- ##
## confdefs.h. ##
## ----------- ##

/* confdefs.h */
#define PACKAGE_NAME ""
#define PACKAGE_TARNAME ""
#define PACKAGE_VERSION ""
#define PACKAGE_STRING ""
#define PACKAGE_BUGREPORT ""
#define PACKAGE_URL ""
#define LT_OBJDIR ".libs/"

configure: exit 0
