This file contains any messages produced by compilers while
running configure, to aid debugging if configure makes a mistake.

It was created by etc configure 0, which was
generated by GNU Autoconf 2.69.  Invocation command line was

  $ /d/gnu/gdb-13.1/etc/configure --srcdir=.././etc --cache-file=./config.cache --with-system-zlib --prefix=d:/usr --with-auto-load-dir=$debugdir;$datadir/../auto-load --with-auto-load-safe-path=$debugdir;$datadir/../auto-load --with-gdb-datadir=d:/usr/share/gdb/13.1 --with-python=d:/usr/Python344 --with-system-gdbinit=d:/usr/etc/gdbinit --enable-tui --with-system-zlib --enable-unit-tests --with-pkgversion=MinGW32 GDB --disable-shared --program-transform-name=s,y,y, --disable-option-checking --disable-year2038 --build=i686-pc-mingw32 --host=i686-pc-mingw32 --target=i686-pc-mingw32

## --------- ##
## Platform. ##
## --------- ##

hostname = home-c4e4a596f7
uname -m = i686
uname -r = 1.0.17(0.48/3/2)
uname -s = MINGW32_NT-5.1
uname -v = 2011-04-24 23:39

/usr/bin/uname -p = unknown
/bin/uname -X     = unknown

/bin/arch              = unknown
/usr/bin/arch -k       = unknown
/usr/convex/getsysinfo = unknown
/usr/bin/hostinfo      = unknown
/bin/machine           = unknown
/usr/bin/oslevel       = unknown
/bin/universe          = unknown

PATH: .
PATH: /usr/local/bin
PATH: /mingw/bin
PATH: /bin
PATH: /d/usr/Perl/site/bin
PATH: /d/usr/Perl/bin
PATH: /d/usr/bin
PATH: /c/Program Files/Windows Resource Kits/Tools
PATH: /c/WINDOWS/system32
PATH: /c/WINDOWS
PATH: /c/WINDOWS/System32/Wbem
PATH: /c/Program Files/Common Files/GTK/2.0/bin
PATH: /d/usr/Python344
PATH: /d/usr/Python344/Scripts
PATH: /d/usr/NcFTP
PATH: /d/usr/MS_SupportTools
PATH: /c/Program Files/Common Files/Aladdin Shared/eToken
PATH: /d/usr/Bazaar
PATH: /d/usr/SilkSVN/bin
PATH: /d/usr/Mercurial
PATH: /d/usr/GnuPG


## ----------- ##
## Core tests. ##
## ----------- ##

configure:1638: creating cache ./config.cache
configure:1716: checking whether to enable maintainer-specific portions of Makefiles
configure:1725: result: no
configure:1783: checking for a BSD-compatible install
configure:1851: result: /bin/install -c
configure:1862: checking whether build environment is sane
configure:1917: result: yes
configure:2068: checking for a thread-safe mkdir -p
configure:2107: result: /bin/mkdir -p
configure:2114: checking for gawk
configure:2141: result: gawk
configure:2152: checking whether make sets $(MAKE)
configure:2174: result: yes
configure:2203: checking whether make supports nested variables
configure:2220: result: yes
configure:2357: checking whether make supports nested variables
configure:2374: result: yes
configure:2453: updating cache ./config.cache
configure:2537: checking that generated files are newer than configure
configure:2543: result: done
configure:2551: creating ./config.status

## ---------------------- ##
## Running config.status. ##
## ---------------------- ##

This file was extended by etc config.status 0, which was
generated by GNU Autoconf 2.69.  Invocation command line was

  CONFIG_FILES    = 
  CONFIG_HEADERS  = 
  CONFIG_LINKS    = 
  CONFIG_COMMANDS = 
  $ ./config.status 

on home-c4e4a596f7

config.status:745: creating Makefile

## ---------------- ##
## Cache variables. ##
## ---------------- ##

ac_cv_env_build_alias_set=set
ac_cv_env_build_alias_value=i686-pc-mingw32
ac_cv_env_host_alias_set=set
ac_cv_env_host_alias_value=i686-pc-mingw32
ac_cv_env_target_alias_set=set
ac_cv_env_target_alias_value=i686-pc-mingw32
ac_cv_path_mkdir=/bin/mkdir
ac_cv_prog_AWK=gawk
ac_cv_prog_make_make_set=yes
am_cv_make_support_nested_variables=yes

## ----------------- ##
## Output variables. ##
## ----------------- ##

ACLOCAL='${SHELL} /d/gnu/gdb-13.1/missing aclocal-1.15'
AMTAR='$${TAR-tar}'
AM_BACKSLASH='\'
AM_DEFAULT_V='$(AM_DEFAULT_VERBOSITY)'
AM_DEFAULT_VERBOSITY='0'
AM_V='$(V)'
AUTOCONF='${SHELL} /d/gnu/gdb-13.1/missing autoconf'
AUTOHEADER='${SHELL} /d/gnu/gdb-13.1/missing autoheader'
AUTOMAKE='${SHELL} /d/gnu/gdb-13.1/missing automake-1.15'
AWK='gawk'
CYGPATH_W='echo'
DEFS='-DPACKAGE_NAME=\"etc\" -DPACKAGE_TARNAME=\"etc\" -DPACKAGE_VERSION=\"0\" -DPACKAGE_STRING=\"etc\ 0\" -DPACKAGE_BUGREPORT=\"\" -DPACKAGE_URL=\"\" -DPACKAGE=\"etc\" -DVERSION=\"0\"'
ECHO_C=''
ECHO_N='-n'
ECHO_T=''
INSTALL_DATA='/bin/install -c -m 644'
INSTALL_PROGRAM='/bin/install -c'
INSTALL_SCRIPT='/bin/install -c'
INSTALL_STRIP_PROGRAM='$(install_sh) -c -s'
LIBOBJS=''
LIBS=''
LTLIBOBJS=''
MAINT='#'
MAINTAINER_MODE_FALSE=''
MAINTAINER_MODE_TRUE='#'
MAKEINFO='makeinfo --split-size=5000000'
MKDIR_P='/bin/mkdir -p'
PACKAGE='etc'
PACKAGE_BUGREPORT=''
PACKAGE_NAME='etc'
PACKAGE_STRING='etc 0'
PACKAGE_TARNAME='etc'
PACKAGE_URL=''
PACKAGE_VERSION='0'
PATH_SEPARATOR=':'
SET_MAKE=''
SHELL='/bin/sh'
STRIP=''
VERSION='0'
am__isrc=''
am__leading_dot='.'
am__tar='$${TAR-tar} chof - "$$tardir"'
am__untar='$${TAR-tar} xf -'
bindir='${exec_prefix}/bin'
build_alias='i686-pc-mingw32'
datadir='${datarootdir}'
datarootdir='${prefix}/share'
docdir='${datarootdir}/doc/${PACKAGE_TARNAME}'
dvidir='${docdir}'
exec_prefix='${prefix}'
host_alias='i686-pc-mingw32'
htmldir='${docdir}'
includedir='${prefix}/include'
infodir='${datarootdir}/info'
install_sh='${SHELL} /d/gnu/gdb-13.1/install-sh'
libdir='${exec_prefix}/lib'
libexecdir='${exec_prefix}/libexec'
localedir='${datarootdir}/locale'
localstatedir='${prefix}/var'
mandir='${datarootdir}/man'
mkdir_p='$(MKDIR_P)'
oldincludedir='/usr/include'
pdfdir='${docdir}'
prefix='d:/usr'
program_transform_name='s,y,y,'
psdir='${docdir}'
sbindir='${exec_prefix}/sbin'
sharedstatedir='${prefix}/com'
sysconfdir='${prefix}/etc'
target_alias='i686-pc-mingw32'

## ----------- ##
## confdefs.h. ##
## ----------- ##

/* confdefs.h */
#define PACKAGE_NAME "etc"
#define PACKAGE_TARNAME "etc"
#define PACKAGE_VERSION "0"
#define PACKAGE_STRING "etc 0"
#define PACKAGE_BUGREPORT ""
#define PACKAGE_URL ""
#define PACKAGE "etc"
#define VERSION "0"

configure: exit 0
