This file contains any messages produced by compilers while
running configure, to aid debugging if configure makes a mistake.

It was created by libsframe configure BFD_VERSION, which was
generated by GNU Autoconf 2.69.  Invocation command line was

  $ /d/gnu/gdb-13.1/libsframe/configure --srcdir=.././libsframe --cache-file=./config.cache --with-system-zlib --prefix=d:/usr --with-auto-load-dir=$debugdir;$datadir/../auto-load --with-auto-load-safe-path=$debugdir;$datadir/../auto-load --with-gdb-datadir=d:/usr/share/gdb/13.1 --with-python=d:/usr/Python344 --with-system-gdbinit=d:/usr/etc/gdbinit --enable-tui --with-system-zlib --enable-unit-tests --with-pkgversion=MinGW32 GDB --disable-shared --program-transform-name=s,y,y, --disable-option-checking --disable-year2038 --build=i686-pc-mingw32 --host=i686-pc-mingw32 --target=i686-pc-mingw32

## --------- ##
## Platform. ##
## --------- ##

hostname = home-c4e4a596f7
uname -m = i686
uname -r = 1.0.17(0.48/3/2)
uname -s = MINGW32_NT-5.1
uname -v = 2011-04-24 23:39

/usr/bin/uname -p = unknown
/bin/uname -X     = unknown

/bin/arch              = unknown
/usr/bin/arch -k       = unknown
/usr/convex/getsysinfo = unknown
/usr/bin/hostinfo      = unknown
/bin/machine           = unknown
/usr/bin/oslevel       = unknown
/bin/universe          = unknown

PATH: .
PATH: /usr/local/bin
PATH: /mingw/bin
PATH: /bin
PATH: /d/usr/Perl/site/bin
PATH: /d/usr/Perl/bin
PATH: /d/usr/bin
PATH: /c/Program Files/Windows Resource Kits/Tools
PATH: /c/WINDOWS/system32
PATH: /c/WINDOWS
PATH: /c/WINDOWS/System32/Wbem
PATH: /c/Program Files/Common Files/GTK/2.0/bin
PATH: /d/usr/Python344
PATH: /d/usr/Python344/Scripts
PATH: /d/usr/NcFTP
PATH: /d/usr/MS_SupportTools
PATH: /c/Program Files/Common Files/Aladdin Shared/eToken
PATH: /d/usr/Bazaar
PATH: /d/usr/SilkSVN/bin
PATH: /d/usr/Mercurial
PATH: /d/usr/GnuPG


## ----------- ##
## Core tests. ##
## ----------- ##

configure:2190: creating cache ./config.cache
configure:2310: checking for i686-pc-mingw32-gcc
configure:2337: result: gcc
configure:2606: checking for C compiler version
configure:2615: gcc --version >&5
gcc.exe (MinGW.org GCC Build-2) 9.2.0
Copyright (C) 2019 Free Software Foundation, Inc.
This is free software; see the source for copying conditions.  There is NO
warranty; not even for MERCHANTABILITY or FITNESS FOR A PARTICULAR PURPOSE.

configure:2626: $? = 0
configure:2615: gcc -v >&5
Using built-in specs.
COLLECT_GCC=d:\usr\bin\gcc.exe
COLLECT_LTO_WRAPPER=d:/usr/bin/../libexec/gcc/mingw32/9.2.0/lto-wrapper.exe
Target: mingw32
Configured with: ../src/gcc-9.2.0/configure --build=x86_64-pc-linux-gnu --host=mingw32 --target=mingw32 --disable-win32-registry --with-arch=i586 --with-tune=generic --enable-static --enable-shared --enable-threads --enable-languages=c,c++,objc,obj-c++,fortran,ada --with-dwarf2 --disable-sjlj-exceptions --enable-version-specific-runtime-libs --enable-libgomp --disable-libvtv --with-libiconv-prefix=/mingw --with-libintl-prefix=/mingw --enable-libstdcxx-debug --disable-build-format-warnings --prefix=/mingw --with-gmp=/mingw --with-mpfr=/mingw --with-mpc=/mingw --with-isl=/mingw --enable-nls --with-pkgversion='MinGW.org GCC Build-2'
Thread model: win32
gcc version 9.2.0 (MinGW.org GCC Build-2) 
configure:2626: $? = 0
configure:2615: gcc -V >&5
gcc.exe: error: unrecognized command line option '-V'
gcc.exe: fatal error: no input files
compilation terminated.
configure:2626: $? = 1
configure:2615: gcc -qversion >&5
gcc.exe: error: unrecognized command line option '-qversion'; did you mean '--version'?
gcc.exe: fatal error: no input files
compilation terminated.
configure:2626: $? = 1
configure:2646: checking whether the C compiler works
configure:2668: gcc -O2 -gdwarf-4 -g3       -Wl,--stack,12582912 conftest.c  >&5
configure:2672: $? = 0
configure:2720: result: yes
configure:2723: checking for C compiler default output file name
configure:2725: result: a.exe
configure:2731: checking for suffix of executables
configure:2738: gcc -o conftest.exe -O2 -gdwarf-4 -g3       -Wl,--stack,12582912 conftest.c  >&5
configure:2742: $? = 0
configure:2764: result: .exe
configure:2786: checking whether we are cross compiling
configure:2794: gcc -o conftest.exe -O2 -gdwarf-4 -g3       -Wl,--stack,12582912 conftest.c  >&5
configure:2798: $? = 0
configure:2805: ./conftest.exe
configure:2809: $? = 0
configure:2824: result: no
configure:2829: checking for suffix of object files
configure:2851: gcc -c -O2 -gdwarf-4 -g3      conftest.c >&5
configure:2855: $? = 0
configure:2876: result: o
configure:2880: checking whether we are using the GNU C compiler
configure:2899: gcc -c -O2 -gdwarf-4 -g3      conftest.c >&5
configure:2899: $? = 0
configure:2908: result: yes
configure:2917: checking whether gcc accepts -g
configure:2937: gcc -c -g  conftest.c >&5
configure:2937: $? = 0
configure:2978: result: yes
configure:2995: checking for gcc option to accept ISO C89
configure:3058: gcc  -c -O2 -gdwarf-4 -g3      conftest.c >&5
configure:3058: $? = 0
configure:3071: result: none needed
configure:3096: checking whether gcc understands -c and -o together
configure:3118: gcc -c conftest.c -o conftest2.o
configure:3121: $? = 0
configure:3118: gcc -c conftest.c -o conftest2.o
configure:3121: $? = 0
configure:3133: result: yes
configure:3156: checking how to run the C preprocessor
configure:3187: gcc -E  conftest.c
configure:3187: $? = 0
configure:3201: gcc -E  conftest.c
conftest.c:9:10: fatal error: ac_nonexistent.h: No such file or directory
    9 | #include <ac_nonexistent.h>
      |          ^~~~~~~~~~~~~~~~~~
compilation terminated.
configure:3201: $? = 1
configure: failed program was:
| /* confdefs.h */
| #define PACKAGE_NAME "libsframe"
| #define PACKAGE_TARNAME "libsframe"
| #define PACKAGE_VERSION "BFD_VERSION"
| #define PACKAGE_STRING "libsframe BFD_VERSION"
| #define PACKAGE_BUGREPORT ""
| #define PACKAGE_URL ""
| /* end confdefs.h.  */
| #include <ac_nonexistent.h>
configure:3226: result: gcc -E
configure:3246: gcc -E  conftest.c
configure:3246: $? = 0
configure:3260: gcc -E  conftest.c
conftest.c:9:10: fatal error: ac_nonexistent.h: No such file or directory
    9 | #include <ac_nonexistent.h>
      |          ^~~~~~~~~~~~~~~~~~
compilation terminated.
configure:3260: $? = 1
configure: failed program was:
| /* confdefs.h */
| #define PACKAGE_NAME "libsframe"
| #define PACKAGE_TARNAME "libsframe"
| #define PACKAGE_VERSION "BFD_VERSION"
| #define PACKAGE_STRING "libsframe BFD_VERSION"
| #define PACKAGE_BUGREPORT ""
| #define PACKAGE_URL ""
| /* end confdefs.h.  */
| #include <ac_nonexistent.h>
configure:3289: checking for grep that handles long lines and -e
configure:3347: result: /bin/grep
configure:3352: checking for egrep
configure:3414: result: /bin/grep -E
configure:3419: checking for ANSI C header files
configure:3439: gcc -c -O2 -gdwarf-4 -g3      conftest.c >&5
configure:3439: $? = 0
configure:3512: gcc -o conftest.exe -O2 -gdwarf-4 -g3       -Wl,--stack,12582912 conftest.c  >&5
configure:3512: $? = 0
configure:3512: ./conftest.exe
configure:3512: $? = 0
configure:3523: result: yes
configure:3536: checking for sys/types.h
configure:3536: gcc -c -O2 -gdwarf-4 -g3      conftest.c >&5
configure:3536: $? = 0
configure:3536: result: yes
configure:3536: checking for sys/stat.h
configure:3536: gcc -c -O2 -gdwarf-4 -g3      conftest.c >&5
configure:3536: $? = 0
configure:3536: result: yes
configure:3536: checking for stdlib.h
configure:3536: gcc -c -O2 -gdwarf-4 -g3      conftest.c >&5
configure:3536: $? = 0
configure:3536: result: yes
configure:3536: checking for string.h
configure:3536: gcc -c -O2 -gdwarf-4 -g3      conftest.c >&5
configure:3536: $? = 0
configure:3536: result: yes
configure:3536: checking for memory.h
configure:3536: gcc -c -O2 -gdwarf-4 -g3      conftest.c >&5
configure:3536: $? = 0
configure:3536: result: yes
configure:3536: checking for strings.h
configure:3536: gcc -c -O2 -gdwarf-4 -g3      conftest.c >&5
configure:3536: $? = 0
configure:3536: result: yes
configure:3536: checking for inttypes.h
configure:3536: gcc -c -O2 -gdwarf-4 -g3      conftest.c >&5
configure:3536: $? = 0
configure:3536: result: yes
configure:3536: checking for stdint.h
configure:3536: gcc -c -O2 -gdwarf-4 -g3      conftest.c >&5
configure:3536: $? = 0
configure:3536: result: yes
configure:3536: checking for unistd.h
configure:3536: gcc -c -O2 -gdwarf-4 -g3      conftest.c >&5
configure:3536: $? = 0
configure:3536: result: yes
configure:3549: checking minix/config.h usability
configure:3549: gcc -c -O2 -gdwarf-4 -g3      conftest.c >&5
conftest.c:52:10: fatal error: minix/config.h: No such file or directory
   52 | #include <minix/config.h>
      |          ^~~~~~~~~~~~~~~~
compilation terminated.
configure:3549: $? = 1
configure: failed program was:
| /* confdefs.h */
| #define PACKAGE_NAME "libsframe"
| #define PACKAGE_TARNAME "libsframe"
| #define PACKAGE_VERSION "BFD_VERSION"
| #define PACKAGE_STRING "libsframe BFD_VERSION"
| #define PACKAGE_BUGREPORT ""
| #define PACKAGE_URL ""
| #define STDC_HEADERS 1
| #define HAVE_SYS_TYPES_H 1
| #define HAVE_SYS_STAT_H 1
| #define HAVE_STDLIB_H 1
| #define HAVE_STRING_H 1
| #define HAVE_MEMORY_H 1
| #define HAVE_STRINGS_H 1
| #define HAVE_INTTYPES_H 1
| #define HAVE_STDINT_H 1
| #define HAVE_UNISTD_H 1
| /* end confdefs.h.  */
| #include <stdio.h>
| #ifdef HAVE_SYS_TYPES_H
| # include <sys/types.h>
| #endif
| #ifdef HAVE_SYS_STAT_H
| # include <sys/stat.h>
| #endif
| #ifdef STDC_HEADERS
| # include <stdlib.h>
| # include <stddef.h>
| #else
| # ifdef HAVE_STDLIB_H
| #  include <stdlib.h>
| # endif
| #endif
| #ifdef HAVE_STRING_H
| # if !defined STDC_HEADERS && defined HAVE_MEMORY_H
| #  include <memory.h>
| # endif
| # include <string.h>
| #endif
| #ifdef HAVE_STRINGS_H
| # include <strings.h>
| #endif
| #ifdef HAVE_INTTYPES_H
| # include <inttypes.h>
| #endif
| #ifdef HAVE_STDINT_H
| # include <stdint.h>
| #endif
| #ifdef HAVE_UNISTD_H
| # include <unistd.h>
| #endif
| #include <minix/config.h>
configure:3549: result: no
configure:3549: checking minix/config.h presence
configure:3549: gcc -E  conftest.c
conftest.c:19:10: fatal error: minix/config.h: No such file or directory
   19 | #include <minix/config.h>
      |          ^~~~~~~~~~~~~~~~
compilation terminated.
configure:3549: $? = 1
configure: failed program was:
| /* confdefs.h */
| #define PACKAGE_NAME "libsframe"
| #define PACKAGE_TARNAME "libsframe"
| #define PACKAGE_VERSION "BFD_VERSION"
| #define PACKAGE_STRING "libsframe BFD_VERSION"
| #define PACKAGE_BUGREPORT ""
| #define PACKAGE_URL ""
| #define STDC_HEADERS 1
| #define HAVE_SYS_TYPES_H 1
| #define HAVE_SYS_STAT_H 1
| #define HAVE_STDLIB_H 1
| #define HAVE_STRING_H 1
| #define HAVE_MEMORY_H 1
| #define HAVE_STRINGS_H 1
| #define HAVE_INTTYPES_H 1
| #define HAVE_STDINT_H 1
| #define HAVE_UNISTD_H 1
| /* end confdefs.h.  */
| #include <minix/config.h>
configure:3549: result: no
configure:3549: checking for minix/config.h
configure:3549: result: no
configure:3570: checking whether it is safe to define __EXTENSIONS__
configure:3588: gcc -c -O2 -gdwarf-4 -g3      conftest.c >&5
configure:3588: $? = 0
configure:3595: result: yes
configure:3625: checking for a BSD-compatible install
configure:3693: result: /bin/install -c
configure:3704: checking whether build environment is sane
configure:3759: result: yes
configure:3907: checking for a thread-safe mkdir -p
configure:3946: result: /bin/mkdir -p
configure:3953: checking for gawk
configure:3980: result: gawk
configure:3991: checking whether make sets $(MAKE)
configure:4013: result: yes
configure:4043: checking for style of include used by make
configure:4071: result: GNU
configure:4105: checking whether make supports nested variables
configure:4122: result: yes
configure:4207: checking dependency style of gcc
configure:4318: result: gcc3
configure:4378: checking whether make sets $(MAKE)
configure:4400: result: yes
configure:4417: checking for i686-pc-mingw32-gcc
configure:4444: result: gcc
configure:4713: checking for C compiler version
configure:4722: gcc --version >&5
gcc.exe (MinGW.org GCC Build-2) 9.2.0
Copyright (C) 2019 Free Software Foundation, Inc.
This is free software; see the source for copying conditions.  There is NO
warranty; not even for MERCHANTABILITY or FITNESS FOR A PARTICULAR PURPOSE.

configure:4733: $? = 0
configure:4722: gcc -v >&5
Using built-in specs.
COLLECT_GCC=d:\usr\bin\gcc.exe
COLLECT_LTO_WRAPPER=d:/usr/bin/../libexec/gcc/mingw32/9.2.0/lto-wrapper.exe
Target: mingw32
Configured with: ../src/gcc-9.2.0/configure --build=x86_64-pc-linux-gnu --host=mingw32 --target=mingw32 --disable-win32-registry --with-arch=i586 --with-tune=generic --enable-static --enable-shared --enable-threads --enable-languages=c,c++,objc,obj-c++,fortran,ada --with-dwarf2 --disable-sjlj-exceptions --enable-version-specific-runtime-libs --enable-libgomp --disable-libvtv --with-libiconv-prefix=/mingw --with-libintl-prefix=/mingw --enable-libstdcxx-debug --disable-build-format-warnings --prefix=/mingw --with-gmp=/mingw --with-mpfr=/mingw --with-mpc=/mingw --with-isl=/mingw --enable-nls --with-pkgversion='MinGW.org GCC Build-2'
Thread model: win32
gcc version 9.2.0 (MinGW.org GCC Build-2) 
configure:4733: $? = 0
configure:4722: gcc -V >&5
gcc.exe: error: unrecognized command line option '-V'
gcc.exe: fatal error: no input files
compilation terminated.
configure:4733: $? = 1
configure:4722: gcc -qversion >&5
gcc.exe: error: unrecognized command line option '-qversion'; did you mean '--version'?
gcc.exe: fatal error: no input files
compilation terminated.
configure:4733: $? = 1
configure:4737: checking whether we are using the GNU C compiler
configure:4765: result: yes
configure:4774: checking whether gcc accepts -g
configure:4835: result: yes
configure:4852: checking for gcc option to accept ISO C89
configure:4928: result: none needed
configure:4953: checking whether gcc understands -c and -o together
configure:4990: result: yes
configure:5010: checking for i686-pc-mingw32-ranlib
configure:5037: result: ranlib --plugin d:/usr/bin/../libexec/gcc/mingw32/9.2.0/liblto_plugin-0.dll
configure:5104: checking for i686-pc-mingw32-ar
configure:5131: result: ar --plugin d:/usr/bin/../libexec/gcc/mingw32/9.2.0/liblto_plugin-0.dll
configure:5201: checking the archiver (ar --plugin d:/usr/bin/../libexec/gcc/mingw32/9.2.0/liblto_plugin-0.dll) interface
configure:5217: gcc -c -O2 -gdwarf-4 -g3      conftest.c >&5
configure:5217: $? = 0
configure:5219: ar --plugin d:/usr/bin/../libexec/gcc/mingw32/9.2.0/liblto_plugin-0.dll cru libconftest.a conftest.o >&5
configure:5222: $? = 0
configure:5250: result: ar
configure:5332: checking build system type
configure:5346: result: i686-pc-mingw32
configure:5366: checking host system type
configure:5379: result: i686-pc-mingw32
configure:5420: checking how to print strings
configure:5447: result: printf
configure:5468: checking for a sed that does not truncate output
configure:5532: result: /bin/sed
configure:5550: checking for fgrep
configure:5612: result: /bin/grep -F
configure:5647: checking for ld used by gcc
configure:5714: result: d:/usr/bin/../lib/gcc/mingw32/9.2.0/../../../../mingw32/bin/ld.exe
configure:5721: checking if the linker (d:/usr/bin/../lib/gcc/mingw32/9.2.0/../../../../mingw32/bin/ld.exe) is GNU ld
configure:5736: result: yes
configure:5748: checking for BSD- or MS-compatible name lister (nm)
configure:5804: result: /d/usr/bin/nm
configure:5934: checking the name lister (/d/usr/bin/nm) interface
configure:5941: gcc -c -O2 -gdwarf-4 -g3      conftest.c >&5
configure:5944: /d/usr/bin/nm "conftest.o"
configure:5947: output
00000000 b .bss
00000000 d .data
00000000 N .debug_abbrev
00000000 N .debug_aranges
00000000 N .debug_info
00000000 N .debug_line
00000000 N .debug_macro
00000000 r .rdata$zzz
00000000 t .text
00000000 B _some_variable
configure:5954: result: BSD nm
configure:5957: checking whether ln -s works
configure:5964: result: no, using cp -pR
configure:5969: checking the maximum length of command line arguments
configure:6094: result: 8192
configure:6111: checking whether the shell understands some XSI constructs
configure:6121: result: yes
configure:6125: checking whether the shell understands "+="
configure:6131: result: yes
configure:6166: checking for d:/usr/bin/../lib/gcc/mingw32/9.2.0/../../../../mingw32/bin/ld.exe option to reload object files
configure:6173: result: -r
configure:6202: checking for i686-pc-mingw32-objdump
configure:6229: result: objdump
configure:6301: checking how to recognize dependent libraries
configure:6502: result: file_magic ^x86 archive import|^x86 DLL
configure:6535: checking for i686-pc-mingw32-ar
configure:6562: result: ar --plugin d:/usr/bin/../libexec/gcc/mingw32/9.2.0/liblto_plugin-0.dll
configure:6653: checking for i686-pc-mingw32-strip
configure:6683: result: no
configure:6693: checking for strip
configure:6709: found /d/usr/bin/strip
configure:6720: result: strip
configure:6752: checking for i686-pc-mingw32-ranlib
configure:6779: result: ranlib --plugin d:/usr/bin/../libexec/gcc/mingw32/9.2.0/liblto_plugin-0.dll
configure:6926: checking command to parse /d/usr/bin/nm output from gcc object
configure:7044: gcc -c -O2 -gdwarf-4 -g3      conftest.c >&5
configure:7047: $? = 0
configure:7051: /d/usr/bin/nm conftest.o \| sed -n -e 's/^.*[ ]\([ABCDGIRSTW][ABCDGIRSTW]*\)[ ][ ]*\([_A-Za-z][_A-Za-z0-9]*\)\{0,1\}$/\1 \2 \2/p' \> conftest.nm
configure:7054: $? = 0
cannot find nm_test_var in conftest.nm
configure:7044: gcc -c -O2 -gdwarf-4 -g3      conftest.c >&5
configure:7047: $? = 0
configure:7051: /d/usr/bin/nm conftest.o \| sed -n -e 's/^.*[ ]\([ABCDGIRSTW][ABCDGIRSTW]*\)[ ][ ]*_\([_A-Za-z][_A-Za-z0-9]*\)\{0,1\}$/\1 _\2 \2/p' \> conftest.nm
configure:7054: $? = 0
configure:7108: gcc -o conftest.exe -O2 -gdwarf-4 -g3       -Wl,--stack,12582912 conftest.c conftstm.o >&5
configure:7111: $? = 0
configure:7149: result: ok
configure:7997: checking for dlfcn.h
configure:7997: gcc -c -O2 -gdwarf-4 -g3      conftest.c >&5
configure:7997: $? = 0
configure:7997: result: yes
configure:8154: checking for objdir
configure:8169: result: .libs
configure:8440: checking if gcc supports -fno-rtti -fno-exceptions
configure:8458: gcc -c -O2 -gdwarf-4 -g3      -fno-rtti -fno-exceptions conftest.c >&5
cc1.exe: warning: command line option '-fno-rtti' is valid for C++/D/ObjC++ but not for C
configure:8462: $? = 0
configure:8475: result: no
configure:8495: checking for gcc option to produce PIC
configure:8781: result: -DDLL_EXPORT -DPIC
configure:8793: checking if gcc PIC flag -DDLL_EXPORT -DPIC works
configure:8811: gcc -c -O2 -gdwarf-4 -g3      -DDLL_EXPORT -DPIC -DPIC conftest.c >&5
configure:8815: $? = 0
configure:8828: result: yes
configure:8852: checking if gcc static flag -static works
configure:8880: result: yes
configure:8895: checking if gcc supports -c -o file.o
configure:8916: gcc -c -O2 -gdwarf-4 -g3      -o out/conftest2.o conftest.c >&5
configure:8920: $? = 0
configure:8942: result: yes
configure:8950: checking if gcc supports -c -o file.o
configure:8997: result: yes
configure:9030: checking whether the gcc linker (d:/usr/bin/../lib/gcc/mingw32/9.2.0/../../../../mingw32/bin/ld.exe) supports shared libraries
configure:10101: result: yes
configure:10346: checking dynamic linker characteristics
configure:11009: result: Win32 ld.exe
configure:11116: checking how to hardcode library paths into programs
configure:11141: result: immediate
configure:11681: checking whether stripping libraries is possible
configure:11686: result: yes
configure:11721: checking if libtool supports shared libraries
configure:11723: result: yes
configure:11726: checking whether to build shared libraries
configure:11747: result: no
configure:11750: checking whether to build static libraries
configure:11754: result: yes
configure:11796: checking for special C compiler options needed for large files
configure:11841: result: no
configure:11847: checking for _FILE_OFFSET_BITS value needed for large files
configure:11872: gcc -c -O2 -gdwarf-4 -g3      conftest.c >&5
conftest.c:33:33: warning: left shift count >= width of type [-Wshift-count-overflow]
   33 | #define LARGE_OFF_T (((off_t) 1 << 62) - 1 + ((off_t) 1 << 62))
      |                                 ^~
conftest.c:34:23: note: in expansion of macro 'LARGE_OFF_T'
   34 |   int off_t_is_large[(LARGE_OFF_T % 2147483629 == 721
      |                       ^~~~~~~~~~~
conftest.c:33:57: warning: left shift count >= width of type [-Wshift-count-overflow]
   33 | #define LARGE_OFF_T (((off_t) 1 << 62) - 1 + ((off_t) 1 << 62))
      |                                                         ^~
conftest.c:34:23: note: in expansion of macro 'LARGE_OFF_T'
   34 |   int off_t_is_large[(LARGE_OFF_T % 2147483629 == 721
      |                       ^~~~~~~~~~~
conftest.c:33:33: warning: left shift count >= width of type [-Wshift-count-overflow]
   33 | #define LARGE_OFF_T (((off_t) 1 << 62) - 1 + ((off_t) 1 << 62))
      |                                 ^~
conftest.c:35:13: note: in expansion of macro 'LARGE_OFF_T'
   35 |          && LARGE_OFF_T % 2147483647 == 1)
      |             ^~~~~~~~~~~
conftest.c:33:57: warning: left shift count >= width of type [-Wshift-count-overflow]
   33 | #define LARGE_OFF_T (((off_t) 1 << 62) - 1 + ((off_t) 1 << 62))
      |                                                         ^~
conftest.c:35:13: note: in expansion of macro 'LARGE_OFF_T'
   35 |          && LARGE_OFF_T % 2147483647 == 1)
      |             ^~~~~~~~~~~
conftest.c:34:7: error: variably modified 'off_t_is_large' at file scope
   34 |   int off_t_is_large[(LARGE_OFF_T % 2147483629 == 721
      |       ^~~~~~~~~~~~~~
configure:11872: $? = 1
configure: failed program was:
| /* confdefs.h */
| #define PACKAGE_NAME "libsframe"
| #define PACKAGE_TARNAME "libsframe"
| #define PACKAGE_VERSION "BFD_VERSION"
| #define PACKAGE_STRING "libsframe BFD_VERSION"
| #define PACKAGE_BUGREPORT ""
| #define PACKAGE_URL ""
| #define STDC_HEADERS 1
| #define HAVE_SYS_TYPES_H 1
| #define HAVE_SYS_STAT_H 1
| #define HAVE_STDLIB_H 1
| #define HAVE_STRING_H 1
| #define HAVE_MEMORY_H 1
| #define HAVE_STRINGS_H 1
| #define HAVE_INTTYPES_H 1
| #define HAVE_STDINT_H 1
| #define HAVE_UNISTD_H 1
| #define __EXTENSIONS__ 1
| #define _ALL_SOURCE 1
| #define _GNU_SOURCE 1
| #define _POSIX_PTHREAD_SEMANTICS 1
| #define _TANDEM_SOURCE 1
| #define PACKAGE "libsframe"
| #define VERSION "BFD_VERSION"
| #define HAVE_DLFCN_H 1
| #define LT_OBJDIR ".libs/"
| /* end confdefs.h.  */
| #include <sys/types.h>
|  /* Check that off_t can represent 2**63 - 1 correctly.
|     We can't simply define LARGE_OFF_T to be 9223372036854775807,
|     since some C++ compilers masquerading as C compilers
|     incorrectly reject 9223372036854775807.  */
| #define LARGE_OFF_T (((off_t) 1 << 62) - 1 + ((off_t) 1 << 62))
|   int off_t_is_large[(LARGE_OFF_T % 2147483629 == 721
| 		       && LARGE_OFF_T % 2147483647 == 1)
| 		      ? 1 : -1];
| int
| main ()
| {
| 
|   ;
|   return 0;
| }
configure:11896: gcc -c -O2 -gdwarf-4 -g3      conftest.c >&5
conftest.c:34:33: warning: left shift count >= width of type [-Wshift-count-overflow]
   34 | #define LARGE_OFF_T (((off_t) 1 << 62) - 1 + ((off_t) 1 << 62))
      |                                 ^~
conftest.c:35:23: note: in expansion of macro 'LARGE_OFF_T'
   35 |   int off_t_is_large[(LARGE_OFF_T % 2147483629 == 721
      |                       ^~~~~~~~~~~
conftest.c:34:57: warning: left shift count >= width of type [-Wshift-count-overflow]
   34 | #define LARGE_OFF_T (((off_t) 1 << 62) - 1 + ((off_t) 1 << 62))
      |                                                         ^~
conftest.c:35:23: note: in expansion of macro 'LARGE_OFF_T'
   35 |   int off_t_is_large[(LARGE_OFF_T % 2147483629 == 721
      |                       ^~~~~~~~~~~
conftest.c:34:33: warning: left shift count >= width of type [-Wshift-count-overflow]
   34 | #define LARGE_OFF_T (((off_t) 1 << 62) - 1 + ((off_t) 1 << 62))
      |                                 ^~
conftest.c:36:13: note: in expansion of macro 'LARGE_OFF_T'
   36 |          && LARGE_OFF_T % 2147483647 == 1)
      |             ^~~~~~~~~~~
conftest.c:34:57: warning: left shift count >= width of type [-Wshift-count-overflow]
   34 | #define LARGE_OFF_T (((off_t) 1 << 62) - 1 + ((off_t) 1 << 62))
      |                                                         ^~
conftest.c:36:13: note: in expansion of macro 'LARGE_OFF_T'
   36 |          && LARGE_OFF_T % 2147483647 == 1)
      |             ^~~~~~~~~~~
conftest.c:35:7: error: variably modified 'off_t_is_large' at file scope
   35 |   int off_t_is_large[(LARGE_OFF_T % 2147483629 == 721
      |       ^~~~~~~~~~~~~~
configure:11896: $? = 1
configure: failed program was:
| /* confdefs.h */
| #define PACKAGE_NAME "libsframe"
| #define PACKAGE_TARNAME "libsframe"
| #define PACKAGE_VERSION "BFD_VERSION"
| #define PACKAGE_STRING "libsframe BFD_VERSION"
| #define PACKAGE_BUGREPORT ""
| #define PACKAGE_URL ""
| #define STDC_HEADERS 1
| #define HAVE_SYS_TYPES_H 1
| #define HAVE_SYS_STAT_H 1
| #define HAVE_STDLIB_H 1
| #define HAVE_STRING_H 1
| #define HAVE_MEMORY_H 1
| #define HAVE_STRINGS_H 1
| #define HAVE_INTTYPES_H 1
| #define HAVE_STDINT_H 1
| #define HAVE_UNISTD_H 1
| #define __EXTENSIONS__ 1
| #define _ALL_SOURCE 1
| #define _GNU_SOURCE 1
| #define _POSIX_PTHREAD_SEMANTICS 1
| #define _TANDEM_SOURCE 1
| #define PACKAGE "libsframe"
| #define VERSION "BFD_VERSION"
| #define HAVE_DLFCN_H 1
| #define LT_OBJDIR ".libs/"
| /* end confdefs.h.  */
| #define _FILE_OFFSET_BITS 64
| #include <sys/types.h>
|  /* Check that off_t can represent 2**63 - 1 correctly.
|     We can't simply define LARGE_OFF_T to be 9223372036854775807,
|     since some C++ compilers masquerading as C compilers
|     incorrectly reject 9223372036854775807.  */
| #define LARGE_OFF_T (((off_t) 1 << 62) - 1 + ((off_t) 1 << 62))
|   int off_t_is_large[(LARGE_OFF_T % 2147483629 == 721
| 		       && LARGE_OFF_T % 2147483647 == 1)
| 		      ? 1 : -1];
| int
| main ()
| {
| 
|   ;
|   return 0;
| }
configure:11904: result: unknown
configure:11916: checking for _LARGE_FILES value needed for large files
configure:11941: gcc -c -O2 -gdwarf-4 -g3      conftest.c >&5
conftest.c:33:33: warning: left shift count >= width of type [-Wshift-count-overflow]
   33 | #define LARGE_OFF_T (((off_t) 1 << 62) - 1 + ((off_t) 1 << 62))
      |                                 ^~
conftest.c:34:23: note: in expansion of macro 'LARGE_OFF_T'
   34 |   int off_t_is_large[(LARGE_OFF_T % 2147483629 == 721
      |                       ^~~~~~~~~~~
conftest.c:33:57: warning: left shift count >= width of type [-Wshift-count-overflow]
   33 | #define LARGE_OFF_T (((off_t) 1 << 62) - 1 + ((off_t) 1 << 62))
      |                                                         ^~
conftest.c:34:23: note: in expansion of macro 'LARGE_OFF_T'
   34 |   int off_t_is_large[(LARGE_OFF_T % 2147483629 == 721
      |                       ^~~~~~~~~~~
conftest.c:33:33: warning: left shift count >= width of type [-Wshift-count-overflow]
   33 | #define LARGE_OFF_T (((off_t) 1 << 62) - 1 + ((off_t) 1 << 62))
      |                                 ^~
conftest.c:35:13: note: in expansion of macro 'LARGE_OFF_T'
   35 |          && LARGE_OFF_T % 2147483647 == 1)
      |             ^~~~~~~~~~~
conftest.c:33:57: warning: left shift count >= width of type [-Wshift-count-overflow]
   33 | #define LARGE_OFF_T (((off_t) 1 << 62) - 1 + ((off_t) 1 << 62))
      |                                                         ^~
conftest.c:35:13: note: in expansion of macro 'LARGE_OFF_T'
   35 |          && LARGE_OFF_T % 2147483647 == 1)
      |             ^~~~~~~~~~~
conftest.c:34:7: error: variably modified 'off_t_is_large' at file scope
   34 |   int off_t_is_large[(LARGE_OFF_T % 2147483629 == 721
      |       ^~~~~~~~~~~~~~
configure:11941: $? = 1
configure: failed program was:
| /* confdefs.h */
| #define PACKAGE_NAME "libsframe"
| #define PACKAGE_TARNAME "libsframe"
| #define PACKAGE_VERSION "BFD_VERSION"
| #define PACKAGE_STRING "libsframe BFD_VERSION"
| #define PACKAGE_BUGREPORT ""
| #define PACKAGE_URL ""
| #define STDC_HEADERS 1
| #define HAVE_SYS_TYPES_H 1
| #define HAVE_SYS_STAT_H 1
| #define HAVE_STDLIB_H 1
| #define HAVE_STRING_H 1
| #define HAVE_MEMORY_H 1
| #define HAVE_STRINGS_H 1
| #define HAVE_INTTYPES_H 1
| #define HAVE_STDINT_H 1
| #define HAVE_UNISTD_H 1
| #define __EXTENSIONS__ 1
| #define _ALL_SOURCE 1
| #define _GNU_SOURCE 1
| #define _POSIX_PTHREAD_SEMANTICS 1
| #define _TANDEM_SOURCE 1
| #define PACKAGE "libsframe"
| #define VERSION "BFD_VERSION"
| #define HAVE_DLFCN_H 1
| #define LT_OBJDIR ".libs/"
| /* end confdefs.h.  */
| #include <sys/types.h>
|  /* Check that off_t can represent 2**63 - 1 correctly.
|     We can't simply define LARGE_OFF_T to be 9223372036854775807,
|     since some C++ compilers masquerading as C compilers
|     incorrectly reject 9223372036854775807.  */
| #define LARGE_OFF_T (((off_t) 1 << 62) - 1 + ((off_t) 1 << 62))
|   int off_t_is_large[(LARGE_OFF_T % 2147483629 == 721
| 		       && LARGE_OFF_T % 2147483647 == 1)
| 		      ? 1 : -1];
| int
| main ()
| {
| 
|   ;
|   return 0;
| }
configure:11965: gcc -c -O2 -gdwarf-4 -g3      conftest.c >&5
conftest.c:34:33: warning: left shift count >= width of type [-Wshift-count-overflow]
   34 | #define LARGE_OFF_T (((off_t) 1 << 62) - 1 + ((off_t) 1 << 62))
      |                                 ^~
conftest.c:35:23: note: in expansion of macro 'LARGE_OFF_T'
   35 |   int off_t_is_large[(LARGE_OFF_T % 2147483629 == 721
      |                       ^~~~~~~~~~~
conftest.c:34:57: warning: left shift count >= width of type [-Wshift-count-overflow]
   34 | #define LARGE_OFF_T (((off_t) 1 << 62) - 1 + ((off_t) 1 << 62))
      |                                                         ^~
conftest.c:35:23: note: in expansion of macro 'LARGE_OFF_T'
   35 |   int off_t_is_large[(LARGE_OFF_T % 2147483629 == 721
      |                       ^~~~~~~~~~~
conftest.c:34:33: warning: left shift count >= width of type [-Wshift-count-overflow]
   34 | #define LARGE_OFF_T (((off_t) 1 << 62) - 1 + ((off_t) 1 << 62))
      |                                 ^~
conftest.c:36:13: note: in expansion of macro 'LARGE_OFF_T'
   36 |          && LARGE_OFF_T % 2147483647 == 1)
      |             ^~~~~~~~~~~
conftest.c:34:57: warning: left shift count >= width of type [-Wshift-count-overflow]
   34 | #define LARGE_OFF_T (((off_t) 1 << 62) - 1 + ((off_t) 1 << 62))
      |                                                         ^~
conftest.c:36:13: note: in expansion of macro 'LARGE_OFF_T'
   36 |          && LARGE_OFF_T % 2147483647 == 1)
      |             ^~~~~~~~~~~
conftest.c:35:7: error: variably modified 'off_t_is_large' at file scope
   35 |   int off_t_is_large[(LARGE_OFF_T % 2147483629 == 721
      |       ^~~~~~~~~~~~~~
configure:11965: $? = 1
configure: failed program was:
| /* confdefs.h */
| #define PACKAGE_NAME "libsframe"
| #define PACKAGE_TARNAME "libsframe"
| #define PACKAGE_VERSION "BFD_VERSION"
| #define PACKAGE_STRING "libsframe BFD_VERSION"
| #define PACKAGE_BUGREPORT ""
| #define PACKAGE_URL ""
| #define STDC_HEADERS 1
| #define HAVE_SYS_TYPES_H 1
| #define HAVE_SYS_STAT_H 1
| #define HAVE_STDLIB_H 1
| #define HAVE_STRING_H 1
| #define HAVE_MEMORY_H 1
| #define HAVE_STRINGS_H 1
| #define HAVE_INTTYPES_H 1
| #define HAVE_STDINT_H 1
| #define HAVE_UNISTD_H 1
| #define __EXTENSIONS__ 1
| #define _ALL_SOURCE 1
| #define _GNU_SOURCE 1
| #define _POSIX_PTHREAD_SEMANTICS 1
| #define _TANDEM_SOURCE 1
| #define PACKAGE "libsframe"
| #define VERSION "BFD_VERSION"
| #define HAVE_DLFCN_H 1
| #define LT_OBJDIR ".libs/"
| /* end confdefs.h.  */
| #define _LARGE_FILES 1
| #include <sys/types.h>
|  /* Check that off_t can represent 2**63 - 1 correctly.
|     We can't simply define LARGE_OFF_T to be 9223372036854775807,
|     since some C++ compilers masquerading as C compilers
|     incorrectly reject 9223372036854775807.  */
| #define LARGE_OFF_T (((off_t) 1 << 62) - 1 + ((off_t) 1 << 62))
|   int off_t_is_large[(LARGE_OFF_T % 2147483629 == 721
| 		       && LARGE_OFF_T % 2147483647 == 1)
| 		      ? 1 : -1];
| int
| main ()
| {
| 
|   ;
|   return 0;
| }
configure:11973: result: unknown
configure:11995: checking for aclocal
configure:12022: result: ${SHELL} /d/gnu/gdb-13.1/missing aclocal-1.15
configure:12038: checking for autoconf
configure:12065: result: ${SHELL} /d/gnu/gdb-13.1/missing autoconf
configure:12081: checking for autoheader
configure:12108: result: ${SHELL} /d/gnu/gdb-13.1/missing autoheader
configure:12141: checking whether gcc supports -Wall
configure:12158: gcc -c -Wall  conftest.c >&5
configure:12158: $? = 0
configure:12167: result: yes
configure:12141: checking whether gcc supports -Wextra
configure:12158: gcc -c -Wextra  conftest.c >&5
configure:12158: $? = 0
configure:12167: result: yes
configure:12141: checking whether gcc supports -Wwrite-strings
configure:12158: gcc -c -Wwrite-strings  conftest.c >&5
configure:12158: $? = 0
configure:12167: result: yes
configure:12141: checking whether gcc supports -Wmissing-format-attribute
configure:12158: gcc -c -Wmissing-format-attribute  conftest.c >&5
configure:12158: $? = 0
configure:12167: result: yes
configure:12141: checking whether gcc supports -Wstrict-prototypes
configure:12158: gcc -c -Wstrict-prototypes  conftest.c >&5
conftest.c:30:1: warning: function declaration isn't a prototype [-Wstrict-prototypes]
   30 | main ()
      | ^~~~
configure:12158: $? = 0
configure:12167: result: yes
configure:12141: checking whether gcc supports -Wmissing-prototypes
configure:12158: gcc -c -Wmissing-prototypes  conftest.c >&5
configure:12158: $? = 0
configure:12167: result: yes
configure:12184: checking for incompatibility between DejaGnu and GCC
configure:12186: result: 
configure:12201: gcc -o conftest.exe -O2 -gdwarf-4 -g3       -Wl,--stack,12582912 conftest.c  >&5
conftest.c:28:10: fatal error: dejagnu.h: No such file or directory
   28 | #include <dejagnu.h>
      |          ^~~~~~~~~~~
compilation terminated.
configure:12201: $? = 1
configure: failed program was:
| /* confdefs.h */
| #define PACKAGE_NAME "libsframe"
| #define PACKAGE_TARNAME "libsframe"
| #define PACKAGE_VERSION "BFD_VERSION"
| #define PACKAGE_STRING "libsframe BFD_VERSION"
| #define PACKAGE_BUGREPORT ""
| #define PACKAGE_URL ""
| #define STDC_HEADERS 1
| #define HAVE_SYS_TYPES_H 1
| #define HAVE_SYS_STAT_H 1
| #define HAVE_STDLIB_H 1
| #define HAVE_STRING_H 1
| #define HAVE_MEMORY_H 1
| #define HAVE_STRINGS_H 1
| #define HAVE_INTTYPES_H 1
| #define HAVE_STDINT_H 1
| #define HAVE_UNISTD_H 1
| #define __EXTENSIONS__ 1
| #define _ALL_SOURCE 1
| #define _GNU_SOURCE 1
| #define _POSIX_PTHREAD_SEMANTICS 1
| #define _TANDEM_SOURCE 1
| #define PACKAGE "libsframe"
| #define VERSION "BFD_VERSION"
| #define HAVE_DLFCN_H 1
| #define LT_OBJDIR ".libs/"
| /* end confdefs.h.  */
| #include <dejagnu.h>
| int
| main ()
| {
| pass ("test foo");
| 	       return 0;
|   ;
|   return 0;
| }
configure:12208: result: no
configure:12233: checking for makeinfo
configure:12260: result: makeinfo --split-size=5000000
configure:12300: checking whether to enable maintainer-specific portions of Makefiles
configure:12309: result: no
configure:12337: checking whether to install libbfd
configure:12350: result: yes
configure:12385: checking for stdlib.h
configure:12385: result: yes
configure:12385: checking for unistd.h
configure:12385: result: yes
configure:12385: checking for sys/param.h
configure:12385: gcc -c -O2 -gdwarf-4 -g3      conftest.c >&5
configure:12385: $? = 0
configure:12385: result: yes
configure:12405: checking for getpagesize
configure:12405: gcc -o conftest.exe -O2 -gdwarf-4 -g3       -Wl,--stack,12582912 conftest.c  >&5
configure:12405: $? = 0
configure:12405: result: yes
configure:12414: checking for working mmap
configure:12561: gcc -o conftest.exe -O2 -gdwarf-4 -g3       -Wl,--stack,12582912 conftest.c  >&5
conftest.c:91:10: fatal error: sys/mman.h: No such file or directory
   91 | #include <sys/mman.h>
      |          ^~~~~~~~~~~~
compilation terminated.
configure:12561: $? = 1
configure: program exited with status 1
configure: failed program was:
| /* confdefs.h */
| #define PACKAGE_NAME "libsframe"
| #define PACKAGE_TARNAME "libsframe"
| #define PACKAGE_VERSION "BFD_VERSION"
| #define PACKAGE_STRING "libsframe BFD_VERSION"
| #define PACKAGE_BUGREPORT ""
| #define PACKAGE_URL ""
| #define STDC_HEADERS 1
| #define HAVE_SYS_TYPES_H 1
| #define HAVE_SYS_STAT_H 1
| #define HAVE_STDLIB_H 1
| #define HAVE_STRING_H 1
| #define HAVE_MEMORY_H 1
| #define HAVE_STRINGS_H 1
| #define HAVE_INTTYPES_H 1
| #define HAVE_STDINT_H 1
| #define HAVE_UNISTD_H 1
| #define __EXTENSIONS__ 1
| #define _ALL_SOURCE 1
| #define _GNU_SOURCE 1
| #define _POSIX_PTHREAD_SEMANTICS 1
| #define _TANDEM_SOURCE 1
| #define PACKAGE "libsframe"
| #define VERSION "BFD_VERSION"
| #define HAVE_DLFCN_H 1
| #define LT_OBJDIR ".libs/"
| #define HAVE_STDLIB_H 1
| #define HAVE_UNISTD_H 1
| #define HAVE_SYS_PARAM_H 1
| #define HAVE_GETPAGESIZE 1
| /* end confdefs.h.  */
| #include <stdio.h>
| #ifdef HAVE_SYS_TYPES_H
| # include <sys/types.h>
| #endif
| #ifdef HAVE_SYS_STAT_H
| # include <sys/stat.h>
| #endif
| #ifdef STDC_HEADERS
| # include <stdlib.h>
| # include <stddef.h>
| #else
| # ifdef HAVE_STDLIB_H
| #  include <stdlib.h>
| # endif
| #endif
| #ifdef HAVE_STRING_H
| # if !defined STDC_HEADERS && defined HAVE_MEMORY_H
| #  include <memory.h>
| # endif
| # include <string.h>
| #endif
| #ifdef HAVE_STRINGS_H
| # include <strings.h>
| #endif
| #ifdef HAVE_INTTYPES_H
| # include <inttypes.h>
| #endif
| #ifdef HAVE_STDINT_H
| # include <stdint.h>
| #endif
| #ifdef HAVE_UNISTD_H
| # include <unistd.h>
| #endif
| /* malloc might have been renamed as rpl_malloc. */
| #undef malloc
| 
| /* Thanks to Mike Haertel and Jim Avera for this test.
|    Here is a matrix of mmap possibilities:
| 	mmap private not fixed
| 	mmap private fixed at somewhere currently unmapped
| 	mmap private fixed at somewhere already mapped
| 	mmap shared not fixed
| 	mmap shared fixed at somewhere currently unmapped
| 	mmap shared fixed at somewhere already mapped
|    For private mappings, we should verify that changes cannot be read()
|    back from the file, nor mmap's back from the file at a different
|    address.  (There have been systems where private was not correctly
|    implemented like the infamous i386 svr4.0, and systems where the
|    VM page cache was not coherent with the file system buffer cache
|    like early versions of FreeBSD and possibly contemporary NetBSD.)
|    For shared mappings, we should conversely verify that changes get
|    propagated back to all the places they're supposed to be.
| 
|    Grep wants private fixed already mapped.
|    The main things grep needs to know about mmap are:
|    * does it exist and is it safe to write into the mmap'd area
|    * how to use it (BSD variants)  */
| 
| #include <fcntl.h>
| #include <sys/mman.h>
| 
| #if !defined STDC_HEADERS && !defined HAVE_STDLIB_H
| char *malloc ();
| #endif
| 
| /* This mess was copied from the GNU getpagesize.h.  */
| #ifndef HAVE_GETPAGESIZE
| # ifdef _SC_PAGESIZE
| #  define getpagesize() sysconf(_SC_PAGESIZE)
| # else /* no _SC_PAGESIZE */
| #  ifdef HAVE_SYS_PARAM_H
| #   include <sys/param.h>
| #   ifdef EXEC_PAGESIZE
| #    define getpagesize() EXEC_PAGESIZE
| #   else /* no EXEC_PAGESIZE */
| #    ifdef NBPG
| #     define getpagesize() NBPG * CLSIZE
| #     ifndef CLSIZE
| #      define CLSIZE 1
| #     endif /* no CLSIZE */
| #    else /* no NBPG */
| #     ifdef NBPC
| #      define getpagesize() NBPC
| #     else /* no NBPC */
| #      ifdef PAGESIZE
| #       define getpagesize() PAGESIZE
| #      endif /* PAGESIZE */
| #     endif /* no NBPC */
| #    endif /* no NBPG */
| #   endif /* no EXEC_PAGESIZE */
| #  else /* no HAVE_SYS_PARAM_H */
| #   define getpagesize() 8192	/* punt totally */
| #  endif /* no HAVE_SYS_PARAM_H */
| # endif /* no _SC_PAGESIZE */
| 
| #endif /* no HAVE_GETPAGESIZE */
| 
| int
| main ()
| {
|   char *data, *data2, *data3;
|   const char *cdata2;
|   int i, pagesize;
|   int fd, fd2;
| 
|   pagesize = getpagesize ();
| 
|   /* First, make a file with some known garbage in it. */
|   data = (char *) malloc (pagesize);
|   if (!data)
|     return 1;
|   for (i = 0; i < pagesize; ++i)
|     *(data + i) = rand ();
|   umask (0);
|   fd = creat ("conftest.mmap", 0600);
|   if (fd < 0)
|     return 2;
|   if (write (fd, data, pagesize) != pagesize)
|     return 3;
|   close (fd);
| 
|   /* Next, check that the tail of a page is zero-filled.  File must have
|      non-zero length, otherwise we risk SIGBUS for entire page.  */
|   fd2 = open ("conftest.txt", O_RDWR | O_CREAT | O_TRUNC, 0600);
|   if (fd2 < 0)
|     return 4;
|   cdata2 = "";
|   if (write (fd2, cdata2, 1) != 1)
|     return 5;
|   data2 = (char *) mmap (0, pagesize, PROT_READ | PROT_WRITE, MAP_SHARED, fd2, 0L);
|   if (data2 == MAP_FAILED)
|     return 6;
|   for (i = 0; i < pagesize; ++i)
|     if (*(data2 + i))
|       return 7;
|   close (fd2);
|   if (munmap (data2, pagesize))
|     return 8;
| 
|   /* Next, try to mmap the file at a fixed address which already has
|      something else allocated at it.  If we can, also make sure that
|      we see the same garbage.  */
|   fd = open ("conftest.mmap", O_RDWR);
|   if (fd < 0)
|     return 9;
|   if (data2 != mmap (data2, pagesize, PROT_READ | PROT_WRITE,
| 		     MAP_PRIVATE | MAP_FIXED, fd, 0L))
|     return 10;
|   for (i = 0; i < pagesize; ++i)
|     if (*(data + i) != *(data2 + i))
|       return 11;
| 
|   /* Finally, make sure that changes to the mapped area do not
|      percolate back to the file as seen by read().  (This is a bug on
|      some variants of i386 svr4.0.)  */
|   for (i = 0; i < pagesize; ++i)
|     *(data2 + i) = *(data2 + i) + 1;
|   data3 = (char *) malloc (pagesize);
|   if (!data3)
|     return 12;
|   if (read (fd, data3, pagesize) != pagesize)
|     return 13;
|   for (i = 0; i < pagesize; ++i)
|     if (*(data + i) != *(data3 + i))
|       return 14;
|   close (fd);
|   return 0;
| }
configure:12571: result: no
configure:12583: checking byteswap.h usability
configure:12583: gcc -c -O2 -gdwarf-4 -g3      conftest.c >&5
conftest.c:65:10: fatal error: byteswap.h: No such file or directory
   65 | #include <byteswap.h>
      |          ^~~~~~~~~~~~
compilation terminated.
configure:12583: $? = 1
configure: failed program was:
| /* confdefs.h */
| #define PACKAGE_NAME "libsframe"
| #define PACKAGE_TARNAME "libsframe"
| #define PACKAGE_VERSION "BFD_VERSION"
| #define PACKAGE_STRING "libsframe BFD_VERSION"
| #define PACKAGE_BUGREPORT ""
| #define PACKAGE_URL ""
| #define STDC_HEADERS 1
| #define HAVE_SYS_TYPES_H 1
| #define HAVE_SYS_STAT_H 1
| #define HAVE_STDLIB_H 1
| #define HAVE_STRING_H 1
| #define HAVE_MEMORY_H 1
| #define HAVE_STRINGS_H 1
| #define HAVE_INTTYPES_H 1
| #define HAVE_STDINT_H 1
| #define HAVE_UNISTD_H 1
| #define __EXTENSIONS__ 1
| #define _ALL_SOURCE 1
| #define _GNU_SOURCE 1
| #define _POSIX_PTHREAD_SEMANTICS 1
| #define _TANDEM_SOURCE 1
| #define PACKAGE "libsframe"
| #define VERSION "BFD_VERSION"
| #define HAVE_DLFCN_H 1
| #define LT_OBJDIR ".libs/"
| #define HAVE_STDLIB_H 1
| #define HAVE_UNISTD_H 1
| #define HAVE_SYS_PARAM_H 1
| #define HAVE_GETPAGESIZE 1
| /* end confdefs.h.  */
| #include <stdio.h>
| #ifdef HAVE_SYS_TYPES_H
| # include <sys/types.h>
| #endif
| #ifdef HAVE_SYS_STAT_H
| # include <sys/stat.h>
| #endif
| #ifdef STDC_HEADERS
| # include <stdlib.h>
| # include <stddef.h>
| #else
| # ifdef HAVE_STDLIB_H
| #  include <stdlib.h>
| # endif
| #endif
| #ifdef HAVE_STRING_H
| # if !defined STDC_HEADERS && defined HAVE_MEMORY_H
| #  include <memory.h>
| # endif
| # include <string.h>
| #endif
| #ifdef HAVE_STRINGS_H
| # include <strings.h>
| #endif
| #ifdef HAVE_INTTYPES_H
| # include <inttypes.h>
| #endif
| #ifdef HAVE_STDINT_H
| # include <stdint.h>
| #endif
| #ifdef HAVE_UNISTD_H
| # include <unistd.h>
| #endif
| #include <byteswap.h>
configure:12583: result: no
configure:12583: checking byteswap.h presence
configure:12583: gcc -E  conftest.c
conftest.c:32:10: fatal error: byteswap.h: No such file or directory
   32 | #include <byteswap.h>
      |          ^~~~~~~~~~~~
compilation terminated.
configure:12583: $? = 1
configure: failed program was:
| /* confdefs.h */
| #define PACKAGE_NAME "libsframe"
| #define PACKAGE_TARNAME "libsframe"
| #define PACKAGE_VERSION "BFD_VERSION"
| #define PACKAGE_STRING "libsframe BFD_VERSION"
| #define PACKAGE_BUGREPORT ""
| #define PACKAGE_URL ""
| #define STDC_HEADERS 1
| #define HAVE_SYS_TYPES_H 1
| #define HAVE_SYS_STAT_H 1
| #define HAVE_STDLIB_H 1
| #define HAVE_STRING_H 1
| #define HAVE_MEMORY_H 1
| #define HAVE_STRINGS_H 1
| #define HAVE_INTTYPES_H 1
| #define HAVE_STDINT_H 1
| #define HAVE_UNISTD_H 1
| #define __EXTENSIONS__ 1
| #define _ALL_SOURCE 1
| #define _GNU_SOURCE 1
| #define _POSIX_PTHREAD_SEMANTICS 1
| #define _TANDEM_SOURCE 1
| #define PACKAGE "libsframe"
| #define VERSION "BFD_VERSION"
| #define HAVE_DLFCN_H 1
| #define LT_OBJDIR ".libs/"
| #define HAVE_STDLIB_H 1
| #define HAVE_UNISTD_H 1
| #define HAVE_SYS_PARAM_H 1
| #define HAVE_GETPAGESIZE 1
| /* end confdefs.h.  */
| #include <byteswap.h>
configure:12583: result: no
configure:12583: checking for byteswap.h
configure:12583: result: no
configure:12583: checking endian.h usability
configure:12583: gcc -c -O2 -gdwarf-4 -g3      conftest.c >&5
conftest.c:65:10: fatal error: endian.h: No such file or directory
   65 | #include <endian.h>
      |          ^~~~~~~~~~
compilation terminated.
configure:12583: $? = 1
configure: failed program was:
| /* confdefs.h */
| #define PACKAGE_NAME "libsframe"
| #define PACKAGE_TARNAME "libsframe"
| #define PACKAGE_VERSION "BFD_VERSION"
| #define PACKAGE_STRING "libsframe BFD_VERSION"
| #define PACKAGE_BUGREPORT ""
| #define PACKAGE_URL ""
| #define STDC_HEADERS 1
| #define HAVE_SYS_TYPES_H 1
| #define HAVE_SYS_STAT_H 1
| #define HAVE_STDLIB_H 1
| #define HAVE_STRING_H 1
| #define HAVE_MEMORY_H 1
| #define HAVE_STRINGS_H 1
| #define HAVE_INTTYPES_H 1
| #define HAVE_STDINT_H 1
| #define HAVE_UNISTD_H 1
| #define __EXTENSIONS__ 1
| #define _ALL_SOURCE 1
| #define _GNU_SOURCE 1
| #define _POSIX_PTHREAD_SEMANTICS 1
| #define _TANDEM_SOURCE 1
| #define PACKAGE "libsframe"
| #define VERSION "BFD_VERSION"
| #define HAVE_DLFCN_H 1
| #define LT_OBJDIR ".libs/"
| #define HAVE_STDLIB_H 1
| #define HAVE_UNISTD_H 1
| #define HAVE_SYS_PARAM_H 1
| #define HAVE_GETPAGESIZE 1
| /* end confdefs.h.  */
| #include <stdio.h>
| #ifdef HAVE_SYS_TYPES_H
| # include <sys/types.h>
| #endif
| #ifdef HAVE_SYS_STAT_H
| # include <sys/stat.h>
| #endif
| #ifdef STDC_HEADERS
| # include <stdlib.h>
| # include <stddef.h>
| #else
| # ifdef HAVE_STDLIB_H
| #  include <stdlib.h>
| # endif
| #endif
| #ifdef HAVE_STRING_H
| # if !defined STDC_HEADERS && defined HAVE_MEMORY_H
| #  include <memory.h>
| # endif
| # include <string.h>
| #endif
| #ifdef HAVE_STRINGS_H
| # include <strings.h>
| #endif
| #ifdef HAVE_INTTYPES_H
| # include <inttypes.h>
| #endif
| #ifdef HAVE_STDINT_H
| # include <stdint.h>
| #endif
| #ifdef HAVE_UNISTD_H
| # include <unistd.h>
| #endif
| #include <endian.h>
configure:12583: result: no
configure:12583: checking endian.h presence
configure:12583: gcc -E  conftest.c
conftest.c:32:10: fatal error: endian.h: No such file or directory
   32 | #include <endian.h>
      |          ^~~~~~~~~~
compilation terminated.
configure:12583: $? = 1
configure: failed program was:
| /* confdefs.h */
| #define PACKAGE_NAME "libsframe"
| #define PACKAGE_TARNAME "libsframe"
| #define PACKAGE_VERSION "BFD_VERSION"
| #define PACKAGE_STRING "libsframe BFD_VERSION"
| #define PACKAGE_BUGREPORT ""
| #define PACKAGE_URL ""
| #define STDC_HEADERS 1
| #define HAVE_SYS_TYPES_H 1
| #define HAVE_SYS_STAT_H 1
| #define HAVE_STDLIB_H 1
| #define HAVE_STRING_H 1
| #define HAVE_MEMORY_H 1
| #define HAVE_STRINGS_H 1
| #define HAVE_INTTYPES_H 1
| #define HAVE_STDINT_H 1
| #define HAVE_UNISTD_H 1
| #define __EXTENSIONS__ 1
| #define _ALL_SOURCE 1
| #define _GNU_SOURCE 1
| #define _POSIX_PTHREAD_SEMANTICS 1
| #define _TANDEM_SOURCE 1
| #define PACKAGE "libsframe"
| #define VERSION "BFD_VERSION"
| #define HAVE_DLFCN_H 1
| #define LT_OBJDIR ".libs/"
| #define HAVE_STDLIB_H 1
| #define HAVE_UNISTD_H 1
| #define HAVE_SYS_PARAM_H 1
| #define HAVE_GETPAGESIZE 1
| /* end confdefs.h.  */
| #include <endian.h>
configure:12583: result: no
configure:12583: checking for endian.h
configure:12583: result: no
configure:12594: checking whether bswap_16 is declared
configure:12594: gcc -c -O2 -gdwarf-4 -g3      conftest.c >&5
conftest.c:32:10: fatal error: byteswap.h: No such file or directory
   32 | #include <byteswap.h>
      |          ^~~~~~~~~~~~
compilation terminated.
configure:12594: $? = 1
configure: failed program was:
| /* confdefs.h */
| #define PACKAGE_NAME "libsframe"
| #define PACKAGE_TARNAME "libsframe"
| #define PACKAGE_VERSION "BFD_VERSION"
| #define PACKAGE_STRING "libsframe BFD_VERSION"
| #define PACKAGE_BUGREPORT ""
| #define PACKAGE_URL ""
| #define STDC_HEADERS 1
| #define HAVE_SYS_TYPES_H 1
| #define HAVE_SYS_STAT_H 1
| #define HAVE_STDLIB_H 1
| #define HAVE_STRING_H 1
| #define HAVE_MEMORY_H 1
| #define HAVE_STRINGS_H 1
| #define HAVE_INTTYPES_H 1
| #define HAVE_STDINT_H 1
| #define HAVE_UNISTD_H 1
| #define __EXTENSIONS__ 1
| #define _ALL_SOURCE 1
| #define _GNU_SOURCE 1
| #define _POSIX_PTHREAD_SEMANTICS 1
| #define _TANDEM_SOURCE 1
| #define PACKAGE "libsframe"
| #define VERSION "BFD_VERSION"
| #define HAVE_DLFCN_H 1
| #define LT_OBJDIR ".libs/"
| #define HAVE_STDLIB_H 1
| #define HAVE_UNISTD_H 1
| #define HAVE_SYS_PARAM_H 1
| #define HAVE_GETPAGESIZE 1
| /* end confdefs.h.  */
| #include <byteswap.h>
| 
| int
| main ()
| {
| #ifndef bswap_16
| #ifdef __cplusplus
|   (void) bswap_16;
| #else
|   (void) bswap_16;
| #endif
| #endif
| 
|   ;
|   return 0;
| }
configure:12594: result: no
configure:12605: checking whether bswap_32 is declared
configure:12605: gcc -c -O2 -gdwarf-4 -g3      conftest.c >&5
conftest.c:33:10: fatal error: byteswap.h: No such file or directory
   33 | #include <byteswap.h>
      |          ^~~~~~~~~~~~
compilation terminated.
configure:12605: $? = 1
configure: failed program was:
| /* confdefs.h */
| #define PACKAGE_NAME "libsframe"
| #define PACKAGE_TARNAME "libsframe"
| #define PACKAGE_VERSION "BFD_VERSION"
| #define PACKAGE_STRING "libsframe BFD_VERSION"
| #define PACKAGE_BUGREPORT ""
| #define PACKAGE_URL ""
| #define STDC_HEADERS 1
| #define HAVE_SYS_TYPES_H 1
| #define HAVE_SYS_STAT_H 1
| #define HAVE_STDLIB_H 1
| #define HAVE_STRING_H 1
| #define HAVE_MEMORY_H 1
| #define HAVE_STRINGS_H 1
| #define HAVE_INTTYPES_H 1
| #define HAVE_STDINT_H 1
| #define HAVE_UNISTD_H 1
| #define __EXTENSIONS__ 1
| #define _ALL_SOURCE 1
| #define _GNU_SOURCE 1
| #define _POSIX_PTHREAD_SEMANTICS 1
| #define _TANDEM_SOURCE 1
| #define PACKAGE "libsframe"
| #define VERSION "BFD_VERSION"
| #define HAVE_DLFCN_H 1
| #define LT_OBJDIR ".libs/"
| #define HAVE_STDLIB_H 1
| #define HAVE_UNISTD_H 1
| #define HAVE_SYS_PARAM_H 1
| #define HAVE_GETPAGESIZE 1
| #define HAVE_DECL_BSWAP_16 0
| /* end confdefs.h.  */
| #include <byteswap.h>
| 
| int
| main ()
| {
| #ifndef bswap_32
| #ifdef __cplusplus
|   (void) bswap_32;
| #else
|   (void) bswap_32;
| #endif
| #endif
| 
|   ;
|   return 0;
| }
configure:12605: result: no
configure:12616: checking whether bswap_64 is declared
configure:12616: gcc -c -O2 -gdwarf-4 -g3      conftest.c >&5
conftest.c:34:10: fatal error: byteswap.h: No such file or directory
   34 | #include <byteswap.h>
      |          ^~~~~~~~~~~~
compilation terminated.
configure:12616: $? = 1
configure: failed program was:
| /* confdefs.h */
| #define PACKAGE_NAME "libsframe"
| #define PACKAGE_TARNAME "libsframe"
| #define PACKAGE_VERSION "BFD_VERSION"
| #define PACKAGE_STRING "libsframe BFD_VERSION"
| #define PACKAGE_BUGREPORT ""
| #define PACKAGE_URL ""
| #define STDC_HEADERS 1
| #define HAVE_SYS_TYPES_H 1
| #define HAVE_SYS_STAT_H 1
| #define HAVE_STDLIB_H 1
| #define HAVE_STRING_H 1
| #define HAVE_MEMORY_H 1
| #define HAVE_STRINGS_H 1
| #define HAVE_INTTYPES_H 1
| #define HAVE_STDINT_H 1
| #define HAVE_UNISTD_H 1
| #define __EXTENSIONS__ 1
| #define _ALL_SOURCE 1
| #define _GNU_SOURCE 1
| #define _POSIX_PTHREAD_SEMANTICS 1
| #define _TANDEM_SOURCE 1
| #define PACKAGE "libsframe"
| #define VERSION "BFD_VERSION"
| #define HAVE_DLFCN_H 1
| #define LT_OBJDIR ".libs/"
| #define HAVE_STDLIB_H 1
| #define HAVE_UNISTD_H 1
| #define HAVE_SYS_PARAM_H 1
| #define HAVE_GETPAGESIZE 1
| #define HAVE_DECL_BSWAP_16 0
| #define HAVE_DECL_BSWAP_32 0
| /* end confdefs.h.  */
| #include <byteswap.h>
| 
| int
| main ()
| {
| #ifndef bswap_64
| #ifdef __cplusplus
|   (void) bswap_64;
| #else
|   (void) bswap_64;
| #endif
| #endif
| 
|   ;
|   return 0;
| }
configure:12616: result: no
configure:12698: updating cache ./config.cache
configure:12742: checking that generated files are newer than configure
configure:12748: result: done
configure:12787: creating ./config.status

## ---------------------- ##
## Running config.status. ##
## ---------------------- ##

This file was extended by libsframe config.status BFD_VERSION, which was
generated by GNU Autoconf 2.69.  Invocation command line was

  CONFIG_FILES    = 
  CONFIG_HEADERS  = 
  CONFIG_LINKS    = 
  CONFIG_COMMANDS = 
  $ ./config.status 

on home-c4e4a596f7

config.status:1108: creating Makefile
config.status:1108: creating config.h
config.status:1337: executing depfiles commands
config.status:1337: executing libtool commands

## ---------------- ##
## Cache variables. ##
## ---------------- ##

ac_cv_build=i686-pc-mingw32
ac_cv_c_compiler_gnu=yes
ac_cv_dejagnu_compat=no
ac_cv_env_CC_set=set
ac_cv_env_CC_value=gcc
ac_cv_env_CFLAGS_set=set
ac_cv_env_CFLAGS_value='-O2 -gdwarf-4 -g3    '
ac_cv_env_CPPFLAGS_set=
ac_cv_env_CPPFLAGS_value=
ac_cv_env_CPP_set=
ac_cv_env_CPP_value=
ac_cv_env_LDFLAGS_set=set
ac_cv_env_LDFLAGS_value=' -Wl,--stack,12582912'
ac_cv_env_LIBS_set=
ac_cv_env_LIBS_value=
ac_cv_env_build_alias_set=set
ac_cv_env_build_alias_value=i686-pc-mingw32
ac_cv_env_host_alias_set=set
ac_cv_env_host_alias_value=i686-pc-mingw32
ac_cv_env_target_alias_set=set
ac_cv_env_target_alias_value=i686-pc-mingw32
ac_cv_exeext=.exe
ac_cv_func_getpagesize=yes
ac_cv_func_mmap_fixed_mapped=no
ac_cv_have_decl_bswap_16=no
ac_cv_have_decl_bswap_32=no
ac_cv_have_decl_bswap_64=no
ac_cv_header_byteswap_h=no
ac_cv_header_dlfcn_h=yes
ac_cv_header_endian_h=no
ac_cv_header_inttypes_h=yes
ac_cv_header_memory_h=yes
ac_cv_header_minix_config_h=no
ac_cv_header_stdc=yes
ac_cv_header_stdint_h=yes
ac_cv_header_stdlib_h=yes
ac_cv_header_string_h=yes
ac_cv_header_strings_h=yes
ac_cv_header_sys_param_h=yes
ac_cv_header_sys_stat_h=yes
ac_cv_header_sys_types_h=yes
ac_cv_header_unistd_h=yes
ac_cv_host=i686-pc-mingw32
ac_cv_objext=o
ac_cv_path_EGREP='/bin/grep -E'
ac_cv_path_FGREP='/bin/grep -F'
ac_cv_path_GREP=/bin/grep
ac_cv_path_SED=/bin/sed
ac_cv_path_mkdir=/bin/mkdir
ac_cv_prog_ACLOCAL='${SHELL} /d/gnu/gdb-13.1/missing aclocal-1.15'
ac_cv_prog_AR='ar --plugin d:/usr/bin/../libexec/gcc/mingw32/9.2.0/liblto_plugin-0.dll'
ac_cv_prog_AUTOCONF='${SHELL} /d/gnu/gdb-13.1/missing autoconf'
ac_cv_prog_AUTOHEADER='${SHELL} /d/gnu/gdb-13.1/missing autoheader'
ac_cv_prog_AWK=gawk
ac_cv_prog_CC=gcc
ac_cv_prog_CPP='gcc -E'
ac_cv_prog_MAKEINFO='makeinfo --split-size=5000000'
ac_cv_prog_OBJDUMP=objdump
ac_cv_prog_RANLIB='ranlib --plugin d:/usr/bin/../libexec/gcc/mingw32/9.2.0/liblto_plugin-0.dll'
ac_cv_prog_ac_ct_STRIP=strip
ac_cv_prog_cc_c89=
ac_cv_prog_cc_g=yes
ac_cv_prog_make_make_set=yes
ac_cv_safe_to_define___extensions__=yes
ac_cv_sys_file_offset_bits=unknown
ac_cv_sys_large_files=unknown
ac_cv_sys_largefile_CC=no
acx_cv_prog_cc_warning__Wall=yes
acx_cv_prog_cc_warning__Wextra=yes
acx_cv_prog_cc_warning__Wmissing_format_attribute=yes
acx_cv_prog_cc_warning__Wmissing_prototypes=yes
acx_cv_prog_cc_warning__Wstrict_prototypes=yes
acx_cv_prog_cc_warning__Wwrite_strings=yes
am_cv_CC_dependencies_compiler_type=gcc3
am_cv_ar_interface=ar
am_cv_make_support_nested_variables=yes
am_cv_prog_cc_c_o=yes
lt_cv_deplibs_check_method='file_magic ^x86 archive import|^x86 DLL'
lt_cv_file_magic_cmd=func_win32_libid
lt_cv_file_magic_test_file=
lt_cv_ld_reload_flag=-r
lt_cv_nm_interface='BSD nm'
lt_cv_objdir=.libs
lt_cv_path_LD=d:/usr/bin/../lib/gcc/mingw32/9.2.0/../../../../mingw32/bin/ld.exe
lt_cv_path_NM=/d/usr/bin/nm
lt_cv_prog_compiler_c_o=yes
lt_cv_prog_compiler_pic_works=yes
lt_cv_prog_compiler_rtti_exceptions=no
lt_cv_prog_compiler_static_works=yes
lt_cv_prog_gnu_ld=yes
lt_cv_sys_global_symbol_pipe='sed -n -e '\''s/^.*[	 ]\([ABCDGIRSTW][ABCDGIRSTW]*\)[	 ][	 ]*_\([_A-Za-z][_A-Za-z0-9]*\)\{0,1\}$/\1 _\2 \2/p'\'''
lt_cv_sys_global_symbol_to_c_name_address='sed -n -e '\''s/^: \([^ ]*\) $/  {\"\1\", (void *) 0},/p'\'' -e '\''s/^[ABCDGIRSTW]* \([^ ]*\) \([^ ]*\)$/  {"\2", (void *) \&\2},/p'\'''
lt_cv_sys_global_symbol_to_c_name_address_lib_prefix='sed -n -e '\''s/^: \([^ ]*\) $/  {\"\1\", (void *) 0},/p'\'' -e '\''s/^[ABCDGIRSTW]* \([^ ]*\) \(lib[^ ]*\)$/  {"\2", (void *) \&\2},/p'\'' -e '\''s/^[ABCDGIRSTW]* \([^ ]*\) \([^ ]*\)$/  {"lib\2", (void *) \&\2},/p'\'''
lt_cv_sys_global_symbol_to_cdecl='sed -n -e '\''s/^T .* \(.*\)$/extern int \1();/p'\'' -e '\''s/^[ABCDGIRSTW]* .* \(.*\)$/extern char \1;/p'\'''
lt_cv_sys_max_cmd_len=8192

## ----------------- ##
## Output variables. ##
## ----------------- ##

ACLOCAL='${SHELL} /d/gnu/gdb-13.1/missing aclocal-1.15'
AMDEPBACKSLASH='\'
AMDEP_FALSE='#'
AMDEP_TRUE=''
AMTAR='$${TAR-tar}'
AM_BACKSLASH='\'
AM_DEFAULT_V='$(AM_DEFAULT_VERBOSITY)'
AM_DEFAULT_VERBOSITY='1'
AM_V='$(V)'
AR='ar --plugin d:/usr/bin/../libexec/gcc/mingw32/9.2.0/liblto_plugin-0.dll --plugin d:/usr/bin/../libexec/gcc/mingw32/9.2.0/liblto_plugin-0.dll'
AUTOCONF='${SHELL} /d/gnu/gdb-13.1/missing autoconf'
AUTOHEADER='${SHELL} /d/gnu/gdb-13.1/missing autoheader'
AUTOMAKE='${SHELL} /d/gnu/gdb-13.1/missing automake-1.15'
AWK='gawk'
BUILD_INFO_FALSE='#'
BUILD_INFO_TRUE=''
CC='gcc'
CCDEPMODE='depmode=gcc3'
CFLAGS='-O2 -gdwarf-4 -g3    '
COMPAT_DEJAGNU='no'
CPP='gcc -E'
CPPFLAGS=''
CYGPATH_W='echo'
DEFS='-DHAVE_CONFIG_H'
DEPDIR='.deps'
DSYMUTIL='dsymutil'
DUMPBIN=''
ECHO_C=''
ECHO_N='-n'
ECHO_T=''
EGREP='/bin/grep -E'
EXEEXT='.exe'
FGREP='/bin/grep -F'
GREP='/bin/grep'
HAVE_COMPAT_DEJAGNU_FALSE=''
HAVE_COMPAT_DEJAGNU_TRUE='#'
INSTALL_DATA='/bin/install -c -m 644'
INSTALL_LIBBFD_FALSE='#'
INSTALL_LIBBFD_TRUE=''
INSTALL_PROGRAM='/bin/install -c'
INSTALL_SCRIPT='/bin/install -c'
INSTALL_STRIP_PROGRAM='$(install_sh) -c -s'
LD='d:/usr/bin/../lib/gcc/mingw32/9.2.0/../../../../mingw32/bin/ld.exe'
LDFLAGS=' -Wl,--stack,12582912'
LIBOBJS=''
LIBS=''
LIBTOOL='$(SHELL) $(top_builddir)/libtool'
LIPO=''
LN_S='cp -pR'
LTLIBOBJS=''
MAINT='#'
MAINTAINER_MODE_FALSE=''
MAINTAINER_MODE_TRUE='#'
MAKEINFO='makeinfo --split-size=5000000'
MKDIR_P='/bin/mkdir -p'
NM='/d/usr/bin/nm'
NMEDIT=''
OBJDUMP='objdump'
OBJEXT='o'
OTOOL64=''
OTOOL='otool'
PACKAGE='libsframe'
PACKAGE_BUGREPORT=''
PACKAGE_NAME='libsframe'
PACKAGE_STRING='libsframe BFD_VERSION'
PACKAGE_TARNAME='libsframe'
PACKAGE_URL=''
PACKAGE_VERSION='BFD_VERSION'
PATH_SEPARATOR=':'
RANLIB='ranlib --plugin d:/usr/bin/../libexec/gcc/mingw32/9.2.0/liblto_plugin-0.dll --plugin d:/usr/bin/../libexec/gcc/mingw32/9.2.0/liblto_plugin-0.dll'
SED='/bin/sed'
SET_MAKE=''
SHELL='/bin/sh'
STRIP='strip'
VERSION='BFD_VERSION'
ac_ct_AR=''
ac_ct_CC=''
ac_ct_DUMPBIN=''
ac_libsframe_warn_cflags='-Wall -Wextra -Wwrite-strings -Wmissing-format-attribute -Wstrict-prototypes -Wmissing-prototypes'
am__EXEEXT_FALSE='#'
am__EXEEXT_TRUE=''
am__fastdepCC_FALSE='#'
am__fastdepCC_TRUE=''
am__include='include'
am__isrc=''
am__leading_dot='.'
am__nodep='_no'
am__quote=''
am__tar='$${TAR-tar} chof - "$$tardir"'
am__untar='$${TAR-tar} xf -'
bfdincludedir='$(includedir)'
bfdlibdir='$(libdir)'
bindir='${exec_prefix}/bin'
build='i686-pc-mingw32'
build_alias='i686-pc-mingw32'
build_cpu='i686'
build_os='mingw32'
build_vendor='pc'
datadir='${datarootdir}'
datarootdir='${prefix}/share'
docdir='${datarootdir}/doc/${PACKAGE_TARNAME}'
dvidir='${docdir}'
exec_prefix='${prefix}'
host='i686-pc-mingw32'
host_alias='i686-pc-mingw32'
host_cpu='i686'
host_noncanonical='i686-pc-mingw32'
host_os='mingw32'
host_vendor='pc'
htmldir='${docdir}'
includedir='${prefix}/include'
infodir='${datarootdir}/info'
install_sh='${SHELL} /d/gnu/gdb-13.1/install-sh'
libdir='${exec_prefix}/lib'
libexecdir='${exec_prefix}/libexec'
localedir='${datarootdir}/locale'
localstatedir='${prefix}/var'
mandir='${datarootdir}/man'
mkdir_p='$(MKDIR_P)'
oldincludedir='/usr/include'
pdfdir='${docdir}'
prefix='d:/usr'
program_transform_name='s,y,y,'
psdir='${docdir}'
sbindir='${exec_prefix}/sbin'
sharedstatedir='${prefix}/com'
sysconfdir='${prefix}/etc'
target_alias='i686-pc-mingw32'
target_noncanonical='i686-pc-mingw32'

## ----------- ##
## confdefs.h. ##
## ----------- ##

/* confdefs.h */
#define PACKAGE_NAME "libsframe"
#define PACKAGE_TARNAME "libsframe"
#define PACKAGE_VERSION "BFD_VERSION"
#define PACKAGE_STRING "libsframe BFD_VERSION"
#define PACKAGE_BUGREPORT ""
#define PACKAGE_URL ""
#define STDC_HEADERS 1
#define HAVE_SYS_TYPES_H 1
#define HAVE_SYS_STAT_H 1
#define HAVE_STDLIB_H 1
#define HAVE_STRING_H 1
#define HAVE_MEMORY_H 1
#define HAVE_STRINGS_H 1
#define HAVE_INTTYPES_H 1
#define HAVE_STDINT_H 1
#define HAVE_UNISTD_H 1
#define __EXTENSIONS__ 1
#define _ALL_SOURCE 1
#define _GNU_SOURCE 1
#define _POSIX_PTHREAD_SEMANTICS 1
#define _TANDEM_SOURCE 1
#define PACKAGE "libsframe"
#define VERSION "BFD_VERSION"
#define HAVE_DLFCN_H 1
#define LT_OBJDIR ".libs/"
#define HAVE_STDLIB_H 1
#define HAVE_UNISTD_H 1
#define HAVE_SYS_PARAM_H 1
#define HAVE_GETPAGESIZE 1
#define HAVE_DECL_BSWAP_16 0
#define HAVE_DECL_BSWAP_32 0
#define HAVE_DECL_BSWAP_64 0

configure: exit 0
